[0m2022-06-18 21:41:21 V/Net 2184442329: No server list cached.[0m
[92m2022-06-18 21:41:24 I/Net 2184442329: ECDH key is invalid, start to fetch ecdh public key from server.[0m
[92m2022-06-18 21:41:25 I/Net 2184442329: Successfully fetched ecdh public key from server.[0m
[0m2022-06-18 21:41:26 V/Net 2184442329: Send: wtlogin.login[0m
[0m2022-06-18 21:41:26 V/Net 2184442329: Recv: wtlogin.login[0m
[0m2022-06-18 21:42:28 V/Net 2184442329: Send: wtlogin.login[0m
[0m2022-06-18 21:42:28 V/Net 2184442329: Recv: wtlogin.login[0m
[0m2022-06-18 21:42:30 V/Net 2184442329: Send: wtlogin.login[0m
[0m2022-06-18 21:42:30 V/Net 2184442329: Recv: wtlogin.login[0m
[0m2022-06-18 21:42:33 V/Net 2184442329: Send: wtlogin.login[0m
[0m2022-06-18 21:42:33 V/Net 2184442329: Recv: wtlogin.login[0m
[0m2022-06-18 21:42:34 V/Net 2184442329: Send: wtlogin.login[0m
[0m2022-06-18 21:42:42 V/Net 2184442329: No server list cached.[0m
[92m2022-06-18 21:42:43 I/Net 2184442329: ECDH key is invalid, start to fetch ecdh public key from server.[0m
[92m2022-06-18 21:42:44 I/Net 2184442329: Successfully fetched ecdh public key from server.[0m
[0m2022-06-18 21:42:44 V/Net 2184442329: Send: wtlogin.login[0m
[0m2022-06-18 21:42:44 V/Net 2184442329: Recv: wtlogin.login[0m
[0m2022-06-18 21:43:05 V/Net 2184442329: Send: wtlogin.login[0m
[0m2022-06-18 21:43:05 V/Net 2184442329: Recv: wtlogin.login[0m
[0m2022-06-18 21:43:08 V/Net 2184442329: Send: wtlogin.login[0m
[0m2022-06-18 21:43:16 V/Net 2184442329: No server list cached.[0m
[92m2022-06-18 21:43:18 I/Net 2184442329: ECDH key is invalid, start to fetch ecdh public key from server.[0m
[92m2022-06-18 21:43:18 I/Net 2184442329: Successfully fetched ecdh public key from server.[0m
[0m2022-06-18 21:43:18 V/Net 2184442329: Send: wtlogin.login[0m
[0m2022-06-18 21:43:21 V/Net 2184442329: Recv: wtlogin.login[0m
[0m2022-06-18 21:43:31 V/Net 2184442329: Send: wtlogin.login[0m
[0m2022-06-18 21:43:34 V/Net 2184442329: Recv: wtlogin.login[0m
[91m2022-06-18 21:43:34 W/Net 2184442329: net.mamoe.mirai.network.WrongPasswordException: Error(bot=Bot(2184442329), code=237, title=å®‰å…¨æé†’, message=å½“å‰ç™»å½•å­˜åœ¨å®‰å…¨é£é™©ï¼Œè¯·ä½¿ç”¨å¸¸ç”¨è®¾å¤‡æˆ–é€šè¿‡æ‰‹æœºå·ç™»å½•ã€‚, errorInfo=)
net.mamoe.mirai.network.WrongPasswordException: Error(bot=Bot(2184442329), code=237, title=å®‰å…¨æé†’, message=å½“å‰ç™»å½•å­˜åœ¨å®‰å…¨é£é™©ï¼Œè¯·ä½¿ç”¨å¸¸ç”¨è®¾å¤‡æˆ–é€šè¿‡æ‰‹æœºå·ç™»å½•ã€‚, errorInfo=)
	at net.mamoe.mirai.internal.network.components.SsoProcessorImpl$SlowLoginImpl.doLogin(SsoProcessor.kt:284)
	at net.mamoe.mirai.internal.network.components.SsoProcessorImpl$SlowLoginImpl$doLogin$1.invokeSuspend(SsoProcessor.kt)
	at kotlin.coroutines.jvm.internal.BaseContinuationImpl.resumeWith(ContinuationImpl.kt:33)
	at kotlinx.coroutines.internal.ScopeCoroutine.afterResume(Scopes.kt:33)
	at kotlinx.coroutines.AbstractCoroutine.resumeWith(AbstractCoroutine.kt:102)
	at kotlin.coroutines.jvm.internal.BaseContinuationImpl.resumeWith(ContinuationImpl.kt:46)
	at kotlinx.coroutines.DispatchedTask.run(DispatchedTask.kt:106)
	at kotlinx.coroutines.scheduling.CoroutineScheduler.runSafely(CoroutineScheduler.kt:570)
	at kotlinx.coroutines.scheduling.CoroutineScheduler$Worker.executeTask(CoroutineScheduler.kt:749)
	at kotlinx.coroutines.scheduling.CoroutineScheduler$Worker.runWorker(CoroutineScheduler.kt:677)
	at kotlinx.coroutines.scheduling.CoroutineScheduler$Worker.run(CoroutineScheduler.kt:664)
[0m
[0m2022-06-18 21:47:18 V/Net 2184442329: No server list cached.[0m
[92m2022-06-18 21:47:19 I/Net 2184442329: ECDH key is invalid, start to fetch ecdh public key from server.[0m
[92m2022-06-18 21:47:20 I/Net 2184442329: Successfully fetched ecdh public key from server.[0m
[0m2022-06-18 21:47:20 V/Net 2184442329: Send: wtlogin.login[0m
[0m2022-06-18 21:47:20 V/Net 2184442329: Recv: wtlogin.login[0m
[0m2022-06-18 21:47:25 V/Net 2184442329: Send: wtlogin.login[0m
[0m2022-06-18 21:47:25 V/Net 2184442329: Recv: wtlogin.login[0m
[0m2022-06-18 21:47:39 V/Net 2184442329: Send: wtlogin.login[0m
[0m2022-06-18 21:47:39 V/Net 2184442329: Recv: wtlogin.login[0m
[0m2022-06-18 21:47:51 V/Net 2184442329: Send: wtlogin.login[0m
[0m2022-06-18 21:47:51 V/Net 2184442329: Recv: wtlogin.login[0m
[0m2022-06-18 21:47:52 V/Net 2184442329: Send: wtlogin.login[0m
[0m2022-06-18 21:47:53 V/Net 2184442329: Recv: wtlogin.login[0m
[0m2022-06-18 21:47:54 V/Net 2184442329: Send: wtlogin.login[0m
[0m2022-06-18 21:48:02 V/Net 2184442329: No server list cached.[0m
[92m2022-06-18 21:48:04 I/Net 2184442329: ECDH key is invalid, start to fetch ecdh public key from server.[0m
[92m2022-06-18 21:48:04 I/Net 2184442329: Successfully fetched ecdh public key from server.[0m
[0m2022-06-18 21:48:04 V/Net 2184442329: Send: wtlogin.login[0m
[0m2022-06-18 21:48:05 V/Net 2184442329: Recv: wtlogin.login[0m
[0m2022-06-18 21:48:32 V/Net 2184442329: Send: wtlogin.login[0m
[0m2022-06-18 21:48:33 V/Net 2184442329: Recv: wtlogin.login[0m
[0m2022-06-18 21:48:35 V/Net 2184442329: Send: wtlogin.login[0m
[0m2022-06-18 21:48:42 V/Net 2184442329: No server list cached.[0m
[92m2022-06-18 21:48:44 I/Net 2184442329: ECDH key is invalid, start to fetch ecdh public key from server.[0m
[92m2022-06-18 21:48:44 I/Net 2184442329: Successfully fetched ecdh public key from server.[0m
[0m2022-06-18 21:48:44 V/Net 2184442329: Send: wtlogin.login[0m
[0m2022-06-18 21:48:45 V/Net 2184442329: Recv: wtlogin.login[0m
[0m2022-06-18 21:48:52 V/Net 2184442329: Send: wtlogin.login[0m
[0m2022-06-18 21:48:52 V/Net 2184442329: Recv: wtlogin.login[0m
[0m2022-06-18 21:49:24 V/Net 2184442329: Send: wtlogin.login[0m
[0m2022-06-18 21:49:24 V/Net 2184442329: Recv: wtlogin.login[0m
[0m2022-06-18 21:49:26 V/Net 2184442329: Send: wtlogin.login[0m
[0m2022-06-18 21:49:34 V/Net 2184442329: No server list cached.[0m
[92m2022-06-18 21:49:35 I/Net 2184442329: ECDH key is invalid, start to fetch ecdh public key from server.[0m
[92m2022-06-18 21:49:36 I/Net 2184442329: Successfully fetched ecdh public key from server.[0m
[0m2022-06-18 21:49:36 V/Net 2184442329: Send: wtlogin.login[0m
[0m2022-06-18 21:49:36 V/Net 2184442329: Recv: wtlogin.login[0m
[0m2022-06-18 21:51:03 V/Net 2184442329: Send: wtlogin.login[0m
[0m2022-06-18 21:51:13 V/Net 2184442329: No server list cached.[0m
[92m2022-06-18 21:51:15 I/Net 2184442329: ECDH key is invalid, start to fetch ecdh public key from server.[0m
[92m2022-06-18 21:51:15 I/Net 2184442329: Successfully fetched ecdh public key from server.[0m
[0m2022-06-18 21:51:15 V/Net 2184442329: Send: wtlogin.login[0m
[0m2022-06-18 21:51:16 V/Net 2184442329: Recv: wtlogin.login[0m
[0m2022-06-18 21:51:30 V/Net 2184442329: Send: wtlogin.login[0m
[0m2022-06-18 21:51:36 V/Net 2184442329: No server list cached.[0m
[92m2022-06-18 21:51:37 I/Net 2184442329: ECDH key is invalid, start to fetch ecdh public key from server.[0m
[92m2022-06-18 21:51:38 I/Net 2184442329: Successfully fetched ecdh public key from server.[0m
[0m2022-06-18 21:51:38 V/Net 2184442329: Send: wtlogin.login[0m
[0m2022-06-18 21:51:43 V/Net 2184442329: Send: wtlogin.login[0m
