[0m2022-06-19 15:41:48 V/Net 2184442329: No server list cached.[0m
[92m2022-06-19 15:41:49 I/Net 2184442329: ECDH key is invalid, start to fetch ecdh public key from server.[0m
[92m2022-06-19 15:41:49 I/Net 2184442329: Successfully fetched ecdh public key from server.[0m
[0m2022-06-19 15:41:49 V/Net 2184442329: Send: wtlogin.login[0m
[0m2022-06-19 15:41:49 V/Net 2184442329: Recv: wtlogin.login[0m
[0m2022-06-19 15:42:13 V/Net 2184442329: Send: wtlogin.login[0m
[0m2022-06-19 15:42:13 V/Net 2184442329: Recv: wtlogin.login[0m
[0m2022-06-19 15:42:54 V/Net 2184442329: Send: wtlogin.login[0m
[0m2022-06-19 15:42:55 V/Net 2184442329: Recv: wtlogin.login[0m
[0m2022-06-19 15:42:55 V/Net 2184442329: Send: StatSvc.register(online)[0m
[92m2022-06-19 15:42:55 I/Net 2184442329: Server time updated, serverTime: 1655624575, diff: 0ms=0.0s[0m
[0m2022-06-19 15:42:55 V/Net 2184442329: Recv: StatSvc.register[0m
[0m2022-06-19 15:42:55 V/Net 2184442329: No BdhSession cache[0m
[92m2022-06-19 15:42:55 I/Net 2184442329: Syncing friend message history...[0m
[92m2022-06-19 15:42:55 I/Net 2184442329: Start loading friend list...[0m
[92m2022-06-19 15:42:55 I/Net 2184442329: Start loading stranger list...[0m
[0m2022-06-19 15:42:55 V/Net 2184442329: Send: StatSvc.GetDevLoginInfo(StatSvc.GetDevLoginInfo)[0m
[0m2022-06-19 15:42:55 V/Net 2184442329: Send: OidbSvc.0x496(OidbSvc.0x496)[0m
[0m2022-06-19 15:42:55 V/Net 2184442329: Send: OidbSvc.0x5d2_0(OidbSvc.0x5d2_0)[0m
[0m2022-06-19 15:42:55 V/Net 2184442329: Send: friendlist.getFriendGroupList(friendlist.getFriendGroupList)[0m
[0m2022-06-19 15:42:55 V/Net 2184442329: Recv: StatSvc.GetDevLoginInfo[0m
[92m2022-06-19 15:42:55 I/Net 2184442329: No OtherClient online.[0m
[92m2022-06-19 15:42:55 I/Net 2184442329: Successfully loaded stranger list: 0 in total[0m
[0m2022-06-19 15:42:55 V/Net 2184442329: Recv: OidbSvc.0x5d2_0[0m
[92m2022-06-19 15:42:55 I/Net 2184442329: Start loading group list...[0m
[0m2022-06-19 15:42:55 V/Net 2184442329: Recv: OidbSvc.0x496[0m
[0m2022-06-19 15:42:55 V/Net 2184442329: Send: friendlist.GetTroopListReqV2(friendlist.GetTroopListReqV2)[0m
[92m2022-06-19 15:42:55 I/Net 2184442329: Syncing friend message history: Success.[0m
[0m2022-06-19 15:42:55 V/Net 2184442329: Recv: friendlist.getFriendGroupList[0m
[0m2022-06-19 15:42:55 V/Net 2184442329: Loading friend list: 5/5[0m
[92m2022-06-19 15:42:55 I/Net 2184442329: Successfully loaded friend list: 5 in total[0m
[92m2022-06-19 15:42:55 I/Net 2184442329: Saved 5 friends to local cache.[0m
[0m2022-06-19 15:42:55 V/Net 2184442329: Recv: friendlist.GetTroopListReqV2[0m
[0m2022-06-19 15:42:55 V/Net 2184442329: Send: friendlist.GetTroopMemberListReq(friendlist.GetTroopMemberListReq)[0m
[0m2022-06-19 15:42:55 V/Net 2184442329: Send: friendlist.GetTroopMemberListReq(friendlist.GetTroopMemberListReq)[0m
[0m2022-06-19 15:42:55 V/Net 2184442329: Send: friendlist.GetTroopMemberListReq(friendlist.GetTroopMemberListReq)[0m
[0m2022-06-19 15:42:55 V/Net 2184442329: Recv: friendlist.GetTroopMemberListReq[0m
[0m2022-06-19 15:42:55 V/Net 2184442329: Recv: friendlist.GetTroopMemberListReq[0m
[0m2022-06-19 15:42:55 V/Net 2184442329: Recv: friendlist.GetTroopMemberListReq[0m
[92m2022-06-19 15:42:55 I/Net 2184442329: Successfully loaded group list: 3 in total.[0m
[92m2022-06-19 15:42:55 I/Net 2184442329: Saved 3 groups to local cache.[0m
[92m2022-06-19 15:42:55 I/Net 2184442329: Scheduled key refresh in 23h 55min 0.0s.[0m
[92m2022-06-19 15:42:55 I/Net 2184442329: Scheduled refresh login session in 19d 23h 55min 0.0s.[0m
[92m2022-06-19 15:42:58 I/Net 2184442329: Server list: 36.155.224.104:14000, msfwifi.3g.qq.com:8080, 36.155.213.212:80, 36.155.227.171:14000, 120.232.69.203:8080, 111.31.205.184:80, 111.31.205.231:443, 111.31.205.248:80, 111.30.169.66:80, 120.232.130.74:443.[0m
[0m2022-06-19 15:42:58 V/Net 2184442329: No BdhSession to save to cache[0m
[0m2022-06-19 15:42:58 V/Net 2184442329: Saving server list to cache[0m
[0m2022-06-19 15:42:58 V/Net 2184442329: Send: ConfigPushSvc.PushResp(ConfigPushSvc.PushResp)[0m
[0m2022-06-19 15:42:58 V/Net 2184442329: Recv: ConfigPushSvc.PushReq[0m
[0m2022-06-19 15:42:58 V/Net 2184442329: Saving bdh session to cache[0m
[0m2022-06-19 15:42:58 V/Net 2184442329: Send: ConfigPushSvc.PushResp(ConfigPushSvc.PushResp)[0m
[0m2022-06-19 15:42:58 V/Net 2184442329: Recv: ConfigPushSvc.PushReq[0m
[0m2022-06-19 15:43:03 V/Net 2184442329: Send: MessageSvc.PbSendMsg(MessageSvc.PbSendMsg)[0m
[0m2022-06-19 15:43:03 V/Net 2184442329: Recv: MessageSvc.PbSendMsg[0m
[0m2022-06-19 15:43:03 V/Net 2184442329: Send: MessageSvc.PbSendMsg(MessageSvc.PbSendMsg)[0m
[0m2022-06-19 15:43:03 V/Net 2184442329: Recv: MessageSvc.PbSendMsg[0m
[0m2022-06-19 15:43:18 V/Net 2184442329: Send: ImgStore.GroupPicUp(ImgStore.GroupPicUp)[0m
[0m2022-06-19 15:43:18 V/Net 2184442329: Recv: ImgStore.GroupPicUp[0m
[0m2022-06-19 15:43:18 V/Net 2184442329: Send: MessageSvc.PbSendMsg(MessageSvc.PbSendMsg)[0m
[0m2022-06-19 15:43:19 V/Net 2184442329: Recv: MessageSvc.PbSendMsg[0m
[0m2022-06-19 15:43:20 V/Net 2184442329: Send: MessageSvc.PbSendMsg(MessageSvc.PbSendMsg)[0m
[0m2022-06-19 15:43:20 V/Net 2184442329: Recv: MessageSvc.PbSendMsg[0m
[0m2022-06-19 15:43:20 V/Net 2184442329: Send: MessageSvc.PbSendMsg(MessageSvc.PbSendMsg)[0m
[0m2022-06-19 15:43:21 V/Net 2184442329: Recv: MessageSvc.PbSendMsg[0m
[0m2022-06-19 15:43:28 V/Net 2184442329: Send: ImgStore.GroupPicUp(ImgStore.GroupPicUp)[0m
[0m2022-06-19 15:43:28 V/Net 2184442329: Recv: ImgStore.GroupPicUp[0m
[0m2022-06-19 15:43:28 V/Net 2184442329: Send: MessageSvc.PbSendMsg(MessageSvc.PbSendMsg)[0m
[0m2022-06-19 15:43:29 V/Net 2184442329: Recv: MessageSvc.PbSendMsg[0m
[0m2022-06-19 15:43:38 V/Net 2184442329: Send: MessageSvc.PbSendMsg(MessageSvc.PbSendMsg)[0m
[0m2022-06-19 15:43:38 V/Net 2184442329: Recv: MessageSvc.PbSendMsg[0m
[0m2022-06-19 15:43:46 V/Net 2184442329: Send: MessageSvc.PbSendMsg(MessageSvc.PbSendMsg)[0m
[0m2022-06-19 15:43:46 V/Net 2184442329: Recv: MessageSvc.PbSendMsg[0m
[0m2022-06-19 15:43:58 V/Net 2184442329: Send: MessageSvc.PbSendMsg(MessageSvc.PbSendMsg)[0m
[0m2022-06-19 15:43:58 V/Net 2184442329: Send: MessageSvc.PbSendMsg(MessageSvc.PbSendMsg)[0m
[0m2022-06-19 15:43:58 V/Net 2184442329: Send: MessageSvc.PbSendMsg(MessageSvc.PbSendMsg)[0m
[0m2022-06-19 15:43:58 V/Net 2184442329: Recv: MessageSvc.PbSendMsg[0m
[0m2022-06-19 15:43:58 V/Net 2184442329: Recv: MessageSvc.PbSendMsg[0m
[0m2022-06-19 15:43:58 V/Net 2184442329: Recv: MessageSvc.PbSendMsg[0m
[96m2022-06-19 15:43:58 D/Net 2184442329: Unknown Transformers528 0x14 template
templId=10066
PermList=[net.mamoe.mirai.internal.network.protocol.data.proto.TroopTips0x857$TemplParam@24b10f17, net.mamoe.mirai.internal.network.protocol.data.proto.TroopTips0x857$TemplParam@644458c7, net.mamoe.mirai.internal.network.protocol.data.proto.TroopTips0x857$TemplParam@15550316, net.mamoe.mirai.internal.network.protocol.data.proto.TroopTips0x857$TemplParam@ca2a10b][0m
[0m2022-06-19 15:44:02 V/Net 2184442329: Send: ImgStore.GroupPicUp(ImgStore.GroupPicUp)[0m
[0m2022-06-19 15:44:02 V/Net 2184442329: Recv: ImgStore.GroupPicUp[0m
[0m2022-06-19 15:44:02 V/Net 2184442329: Send: MessageSvc.PbSendMsg(MessageSvc.PbSendMsg)[0m
[0m2022-06-19 15:44:02 V/Net 2184442329: Recv: MessageSvc.PbSendMsg[0m
[0m2022-06-19 15:44:05 V/Net 2184442329: Send: MessageSvc.PbSendMsg(MessageSvc.PbSendMsg)[0m
[0m2022-06-19 15:44:05 V/Net 2184442329: Recv: MessageSvc.PbSendMsg[0m
[0m2022-06-19 15:44:17 V/Net 2184442329: Send: ImgStore.GroupPicUp(ImgStore.GroupPicUp)[0m
[0m2022-06-19 15:44:17 V/Net 2184442329: Recv: ImgStore.GroupPicUp[0m
[0m2022-06-19 15:44:17 V/Net 2184442329: Send: MessageSvc.PbSendMsg(MessageSvc.PbSendMsg)[0m
[0m2022-06-19 15:44:18 V/Net 2184442329: Recv: MessageSvc.PbSendMsg[0m
[0m2022-06-19 15:44:43 V/Net 2184442329: Send: ImgStore.GroupPicUp(ImgStore.GroupPicUp)[0m
[0m2022-06-19 15:44:43 V/Net 2184442329: Recv: ImgStore.GroupPicUp[0m
[0m2022-06-19 15:44:43 V/Net 2184442329: Send: MessageSvc.PbSendMsg(MessageSvc.PbSendMsg)[0m
[0m2022-06-19 15:44:43 V/Net 2184442329: Recv: MessageSvc.PbSendMsg[0m
[0m2022-06-19 15:47:25 V/Net 2184442329: Send: StatSvc.register(online)[0m
[92m2022-06-19 15:47:25 I/Net 2184442329: Server time updated, serverTime: 1655624845, diff: 0ms=0.0s[0m
[0m2022-06-19 15:47:25 V/Net 2184442329: Recv: StatSvc.register[0m
[0m2022-06-19 15:48:26 V/Net 2184442329: Send: ProfileService.Pb.ReqSystemMsgNew.Friend(ProfileService.Pb.ReqSystemMsgNew.Friend)[0m
[0m2022-06-19 15:48:26 V/Net 2184442329: Send: ProfileService.Pb.ReqSystemMsgAction.Friend(ProfileService.Pb.ReqSystemMsgAction.Friend)[0m
[0m2022-06-19 15:48:26 V/Net 2184442329: Send: MessageSvc.PbSendMsg(MessageSvc.PbSendMsg)[0m
[0m2022-06-19 15:48:26 V/Net 2184442329: Recv: ProfileService.Pb.ReqSystemMsgNew.Friend[0m
[0m2022-06-19 15:48:27 V/Net 2184442329: Recv: MessageSvc.PbSendMsg[0m
[0m2022-06-19 15:48:27 V/Net 2184442329: Send: LongConn.OffPicUp(LongConn.OffPicUp)[0m
[0m2022-06-19 15:48:28 V/Net 2184442329: Recv: LongConn.OffPicUp[0m
[0m2022-06-19 15:48:28 V/Net 2184442329: [Highway] Uploading private image to 120.232.31.152:8080, size=171.42 KiB[0m
[0m2022-06-19 15:48:29 V/Net 2184442329: [Highway] Uploading private image: succeed at 154 KiB/s[0m
[0m2022-06-19 15:48:29 V/Net 2184442329: Send: MessageSvc.PbSendMsg(MessageSvc.PbSendMsg)[0m
[0m2022-06-19 15:48:29 V/Net 2184442329: Recv: MessageSvc.PbSendMsg[0m
[0m2022-06-19 15:48:29 V/Net 2184442329: Send: LongConn.OffPicUp(LongConn.OffPicUp)[0m
[0m2022-06-19 15:48:30 V/Net 2184442329: Recv: LongConn.OffPicUp[0m
[0m2022-06-19 15:48:30 V/Net 2184442329: [Highway] Uploading private image to 36.155.227.163:443, size=164.48 KiB[0m
[0m2022-06-19 15:48:31 V/Net 2184442329: [Highway] Uploading private image: succeed at 156 KiB/s[0m
[0m2022-06-19 15:48:31 V/Net 2184442329: Send: MessageSvc.PbSendMsg(MessageSvc.PbSendMsg)[0m
[0m2022-06-19 15:48:31 V/Net 2184442329: Recv: MessageSvc.PbSendMsg[0m
[92m2022-06-19 15:49:31 I/Net 2184442329: Saved 5 friends to local cache.[0m
[0m2022-06-19 15:51:55 V/Net 2184442329: Send: StatSvc.register(online)[0m
[92m2022-06-19 15:51:55 I/Net 2184442329: Server time updated, serverTime: 1655625115, diff: 0ms=0.0s[0m
[0m2022-06-19 15:51:55 V/Net 2184442329: Recv: StatSvc.register[0m
[0m2022-06-19 15:56:25 V/Net 2184442329: Send: StatSvc.register(online)[0m
[92m2022-06-19 15:56:25 I/Net 2184442329: Server time updated, serverTime: 1655625386, diff: 1ms=0.001s[0m
[0m2022-06-19 15:56:25 V/Net 2184442329: Recv: StatSvc.register[0m
[0m2022-06-19 15:56:55 V/Net 2184442329: Send: MessageSvc.PbSendMsg(MessageSvc.PbSendMsg)[0m
[0m2022-06-19 15:56:55 V/Net 2184442329: Recv: MessageSvc.PbSendMsg[0m
[96m2022-06-19 15:58:06 D/Net 2184442329: Unknown MsgInfo kind 736, data=0C 19 00 01 0A 01 6B 74 0B[0m
[91m2022-06-19 15:58:07 W/Net 2184442329: net.mamoe.mirai.internal.network.impl.netty.ForceOfflineException: 你的QQ号于15:58通过密码在【iPhone13,3】设备登录，当前设备已下线。如果这不是你本人操作，那么你的QQ密码可能已经泄露，请尽快重新登录并修改密码。
net.mamoe.mirai.internal.network.impl.netty.ForceOfflineException: 你的QQ号于15:58通过密码在【iPhone13,3】设备登录，当前设备已下线。如果这不是你本人操作，那么你的QQ密码可能已经泄露，请尽快重新登录并修改密码。
	at net.mamoe.mirai.internal.network.protocol.packet.chat.receive.MessageSvcPushForceOffline.handle(MessageSvc.PushForceOffline.kt:35)
	at net.mamoe.mirai.internal.network.protocol.packet.chat.receive.MessageSvcPushForceOffline.handle(MessageSvc.PushForceOffline.kt:25)
	at net.mamoe.mirai.internal.network.components.CallPacketFactoryPacketHandler.handlePacket(PacketHandler.kt:110)
	at net.mamoe.mirai.internal.network.components.PacketHandlerChain.handlePacket(PacketHandler.kt:42)
	at net.mamoe.mirai.internal.network.handler.NetworkHandlerSupport$collectReceived$3.invokeSuspend(NetworkHandlerSupport.kt:85)
	at net.mamoe.mirai.internal.network.handler.NetworkHandlerSupport$collectReceived$3.invoke(NetworkHandlerSupport.kt)
	at net.mamoe.mirai.internal.network.handler.NetworkHandlerSupport$collectReceived$3.invoke(NetworkHandlerSupport.kt)
	at kotlinx.coroutines.intrinsics.UndispatchedKt.startCoroutineUndispatched(Undispatched.kt:55)
	at kotlinx.coroutines.CoroutineStart.invoke(CoroutineStart.kt:112)
	at kotlinx.coroutines.AbstractCoroutine.start(AbstractCoroutine.kt:126)
	at kotlinx.coroutines.BuildersKt__Builders_commonKt.launch(Builders.common.kt:56)
	at kotlinx.coroutines.BuildersKt.launch(Unknown Source)
	at kotlinx.coroutines.BuildersKt__Builders_commonKt.launch$default(Builders.common.kt:47)
	at kotlinx.coroutines.BuildersKt.launch$default(Unknown Source)
	at net.mamoe.mirai.internal.network.handler.NetworkHandlerSupport.collectReceived$mirai_core(NetworkHandlerSupport.kt:83)
	at net.mamoe.mirai.internal.network.impl.netty.NettyNetworkHandler$PacketDecodePipeline$send$1.invokeSuspend(NettyNetworkHandler.kt:193)
	at kotlin.coroutines.jvm.internal.BaseContinuationImpl.resumeWith(ContinuationImpl.kt:33)
	at kotlinx.coroutines.DispatchedTask.run(DispatchedTask.kt:106)
	at io.netty.util.concurrent.AbstractEventExecutor.safeExecute(AbstractEventExecutor.java:164)
	at io.netty.util.concurrent.SingleThreadEventExecutor.runAllTasks(SingleThreadEventExecutor.java:472)
	at io.netty.channel.nio.NioEventLoop.run(NioEventLoop.java:500)
	at io.netty.util.concurrent.SingleThreadEventExecutor$4.run(SingleThreadEventExecutor.java:989)
	at io.netty.util.internal.ThreadExecutorMap$2.run(ThreadExecutorMap.java:74)
	at io.netty.util.concurrent.FastThreadLocalRunnable.run(FastThreadLocalRunnable.java:30)
	at java.base/java.lang.Thread.run(Thread.java:832)
[0m
[0m2022-06-19 15:58:07 V/Net 2184442329: Recv: MessageSvc.PushForceOffline[0m
[0m2022-06-19 15:58:07 V/Net 2184442329: Loading server list from cache.[0m
[92m2022-06-19 15:58:07 I/Net 2184442329: Server list: 36.155.224.104:14000, msfwifi.3g.qq.com:8080, 36.155.213.212:80, 36.155.227.171:14000, 120.232.69.203:8080, 111.31.205.184:80, 111.31.205.231:443, 111.31.205.248:80, 111.30.169.66:80, 120.232.130.74:443.[0m
[92m2022-06-19 15:58:07 I/Net 2184442329: ECDH key is invalid, start to fetch ecdh public key from server.[0m
[92m2022-06-19 15:58:07 I/Net 2184442329: Successfully fetched ecdh public key from server.[0m
[0m2022-06-19 15:58:07 V/Net 2184442329: Send: wtlogin.login[0m
[0m2022-06-19 15:58:07 V/Net 2184442329: Recv: wtlogin.login[0m
[0m2022-06-19 15:58:07 V/Net 2184442329: Send: StatSvc.register(online)[0m
[92m2022-06-19 15:58:07 I/Net 2184442329: Server time updated, serverTime: 1655625487, diff: 0ms=0.0s[0m
[0m2022-06-19 15:58:07 V/Net 2184442329: Recv: StatSvc.register[0m
[92m2022-06-19 15:58:07 I/Net 2184442329: Scheduled key refresh in 23h 55min 0.0s.[0m
[92m2022-06-19 15:58:07 I/Net 2184442329: Scheduled refresh login session in 19d 23h 55min 0.0s.[0m
[0m2022-06-19 15:58:10 V/Net 2184442329: Saving bdh session to cache[0m
[0m2022-06-19 15:58:10 V/Net 2184442329: Send: ConfigPushSvc.PushResp(ConfigPushSvc.PushResp)[0m
[0m2022-06-19 15:58:10 V/Net 2184442329: Recv: ConfigPushSvc.PushReq[0m
[0m2022-06-19 15:58:16 V/Net 2184442329: Send: OidbSvc.0x570_8(OidbSvc.0x570_8)[0m
[0m2022-06-19 15:58:16 V/Net 2184442329: Recv: OidbSvc.0x570_8[0m
[0m2022-06-19 15:58:16 V/Net 2184442329: Send: OidbSvc.0x570_8(OidbSvc.0x570_8)[0m
[0m2022-06-19 15:58:16 V/Net 2184442329: Recv: OidbSvc.0x570_8[0m
[91m2022-06-19 15:58:34 W/Net 2184442329: net.mamoe.mirai.internal.network.impl.netty.ForceOfflineException: 你的QQ号于15:58通过密码在【iPhone13,3】设备登录，当前设备已下线。如果这不是你本人操作，那么你的QQ密码可能已经泄露，请尽快重新登录并修改密码。
net.mamoe.mirai.internal.network.impl.netty.ForceOfflineException: 你的QQ号于15:58通过密码在【iPhone13,3】设备登录，当前设备已下线。如果这不是你本人操作，那么你的QQ密码可能已经泄露，请尽快重新登录并修改密码。
	at net.mamoe.mirai.internal.network.protocol.packet.chat.receive.MessageSvcPushForceOffline.handle(MessageSvc.PushForceOffline.kt:35)
	at net.mamoe.mirai.internal.network.protocol.packet.chat.receive.MessageSvcPushForceOffline.handle(MessageSvc.PushForceOffline.kt:25)
	at net.mamoe.mirai.internal.network.components.CallPacketFactoryPacketHandler.handlePacket(PacketHandler.kt:110)
	at net.mamoe.mirai.internal.network.components.PacketHandlerChain.handlePacket(PacketHandler.kt:42)
	at net.mamoe.mirai.internal.network.handler.NetworkHandlerSupport$collectReceived$3.invokeSuspend(NetworkHandlerSupport.kt:85)
	at net.mamoe.mirai.internal.network.handler.NetworkHandlerSupport$collectReceived$3.invoke(NetworkHandlerSupport.kt)
	at net.mamoe.mirai.internal.network.handler.NetworkHandlerSupport$collectReceived$3.invoke(NetworkHandlerSupport.kt)
	at kotlinx.coroutines.intrinsics.UndispatchedKt.startCoroutineUndispatched(Undispatched.kt:55)
	at kotlinx.coroutines.CoroutineStart.invoke(CoroutineStart.kt:112)
	at kotlinx.coroutines.AbstractCoroutine.start(AbstractCoroutine.kt:126)
	at kotlinx.coroutines.BuildersKt__Builders_commonKt.launch(Builders.common.kt:56)
	at kotlinx.coroutines.BuildersKt.launch(Unknown Source)
	at kotlinx.coroutines.BuildersKt__Builders_commonKt.launch$default(Builders.common.kt:47)
	at kotlinx.coroutines.BuildersKt.launch$default(Unknown Source)
	at net.mamoe.mirai.internal.network.handler.NetworkHandlerSupport.collectReceived$mirai_core(NetworkHandlerSupport.kt:83)
	at net.mamoe.mirai.internal.network.impl.netty.NettyNetworkHandler$PacketDecodePipeline$send$1.invokeSuspend(NettyNetworkHandler.kt:193)
	at kotlin.coroutines.jvm.internal.BaseContinuationImpl.resumeWith(ContinuationImpl.kt:33)
	at kotlinx.coroutines.DispatchedTask.run(DispatchedTask.kt:106)
	at io.netty.util.concurrent.AbstractEventExecutor.safeExecute(AbstractEventExecutor.java:164)
	at io.netty.util.concurrent.SingleThreadEventExecutor.runAllTasks(SingleThreadEventExecutor.java:472)
	at io.netty.channel.nio.NioEventLoop.run(NioEventLoop.java:500)
	at io.netty.util.concurrent.SingleThreadEventExecutor$4.run(SingleThreadEventExecutor.java:989)
	at io.netty.util.internal.ThreadExecutorMap$2.run(ThreadExecutorMap.java:74)
	at io.netty.util.concurrent.FastThreadLocalRunnable.run(FastThreadLocalRunnable.java:30)
	at java.base/java.lang.Thread.run(Thread.java:832)
[0m
[0m2022-06-19 15:58:34 V/Net 2184442329: Recv: MessageSvc.PushForceOffline[0m
[0m2022-06-19 15:58:34 V/Net 2184442329: Loading server list from cache.[0m
[92m2022-06-19 15:58:34 I/Net 2184442329: Server list: 36.155.224.104:14000, msfwifi.3g.qq.com:8080, 36.155.213.212:80, 36.155.227.171:14000, 120.232.69.203:8080, 111.31.205.184:80, 111.31.205.231:443, 111.31.205.248:80, 111.30.169.66:80, 120.232.130.74:443.[0m
[92m2022-06-19 15:58:34 I/Net 2184442329: ECDH key is invalid, start to fetch ecdh public key from server.[0m
[92m2022-06-19 15:58:34 I/Net 2184442329: Successfully fetched ecdh public key from server.[0m
[0m2022-06-19 15:58:34 V/Net 2184442329: Send: wtlogin.login[0m
[0m2022-06-19 15:58:35 V/Net 2184442329: Recv: wtlogin.login[0m
[0m2022-06-19 15:58:35 V/Net 2184442329: Send: StatSvc.register(online)[0m
[92m2022-06-19 15:58:35 I/Net 2184442329: Server time updated, serverTime: 1655625515, diff: 0ms=0.0s[0m
[92m2022-06-19 15:58:35 I/Net 2184442329: Scheduled refresh login session in 19d 23h 55min 0.0s.[0m
[92m2022-06-19 15:58:35 I/Net 2184442329: Scheduled key refresh in 23h 55min 0.0s.[0m
[0m2022-06-19 15:58:35 V/Net 2184442329: Recv: StatSvc.register[0m
[0m2022-06-19 15:58:35 V/Net 2184442329: Send: OidbSvc.0x570_8(OidbSvc.0x570_8)[0m
[0m2022-06-19 15:58:35 V/Net 2184442329: Recv: OidbSvc.0x570_8[0m
[0m2022-06-19 15:58:35 V/Net 2184442329: Send: OidbSvc.0x570_8(OidbSvc.0x570_8)[0m
[0m2022-06-19 15:58:35 V/Net 2184442329: Recv: OidbSvc.0x570_8[0m
[0m2022-06-19 15:58:38 V/Net 2184442329: Saving bdh session to cache[0m
[0m2022-06-19 15:58:38 V/Net 2184442329: Send: ConfigPushSvc.PushResp(ConfigPushSvc.PushResp)[0m
[0m2022-06-19 15:58:38 V/Net 2184442329: Recv: ConfigPushSvc.PushReq[0m
[0m2022-06-19 16:00:27 V/Net 2184442329: Send: StatSvc.GetDevLoginInfo(StatSvc.GetDevLoginInfo)[0m
[0m2022-06-19 16:00:27 V/Net 2184442329: Recv: StatSvc.GetDevLoginInfo[0m
[0m2022-06-19 16:00:29 V/Net 2184442329: Send: StatSvc.GetDevLoginInfo(StatSvc.GetDevLoginInfo)[0m
[0m2022-06-19 16:00:29 V/Net 2184442329: Recv: StatSvc.GetDevLoginInfo[0m
[0m2022-06-19 16:00:29 V/Net 2184442329: Recv: MessageSvc.RequestPushStatus[0m
[0m2022-06-19 16:01:04 V/Net 2184442329: Recv: OnlinePush.PbC2CMsgSync[0m
[0m2022-06-19 16:01:07 V/Net 2184442329: Send: MessageSvc.PbSendMsg(MessageSvc.PbSendMsg)[0m
[0m2022-06-19 16:01:08 V/Net 2184442329: Recv: MessageSvc.PbSendMsg[0m
[0m2022-06-19 16:01:25 V/Net 2184442329: Recv: OnlinePush.PbC2CMsgSync[0m
[0m2022-06-19 16:01:34 V/Net 2184442329: Recv: OnlinePush.PbC2CMsgSync[0m
[0m2022-06-19 16:01:38 V/Net 2184442329: Send: MessageSvc.PbSendMsg(MessageSvc.PbSendMsg)[0m
[0m2022-06-19 16:01:38 V/Net 2184442329: Recv: MessageSvc.PbSendMsg[0m
[96m2022-06-19 16:01:57 D/Net 2184442329: Unknown MsgInfo kind 736, data=0C 19 00 01 0A 01 4E 2E 0B[0m
[96m2022-06-19 16:01:57 D/Net 2184442329: Transformers528 0x27L: ProfileChanged new data: net.mamoe.mirai.internal.network.protocol.data.proto.Submsgtype0x27$SubMsgType0x27$ModProfile@2c068a3a[0m
[0m2022-06-19 16:02:31 V/Net 2184442329: Send: ProfileService.Pb.ReqSystemMsgNew.Friend(ProfileService.Pb.ReqSystemMsgNew.Friend)[0m
[0m2022-06-19 16:02:32 V/Net 2184442329: Send: ProfileService.Pb.ReqSystemMsgAction.Friend(ProfileService.Pb.ReqSystemMsgAction.Friend)[0m
[0m2022-06-19 16:02:32 V/Net 2184442329: Send: MessageSvc.PbSendMsg(MessageSvc.PbSendMsg)[0m
[0m2022-06-19 16:02:32 V/Net 2184442329: Recv: ProfileService.Pb.ReqSystemMsgNew.Friend[0m
[0m2022-06-19 16:02:32 V/Net 2184442329: Recv: MessageSvc.PbSendMsg[0m
[0m2022-06-19 16:02:32 V/Net 2184442329: Send: LongConn.OffPicUp(LongConn.OffPicUp)[0m
[0m2022-06-19 16:02:33 V/Net 2184442329: Recv: LongConn.OffPicUp[0m
[0m2022-06-19 16:02:33 V/Net 2184442329: Send: MessageSvc.PbSendMsg(MessageSvc.PbSendMsg)[0m
[0m2022-06-19 16:02:33 V/Net 2184442329: Recv: MessageSvc.PbSendMsg[0m
[0m2022-06-19 16:02:33 V/Net 2184442329: Send: LongConn.OffPicUp(LongConn.OffPicUp)[0m
[0m2022-06-19 16:02:33 V/Net 2184442329: Recv: LongConn.OffPicUp[0m
[0m2022-06-19 16:02:33 V/Net 2184442329: Send: MessageSvc.PbSendMsg(MessageSvc.PbSendMsg)[0m
[0m2022-06-19 16:02:34 V/Net 2184442329: Recv: MessageSvc.PbSendMsg[0m
[0m2022-06-19 16:02:38 V/Net 2184442329: Send: MessageSvc.PbSendMsg(MessageSvc.PbSendMsg)[0m
[0m2022-06-19 16:02:38 V/Net 2184442329: Recv: MessageSvc.PbSendMsg[0m
[0m2022-06-19 16:02:45 V/Net 2184442329: Recv: MessageSvc.RequestPushStatus[0m
[0m2022-06-19 16:02:48 V/Net 2184442329: Send: MessageSvc.PbSendMsg(MessageSvc.PbSendMsg)[0m
[0m2022-06-19 16:02:48 V/Net 2184442329: Recv: MessageSvc.PbSendMsg[0m
[0m2022-06-19 16:02:48 V/Net 2184442329: Send: MessageSvc.PbSendMsg(MessageSvc.PbSendMsg)[0m
[0m2022-06-19 16:02:49 V/Net 2184442329: Recv: MessageSvc.PbSendMsg[0m
[0m2022-06-19 16:03:00 V/Net 2184442329: Send: MessageSvc.PbSendMsg(MessageSvc.PbSendMsg)[0m
[0m2022-06-19 16:03:00 V/Net 2184442329: Recv: MessageSvc.PbSendMsg[0m
[0m2022-06-19 16:03:00 V/Net 2184442329: Send: MessageSvc.PbSendMsg(MessageSvc.PbSendMsg)[0m
[0m2022-06-19 16:03:00 V/Net 2184442329: Recv: MessageSvc.PbSendMsg[0m
[0m2022-06-19 16:03:05 V/Net 2184442329: Send: StatSvc.register(online)[0m
[92m2022-06-19 16:03:05 I/Net 2184442329: Server time updated, serverTime: 1655625785, diff: 0ms=0.0s[0m
[0m2022-06-19 16:03:05 V/Net 2184442329: Recv: StatSvc.register[0m
[92m2022-06-19 16:03:31 I/Net 2184442329: Saved 5 friends to local cache.[0m
[0m2022-06-19 16:05:48 V/Net 2184442329: Send: OidbSvc.0x570_8(OidbSvc.0x570_8)[0m
[0m2022-06-19 16:05:48 V/Net 2184442329: Recv: OidbSvc.0x570_8[0m
[0m2022-06-19 16:05:48 V/Net 2184442329: Send: OidbSvc.0x570_8(OidbSvc.0x570_8)[0m
[0m2022-06-19 16:05:48 V/Net 2184442329: Recv: OidbSvc.0x570_8[0m
[0m2022-06-19 16:06:02 V/Net 2184442329: Send: MessageSvc.PbSendMsg(MessageSvc.PbSendMsg)[0m
[0m2022-06-19 16:06:02 V/Net 2184442329: Recv: MessageSvc.PbSendMsg[0m
[0m2022-06-19 16:06:54 V/Net 2184442329: Send: OidbSvc.0x570_8(OidbSvc.0x570_8)[0m
[0m2022-06-19 16:06:54 V/Net 2184442329: Recv: OidbSvc.0x570_8[0m
[0m2022-06-19 16:06:54 V/Net 2184442329: Send: OidbSvc.0x570_8(OidbSvc.0x570_8)[0m
[0m2022-06-19 16:06:54 V/Net 2184442329: Recv: OidbSvc.0x570_8[0m
[0m2022-06-19 16:06:56 V/Net 2184442329: Send: OidbSvc.0x570_8(OidbSvc.0x570_8)[0m
[0m2022-06-19 16:06:56 V/Net 2184442329: Recv: OidbSvc.0x570_8[0m
[0m2022-06-19 16:06:56 V/Net 2184442329: Send: MessageSvc.PbSendMsg(MessageSvc.PbSendMsg)[0m
[0m2022-06-19 16:06:56 V/Net 2184442329: Send: friendlist.ModifyGroupCardReq(friendlist.ModifyGroupCardReq)[0m
[0m2022-06-19 16:06:56 V/Net 2184442329: Recv: MessageSvc.PbSendMsg[0m
[0m2022-06-19 16:06:56 V/Net 2184442329: Recv: friendlist.ModifyGroupCardReq[0m
[0m2022-06-19 16:07:35 V/Net 2184442329: Send: StatSvc.register(online)[0m
[92m2022-06-19 16:07:35 I/Net 2184442329: Server time updated, serverTime: 1655626055, diff: 0ms=0.0s[0m
[0m2022-06-19 16:07:35 V/Net 2184442329: Recv: StatSvc.register[0m
[0m2022-06-19 16:09:43 V/Net 2184442329: Send: OidbSvc.0x8a0_0(OidbSvc.0x8a0_0)[0m
[0m2022-06-19 16:09:43 V/Net 2184442329: Recv: OidbSvc.0x8a0_0[0m
[0m2022-06-19 16:09:59 V/Net 2184442329: Send: MessageSvc.PbSendMsg(MessageSvc.PbSendMsg)[0m
[0m2022-06-19 16:09:59 V/Net 2184442329: Recv: MessageSvc.PbSendMsg[0m
[96m2022-06-19 16:09:59 D/Net 2184442329: Unknown Transformers528 0x14 template
templId=10064
PermList=[net.mamoe.mirai.internal.network.protocol.data.proto.TroopTips0x857$TemplParam@4496d41d, net.mamoe.mirai.internal.network.protocol.data.proto.TroopTips0x857$TemplParam@4a5132ff][0m
[0m2022-06-19 16:12:05 V/Net 2184442329: Send: StatSvc.register(online)[0m
[92m2022-06-19 16:12:05 I/Net 2184442329: Server time updated, serverTime: 1655626325, diff: 0ms=0.0s[0m
[0m2022-06-19 16:12:05 V/Net 2184442329: Recv: StatSvc.register[0m
[0m2022-06-19 16:15:12 V/Net 2184442329: Send: MessageSvc.PbSendMsg(MessageSvc.PbSendMsg)[0m
[0m2022-06-19 16:15:12 V/Net 2184442329: Recv: MessageSvc.PbSendMsg[0m
[0m2022-06-19 16:15:12 V/Net 2184442329: Send: MessageSvc.PbSendMsg(MessageSvc.PbSendMsg)[0m
[0m2022-06-19 16:15:12 V/Net 2184442329: Recv: MessageSvc.PbSendMsg[0m
[0m2022-06-19 16:15:33 V/Net 2184442329: Send: MessageSvc.PbSendMsg(MessageSvc.PbSendMsg)[0m
[0m2022-06-19 16:15:34 V/Net 2184442329: Recv: MessageSvc.PbSendMsg[0m
[0m2022-06-19 16:15:34 V/Net 2184442329: Send: MessageSvc.PbSendMsg(MessageSvc.PbSendMsg)[0m
[0m2022-06-19 16:15:34 V/Net 2184442329: Recv: MessageSvc.PbSendMsg[0m
[0m2022-06-19 16:16:35 V/Net 2184442329: Send: StatSvc.register(online)[0m
[92m2022-06-19 16:16:35 I/Net 2184442329: Server time updated, serverTime: 1655626595, diff: 0ms=0.0s[0m
[0m2022-06-19 16:16:35 V/Net 2184442329: Recv: StatSvc.register[0m
[0m2022-06-19 16:16:40 V/Net 2184442329: Send: MessageSvc.PbSendMsg(MessageSvc.PbSendMsg)[0m
[0m2022-06-19 16:16:40 V/Net 2184442329: Recv: MessageSvc.PbSendMsg[0m
[0m2022-06-19 16:16:45 V/Net 2184442329: Send: MessageSvc.PbSendMsg(MessageSvc.PbSendMsg)[0m
[0m2022-06-19 16:16:45 V/Net 2184442329: Recv: MessageSvc.PbSendMsg[0m
[0m2022-06-19 16:16:50 V/Net 2184442329: Send: MessageSvc.PbSendMsg(MessageSvc.PbSendMsg)[0m
[0m2022-06-19 16:16:50 V/Net 2184442329: Recv: MessageSvc.PbSendMsg[0m
[0m2022-06-19 16:16:50 V/Net 2184442329: Send: MessageSvc.PbSendMsg(MessageSvc.PbSendMsg)[0m
[0m2022-06-19 16:16:50 V/Net 2184442329: Recv: MessageSvc.PbSendMsg[0m
[0m2022-06-19 16:17:12 V/Net 2184442329: Send: MessageSvc.PbSendMsg(MessageSvc.PbSendMsg)[0m
[0m2022-06-19 16:17:12 V/Net 2184442329: Recv: MessageSvc.PbSendMsg[0m
[0m2022-06-19 16:17:12 V/Net 2184442329: Send: MessageSvc.PbSendMsg(MessageSvc.PbSendMsg)[0m
[0m2022-06-19 16:17:12 V/Net 2184442329: Recv: MessageSvc.PbSendMsg[0m
[0m2022-06-19 16:17:26 V/Net 2184442329: Send: MessageSvc.PbSendMsg(MessageSvc.PbSendMsg)[0m
[0m2022-06-19 16:17:26 V/Net 2184442329: Recv: MessageSvc.PbSendMsg[0m
[0m2022-06-19 16:17:26 V/Net 2184442329: Send: MessageSvc.PbSendMsg(MessageSvc.PbSendMsg)[0m
[0m2022-06-19 16:17:26 V/Net 2184442329: Recv: MessageSvc.PbSendMsg[0m
[0m2022-06-19 16:17:26 V/Net 2184442329: Send: MessageSvc.PbSendMsg(MessageSvc.PbSendMsg)[0m
[0m2022-06-19 16:17:26 V/Net 2184442329: Recv: MessageSvc.PbSendMsg[0m
[0m2022-06-19 16:17:40 V/Net 2184442329: Send: MessageSvc.PbSendMsg(MessageSvc.PbSendMsg)[0m
[0m2022-06-19 16:17:40 V/Net 2184442329: Recv: MessageSvc.PbSendMsg[0m
[0m2022-06-19 16:17:48 V/Net 2184442329: Send: MessageSvc.PbSendMsg(MessageSvc.PbSendMsg)[0m
[0m2022-06-19 16:17:48 V/Net 2184442329: Recv: MessageSvc.PbSendMsg[0m
[0m2022-06-19 16:17:54 V/Net 2184442329: Send: MessageSvc.PbSendMsg(MessageSvc.PbSendMsg)[0m
[0m2022-06-19 16:17:55 V/Net 2184442329: Recv: MessageSvc.PbSendMsg[0m
[0m2022-06-19 16:17:55 V/Net 2184442329: Send: MessageSvc.PbSendMsg(MessageSvc.PbSendMsg)[0m
[0m2022-06-19 16:17:55 V/Net 2184442329: Recv: MessageSvc.PbSendMsg[0m
[0m2022-06-19 16:18:03 V/Net 2184442329: Send: MessageSvc.PbSendMsg(MessageSvc.PbSendMsg)[0m
[0m2022-06-19 16:18:04 V/Net 2184442329: Recv: MessageSvc.PbSendMsg[0m
[0m2022-06-19 16:18:19 V/Net 2184442329: Send: MessageSvc.PbSendMsg(MessageSvc.PbSendMsg)[0m
[0m2022-06-19 16:18:19 V/Net 2184442329: Recv: MessageSvc.PbSendMsg[0m
[0m2022-06-19 16:18:19 V/Net 2184442329: Send: MessageSvc.PbSendMsg(MessageSvc.PbSendMsg)[0m
[0m2022-06-19 16:18:19 V/Net 2184442329: Recv: MessageSvc.PbSendMsg[0m
[0m2022-06-19 16:18:30 V/Net 2184442329: Send: MessageSvc.PbSendMsg(MessageSvc.PbSendMsg)[0m
[0m2022-06-19 16:18:30 V/Net 2184442329: Recv: MessageSvc.PbSendMsg[0m
[0m2022-06-19 16:18:36 V/Net 2184442329: Send: MessageSvc.PbSendMsg(MessageSvc.PbSendMsg)[0m
[0m2022-06-19 16:18:36 V/Net 2184442329: Recv: MessageSvc.PbSendMsg[0m
[0m2022-06-19 16:18:41 V/Net 2184442329: Send: MessageSvc.PbSendMsg(MessageSvc.PbSendMsg)[0m
[0m2022-06-19 16:18:41 V/Net 2184442329: Recv: MessageSvc.PbSendMsg[0m
[0m2022-06-19 16:21:05 V/Net 2184442329: Send: StatSvc.register(online)[0m
[92m2022-06-19 16:21:05 I/Net 2184442329: Server time updated, serverTime: 1655626865, diff: 0ms=0.0s[0m
[0m2022-06-19 16:21:05 V/Net 2184442329: Recv: StatSvc.register[0m
[0m2022-06-19 16:22:29 V/Net 2184442329: Send: StatSvc.register(offline)[0m
