[0m2022-05-10 21:03:49 V/Net 1784958674: Loading server list from cache.[0m
[92m2022-05-10 21:03:49 I/Net 1784958674: Server list: msfwifi.3g.qq.com:8080, 49.7.253.58:80, 114.222.112.79:14000, 183.47.101.174:443, 49.7.253.124:8080, 119.147.190.155:8080, 42.81.184.82:80, 183.47.101.221:443, 101.91.40.21:80.[0m
[92m2022-05-10 21:03:50 I/Net 1784958674: ECDH key is invalid, start to fetch ecdh public key from server.[0m
[92m2022-05-10 21:03:50 I/Net 1784958674: Successfully fetched ecdh public key from server.[0m
[0m2022-05-10 21:03:50 V/Net 1784958674: Send: wtlogin.exchange_emp[0m
[0m2022-05-10 21:03:51 V/Net 1784958674: Recv: wtlogin.exchange_emp[0m
[0m2022-05-10 21:03:51 V/Net 1784958674: Send: StatSvc.register(online)[0m
[0m2022-05-10 21:03:51 V/Net 1784958674: Loading BdhSession from cache file[0m
[92m2022-05-10 21:03:51 I/Net 1784958674: Syncing friend message history...[0m
[92m2022-05-10 21:03:51 I/Net 1784958674: Server time updated, serverTime: 1652187831, diff: 0ms=0.0s[0m
[0m2022-05-10 21:03:51 V/Net 1784958674: Recv: StatSvc.register[0m
[92m2022-05-10 21:03:51 I/Net 1784958674: Loaded 3 friends from local cache.[0m
[92m2022-05-10 21:03:51 I/Net 1784958674: Start loading stranger list...[0m
[0m2022-05-10 21:03:51 V/Net 1784958674: Send: StatSvc.GetDevLoginInfo(StatSvc.GetDevLoginInfo)[0m
[0m2022-05-10 21:03:51 V/Net 1784958674: Send: OidbSvc.0x496(OidbSvc.0x496)[0m
[0m2022-05-10 21:03:51 V/Net 1784958674: Send: friendlist.getFriendGroupList(friendlist.getFriendGroupList)[0m
[0m2022-05-10 21:03:51 V/Net 1784958674: Send: OidbSvc.0x5d2_0(OidbSvc.0x5d2_0)[0m
[0m2022-05-10 21:03:51 V/Net 1784958674: Recv: StatSvc.GetDevLoginInfo[0m
[92m2022-05-10 21:03:51 I/Net 1784958674: No OtherClient online.[0m
[0m2022-05-10 21:03:51 V/Net 1784958674: Recv: OidbSvc.0x5d2_0[0m
[92m2022-05-10 21:03:51 I/Net 1784958674: Successfully loaded stranger list: 0 in total[0m
[92m2022-05-10 21:03:51 I/Net 1784958674: Syncing friend message history: Success.[0m
[92m2022-05-10 21:03:51 I/Net 1784958674: Start loading group list...[0m
[0m2022-05-10 21:03:51 V/Net 1784958674: Recv: OidbSvc.0x496[0m
[0m2022-05-10 21:03:51 V/Net 1784958674: Send: friendlist.GetTroopListReqV2(friendlist.GetTroopListReqV2)[0m
[0m2022-05-10 21:03:51 V/Net 1784958674: Recv: friendlist.getFriendGroupList[0m
[0m2022-05-10 21:03:51 V/Net 1784958674: Recv: friendlist.GetTroopListReqV2[0m
[92m2022-05-10 21:03:51 I/Net 1784958674: Loaded 4 members from local cache for group OOP小组 (772304437)[0m
[92m2022-05-10 21:03:51 I/Net 1784958674: Successfully loaded group list: 1 in total.[0m
[92m2022-05-10 21:03:51 I/Net 1784958674: Scheduled refresh login session in 19d 23h 55min 0.0s.[0m
[92m2022-05-10 21:03:51 I/Net 1784958674: Scheduled key refresh in 23h 55min 0.0s.[0m
[31m2022-05-10 21:03:54 E/Net 1784958674: ExceptionInPacketHandlerException(packetHandler=CallPacketFactoryPacketHandler, incomingPacket=IncomingPacket(cmd=ConfigPushSvc.PushReq, seq=-627898438, SUCCESS, r=ConfigPushSvc.PushReq.PushReqResponse.ServerListPush), cause=ContextualBugReportException(message=在 ConfigPush.ReqPush type=1 时遇到了意料之中的问题. 请完整复制此日志提交给 mirai: https://github.com/mamoe/mirai/issues/new/choose    调试信息: 19 00 09 0A 16 0D 31 38 33 2E 34 37 2E 31 30 36 2E 31 34 21 1F 90 30 01 4C 5C 60 08 70 01 86 02 73 7A 96 03 74 65 6C AC 0B 0A 16 0D 31 38 33 2E 34 37 2E 39 38 2E 31 30 35 21 01 BB 30 01 4C 5C 60 08 70 01 86 02 73 7A 96 03 74 65 6C AC 0B 0A 16 0C 34 39 2E 37 2E 32 35 33 2E 32 32 30 20 50 30 01 4C 5C 60 08 70 01 86 02 74 6A 96 03 74 65 6C AC 0B 0A 16 0C 31 30 31 2E 39 31 2E 34 30 2E 32 31 21 36 B0 30 01 4C 5C 60 08 70 01 86 02 73 68 96 03 74 65 6C AC 0B 0A 16 0D 31 31 33 2E 39 36 2E 31 38 2E 32 35 33 21 01 BB 30 01 4C 5C 60 08 70 01 86 02 73 7A 96 03 74 65 6C AC 0B 0A 16 0C 34 39 2E 37 2E 32 35 33 2E 31 32 34 21 1F 90 30 01 4C 5C 60 08 70 01 86 02 74 6A 96 03 74 65 6C AC 0B 0A 16 0E 31 38 30 2E 31 30 32 2E 31 39 31 2E 36 39 20 50 30 01 4C 5C 60 08 70 01 86 02 73 68 96 03 74 65 6C AC 0B 0A 16 11 6D 73 66 77 69 66 69 2E 33 67 2E 71 71 2E 63 6F 6D 21 1F 90 30 01 4C 5C 60 08 7C 86 06 6F 74 68 65 72 73 96 06 6F 74 68 65 72 73 AC 0B 0A 16 0C 34 39 2E 37 2E 32 35 33 2E 32 34 34 20 50 30 01 4C 5C 60 08 70 01 86 02 74 6A 96 03 74 65 6C AC 0B 39 00 09 0A 16 0D 31 38 33 2E 34 37 2E 31 30 36 2E 31 34 21 1F 90 30 01 4C 5C 60 08 70 01 86 02 73 7A 96 03 74 65 6C AC 0B 0A 16 0D 31 38 33 2E 34 37 2E 39 38 2E 31 30 35 21 01 BB 30 01 4C 5C 60 08 70 01 86 02 73 7A 96 03 74 65 6C AC 0B 0A 16 0C 34 39 2E 37 2E 32 35 33 2E 32 32 30 20 50 30 01 4C 5C 60 08 70 01 86 02 74 6A 96 03 74 65 6C AC 0B 0A 16 0C 31 30 31 2E 39 31 2E 34 30 2E 32 31 21 36 B0 30 01 4C 5C 60 08 70 01 86 02 73 68 96 03 74 65 6C AC 0B 0A 16 0D 31 31 33 2E 39 36 2E 31 38 2E 32 35 33 21 01 BB 30 01 4C 5C 60 08 70 01 86 02 73 7A 96 03 74 65 6C AC 0B 0A 16 0C 34 39 2E 37 2E 32 35 33 2E 31 32 34 21 1F 90 30 01 4C 5C 60 08 70 01 86 02 74 6A 96 03 74 65 6C AC 0B 0A 16 0E 31 38 30 2E 31 30 32 2E 31 39 31 2E 36 39 20 50 30 01 4C 5C 60 08 70 01 86 02 73 68 96 03 74 65 6C AC 0B 0A 16 11 6D 73 66 77 69 66 69 2E 33 67 2E 71 71 2E 63 6F 6D 21 1F 90 30 01 4C 5C 60 08 7C 86 06 6F 74 68 65 72 73 96 06 6F 74 68 65 72 73 AC 0B 0A 16 0C 34 39 2E 37 2E 32 35 33 2E 32 34 34 20 50 30 01 4C 5C 60 08 70 01 86 02 74 6A 96 03 74 65 6C AC 0B 4C 5C 6C 70 01 89 00 04 0A 16 0E 31 31 39 2E 31 34 37 2E 31 39 30 2E 33 37 20 50 30 01 4C 50 03 60 08 7C 86 02 73 7A 96 03 74 65 6C AC 0B 0A 16 0D 34 32 2E 38 31 2E 31 39 33 2E 32 34 32 20 50 30 01 4C 50 03 60 08 7C 86 02 74 6A 96 03 74 65 6C AC 0B 0A 16 0D 31 38 30 2E 31 30 32 2E 35 39 2E 35 30 20 50 30 01 4C 50 03 60 08 7C 86 02 73 68 96 03 74 65 6C AC 0B 0A 16 0D 34 32 2E 38 31 2E 31 39 33 2E 32 34 32 20 50 30 01 4C 50 03 60 08 7C 86 02 74 6A 96 03 74 65 6C AC 0B 99 00 04 0A 16 0E 31 31 39 2E 31 34 37 2E 31 39 30 2E 33 37 20 50 30 01 4C 50 03 60 08 7C 86 02 73 7A 96 03 74 65 6C AC 0B 0A 16 0D 34 32 2E 38 31 2E 31 39 33 2E 32 34 32 20 50 30 01 4C 50 03 60 08 7C 86 02 74 6A 96 03 74 65 6C AC 0B 0A 16 0D 31 38 30 2E 31 30 32 2E 35 39 2E 35 30 20 50 30 01 4C 50 03 60 08 7C 86 02 73 68 96 03 74 65 6C AC 0B 0A 16 0D 34 32 2E 38 31 2E 31 39 33 2E 32 34 32 20 50 30 01 4C 50 03 60 08 7C 86 02 74 6A 96 03 74 65 6C AC 0B A9 0C B9 0C C9 0C D9 0C E0 01 FC 0F F6 10 00 F0 11 01, cause=null))
ExceptionInPacketHandlerException(packetHandler=CallPacketFactoryPacketHandler, incomingPacket=IncomingPacket(cmd=ConfigPushSvc.PushReq, seq=-627898438, SUCCESS, r=ConfigPushSvc.PushReq.PushReqResponse.ServerListPush), cause=ContextualBugReportException(message=在 ConfigPush.ReqPush type=1 时遇到了意料之中的问题. 请完整复制此日志提交给 mirai: https://github.com/mamoe/mirai/issues/new/choose    调试信息: 19 00 09 0A 16 0D 31 38 33 2E 34 37 2E 31 30 36 2E 31 34 21 1F 90 30 01 4C 5C 60 08 70 01 86 02 73 7A 96 03 74 65 6C AC 0B 0A 16 0D 31 38 33 2E 34 37 2E 39 38 2E 31 30 35 21 01 BB 30 01 4C 5C 60 08 70 01 86 02 73 7A 96 03 74 65 6C AC 0B 0A 16 0C 34 39 2E 37 2E 32 35 33 2E 32 32 30 20 50 30 01 4C 5C 60 08 70 01 86 02 74 6A 96 03 74 65 6C AC 0B 0A 16 0C 31 30 31 2E 39 31 2E 34 30 2E 32 31 21 36 B0 30 01 4C 5C 60 08 70 01 86 02 73 68 96 03 74 65 6C AC 0B 0A 16 0D 31 31 33 2E 39 36 2E 31 38 2E 32 35 33 21 01 BB 30 01 4C 5C 60 08 70 01 86 02 73 7A 96 03 74 65 6C AC 0B 0A 16 0C 34 39 2E 37 2E 32 35 33 2E 31 32 34 21 1F 90 30 01 4C 5C 60 08 70 01 86 02 74 6A 96 03 74 65 6C AC 0B 0A 16 0E 31 38 30 2E 31 30 32 2E 31 39 31 2E 36 39 20 50 30 01 4C 5C 60 08 70 01 86 02 73 68 96 03 74 65 6C AC 0B 0A 16 11 6D 73 66 77 69 66 69 2E 33 67 2E 71 71 2E 63 6F 6D 21 1F 90 30 01 4C 5C 60 08 7C 86 06 6F 74 68 65 72 73 96 06 6F 74 68 65 72 73 AC 0B 0A 16 0C 34 39 2E 37 2E 32 35 33 2E 32 34 34 20 50 30 01 4C 5C 60 08 70 01 86 02 74 6A 96 03 74 65 6C AC 0B 39 00 09 0A 16 0D 31 38 33 2E 34 37 2E 31 30 36 2E 31 34 21 1F 90 30 01 4C 5C 60 08 70 01 86 02 73 7A 96 03 74 65 6C AC 0B 0A 16 0D 31 38 33 2E 34 37 2E 39 38 2E 31 30 35 21 01 BB 30 01 4C 5C 60 08 70 01 86 02 73 7A 96 03 74 65 6C AC 0B 0A 16 0C 34 39 2E 37 2E 32 35 33 2E 32 32 30 20 50 30 01 4C 5C 60 08 70 01 86 02 74 6A 96 03 74 65 6C AC 0B 0A 16 0C 31 30 31 2E 39 31 2E 34 30 2E 32 31 21 36 B0 30 01 4C 5C 60 08 70 01 86 02 73 68 96 03 74 65 6C AC 0B 0A 16 0D 31 31 33 2E 39 36 2E 31 38 2E 32 35 33 21 01 BB 30 01 4C 5C 60 08 70 01 86 02 73 7A 96 03 74 65 6C AC 0B 0A 16 0C 34 39 2E 37 2E 32 35 33 2E 31 32 34 21 1F 90 30 01 4C 5C 60 08 70 01 86 02 74 6A 96 03 74 65 6C AC 0B 0A 16 0E 31 38 30 2E 31 30 32 2E 31 39 31 2E 36 39 20 50 30 01 4C 5C 60 08 70 01 86 02 73 68 96 03 74 65 6C AC 0B 0A 16 11 6D 73 66 77 69 66 69 2E 33 67 2E 71 71 2E 63 6F 6D 21 1F 90 30 01 4C 5C 60 08 7C 86 06 6F 74 68 65 72 73 96 06 6F 74 68 65 72 73 AC 0B 0A 16 0C 34 39 2E 37 2E 32 35 33 2E 32 34 34 20 50 30 01 4C 5C 60 08 70 01 86 02 74 6A 96 03 74 65 6C AC 0B 4C 5C 6C 70 01 89 00 04 0A 16 0E 31 31 39 2E 31 34 37 2E 31 39 30 2E 33 37 20 50 30 01 4C 50 03 60 08 7C 86 02 73 7A 96 03 74 65 6C AC 0B 0A 16 0D 34 32 2E 38 31 2E 31 39 33 2E 32 34 32 20 50 30 01 4C 50 03 60 08 7C 86 02 74 6A 96 03 74 65 6C AC 0B 0A 16 0D 31 38 30 2E 31 30 32 2E 35 39 2E 35 30 20 50 30 01 4C 50 03 60 08 7C 86 02 73 68 96 03 74 65 6C AC 0B 0A 16 0D 34 32 2E 38 31 2E 31 39 33 2E 32 34 32 20 50 30 01 4C 50 03 60 08 7C 86 02 74 6A 96 03 74 65 6C AC 0B 99 00 04 0A 16 0E 31 31 39 2E 31 34 37 2E 31 39 30 2E 33 37 20 50 30 01 4C 50 03 60 08 7C 86 02 73 7A 96 03 74 65 6C AC 0B 0A 16 0D 34 32 2E 38 31 2E 31 39 33 2E 32 34 32 20 50 30 01 4C 50 03 60 08 7C 86 02 74 6A 96 03 74 65 6C AC 0B 0A 16 0D 31 38 30 2E 31 30 32 2E 35 39 2E 35 30 20 50 30 01 4C 50 03 60 08 7C 86 02 73 68 96 03 74 65 6C AC 0B 0A 16 0D 34 32 2E 38 31 2E 31 39 33 2E 32 34 32 20 50 30 01 4C 50 03 60 08 7C 86 02 74 6A 96 03 74 65 6C AC 0B A9 0C B9 0C C9 0C D9 0C E0 01 FC 0F F6 10 00 F0 11 01, cause=null))
	at net.mamoe.mirai.internal.network.components.PacketHandlerChain.handlePacket(PacketHandler.kt:45)
	at net.mamoe.mirai.internal.network.handler.NetworkHandlerSupport$collectReceived$3.invokeSuspend(NetworkHandlerSupport.kt:84)
	at net.mamoe.mirai.internal.network.handler.NetworkHandlerSupport$collectReceived$3.invoke(NetworkHandlerSupport.kt)
	at net.mamoe.mirai.internal.network.handler.NetworkHandlerSupport$collectReceived$3.invoke(NetworkHandlerSupport.kt)
	at kotlinx.coroutines.intrinsics.UndispatchedKt.startCoroutineUndispatched(Undispatched.kt:55)
	at kotlinx.coroutines.CoroutineStart.invoke(CoroutineStart.kt:112)
	at kotlinx.coroutines.AbstractCoroutine.start(AbstractCoroutine.kt:126)
	at kotlinx.coroutines.BuildersKt__Builders_commonKt.launch(Builders.common.kt:56)
	at kotlinx.coroutines.BuildersKt.launch(Unknown Source)
	at kotlinx.coroutines.BuildersKt__Builders_commonKt.launch$default(Builders.common.kt:47)
	at kotlinx.coroutines.BuildersKt.launch$default(Unknown Source)
	at net.mamoe.mirai.internal.network.handler.NetworkHandlerSupport.collectReceived$mirai_core(NetworkHandlerSupport.kt:82)
	at net.mamoe.mirai.internal.network.impl.netty.NettyNetworkHandler$PacketDecodePipeline$send$1.invokeSuspend(NettyNetworkHandler.kt:178)
	at kotlin.coroutines.jvm.internal.BaseContinuationImpl.resumeWith(ContinuationImpl.kt:33)
	at kotlinx.coroutines.DispatchedTask.run(DispatchedTask.kt:106)
	at io.netty.util.concurrent.AbstractEventExecutor.safeExecute(AbstractEventExecutor.java:164)
	at io.netty.util.concurrent.SingleThreadEventExecutor.runAllTasks(SingleThreadEventExecutor.java:472)
	at io.netty.channel.nio.NioEventLoop.run(NioEventLoop.java:500)
	at io.netty.util.concurrent.SingleThreadEventExecutor$4.run(SingleThreadEventExecutor.java:989)
	at io.netty.util.internal.ThreadExecutorMap$2.run(ThreadExecutorMap.java:74)
	at io.netty.util.concurrent.FastThreadLocalRunnable.run(FastThreadLocalRunnable.java:30)
	at java.base/java.lang.Thread.run(Thread.java:832)
Caused by: ContextualBugReportException(message=在 ConfigPush.ReqPush type=1 时遇到了意料之中的问题. 请完整复制此日志提交给 mirai: https://github.com/mamoe/mirai/issues/new/choose    调试信息: 19 00 09 0A 16 0D 31 38 33 2E 34 37 2E 31 30 36 2E 31 34 21 1F 90 30 01 4C 5C 60 08 70 01 86 02 73 7A 96 03 74 65 6C AC 0B 0A 16 0D 31 38 33 2E 34 37 2E 39 38 2E 31 30 35 21 01 BB 30 01 4C 5C 60 08 70 01 86 02 73 7A 96 03 74 65 6C AC 0B 0A 16 0C 34 39 2E 37 2E 32 35 33 2E 32 32 30 20 50 30 01 4C 5C 60 08 70 01 86 02 74 6A 96 03 74 65 6C AC 0B 0A 16 0C 31 30 31 2E 39 31 2E 34 30 2E 32 31 21 36 B0 30 01 4C 5C 60 08 70 01 86 02 73 68 96 03 74 65 6C AC 0B 0A 16 0D 31 31 33 2E 39 36 2E 31 38 2E 32 35 33 21 01 BB 30 01 4C 5C 60 08 70 01 86 02 73 7A 96 03 74 65 6C AC 0B 0A 16 0C 34 39 2E 37 2E 32 35 33 2E 31 32 34 21 1F 90 30 01 4C 5C 60 08 70 01 86 02 74 6A 96 03 74 65 6C AC 0B 0A 16 0E 31 38 30 2E 31 30 32 2E 31 39 31 2E 36 39 20 50 30 01 4C 5C 60 08 70 01 86 02 73 68 96 03 74 65 6C AC 0B 0A 16 11 6D 73 66 77 69 66 69 2E 33 67 2E 71 71 2E 63 6F 6D 21 1F 90 30 01 4C 5C 60 08 7C 86 06 6F 74 68 65 72 73 96 06 6F 74 68 65 72 73 AC 0B 0A 16 0C 34 39 2E 37 2E 32 35 33 2E 32 34 34 20 50 30 01 4C 5C 60 08 70 01 86 02 74 6A 96 03 74 65 6C AC 0B 39 00 09 0A 16 0D 31 38 33 2E 34 37 2E 31 30 36 2E 31 34 21 1F 90 30 01 4C 5C 60 08 70 01 86 02 73 7A 96 03 74 65 6C AC 0B 0A 16 0D 31 38 33 2E 34 37 2E 39 38 2E 31 30 35 21 01 BB 30 01 4C 5C 60 08 70 01 86 02 73 7A 96 03 74 65 6C AC 0B 0A 16 0C 34 39 2E 37 2E 32 35 33 2E 32 32 30 20 50 30 01 4C 5C 60 08 70 01 86 02 74 6A 96 03 74 65 6C AC 0B 0A 16 0C 31 30 31 2E 39 31 2E 34 30 2E 32 31 21 36 B0 30 01 4C 5C 60 08 70 01 86 02 73 68 96 03 74 65 6C AC 0B 0A 16 0D 31 31 33 2E 39 36 2E 31 38 2E 32 35 33 21 01 BB 30 01 4C 5C 60 08 70 01 86 02 73 7A 96 03 74 65 6C AC 0B 0A 16 0C 34 39 2E 37 2E 32 35 33 2E 31 32 34 21 1F 90 30 01 4C 5C 60 08 70 01 86 02 74 6A 96 03 74 65 6C AC 0B 0A 16 0E 31 38 30 2E 31 30 32 2E 31 39 31 2E 36 39 20 50 30 01 4C 5C 60 08 70 01 86 02 73 68 96 03 74 65 6C AC 0B 0A 16 11 6D 73 66 77 69 66 69 2E 33 67 2E 71 71 2E 63 6F 6D 21 1F 90 30 01 4C 5C 60 08 7C 86 06 6F 74 68 65 72 73 96 06 6F 74 68 65 72 73 AC 0B 0A 16 0C 34 39 2E 37 2E 32 35 33 2E 32 34 34 20 50 30 01 4C 5C 60 08 70 01 86 02 74 6A 96 03 74 65 6C AC 0B 4C 5C 6C 70 01 89 00 04 0A 16 0E 31 31 39 2E 31 34 37 2E 31 39 30 2E 33 37 20 50 30 01 4C 50 03 60 08 7C 86 02 73 7A 96 03 74 65 6C AC 0B 0A 16 0D 34 32 2E 38 31 2E 31 39 33 2E 32 34 32 20 50 30 01 4C 50 03 60 08 7C 86 02 74 6A 96 03 74 65 6C AC 0B 0A 16 0D 31 38 30 2E 31 30 32 2E 35 39 2E 35 30 20 50 30 01 4C 50 03 60 08 7C 86 02 73 68 96 03 74 65 6C AC 0B 0A 16 0D 34 32 2E 38 31 2E 31 39 33 2E 32 34 32 20 50 30 01 4C 50 03 60 08 7C 86 02 74 6A 96 03 74 65 6C AC 0B 99 00 04 0A 16 0E 31 31 39 2E 31 34 37 2E 31 39 30 2E 33 37 20 50 30 01 4C 50 03 60 08 7C 86 02 73 7A 96 03 74 65 6C AC 0B 0A 16 0D 34 32 2E 38 31 2E 31 39 33 2E 32 34 32 20 50 30 01 4C 50 03 60 08 7C 86 02 74 6A 96 03 74 65 6C AC 0B 0A 16 0D 31 38 30 2E 31 30 32 2E 35 39 2E 35 30 20 50 30 01 4C 50 03 60 08 7C 86 02 73 68 96 03 74 65 6C AC 0B 0A 16 0D 34 32 2E 38 31 2E 31 39 33 2E 32 34 32 20 50 30 01 4C 50 03 60 08 7C 86 02 74 6A 96 03 74 65 6C AC 0B A9 0C B9 0C C9 0C D9 0C E0 01 FC 0F F6 10 00 F0 11 01, cause=null)
	at net.mamoe.mirai.internal.message.ContextualBugReportExceptionKt.contextualBugReportException(contextualBugReportException.kt:26)
	at net.mamoe.mirai.internal.message.ContextualBugReportExceptionKt.contextualBugReportException$default(contextualBugReportException.kt:20)
	at net.mamoe.mirai.internal.network.protocol.packet.login.ConfigPushSvc$PushReq.handle$handleServerListPush(ConfigPushSvc.kt:138)
	at net.mamoe.mirai.internal.network.protocol.packet.login.ConfigPushSvc$PushReq.handle(ConfigPushSvc.kt:168)
	at net.mamoe.mirai.internal.network.protocol.packet.login.ConfigPushSvc$PushReq.handle(ConfigPushSvc.kt:40)
	at net.mamoe.mirai.internal.network.components.CallPacketFactoryPacketHandler.handlePacket(PacketHandler.kt:105)
	at net.mamoe.mirai.internal.network.components.PacketHandlerChain.handlePacket(PacketHandler.kt:42)
	... 21 more
[0m
[0m2022-05-10 21:03:54 V/Net 1784958674: Saving bdh session to cache[0m
[0m2022-05-10 21:03:54 V/Net 1784958674: Send: ConfigPushSvc.PushResp(ConfigPushSvc.PushResp)[0m
[0m2022-05-10 21:03:54 V/Net 1784958674: Recv: ConfigPushSvc.PushReq[0m
[0m2022-05-10 21:04:40 V/Net 1784958674: Send: MessageSvc.PbSendMsg(MessageSvc.PbSendMsg)[0m
[0m2022-05-10 21:04:40 V/Net 1784958674: Recv: MessageSvc.PbSendMsg[0m
[0m2022-05-10 21:06:17 V/Net 1784958674: Send: StatSvc.register(offline)[0m
