[0m2022-05-26 23:56:53 V/Net 1784958674: Loading server list from cache.[0m
[92m2022-05-26 23:56:53 I/Net 1784958674: Server list: 111.206.99.88:80, 59.83.208.219:80, msfwifi.3g.qq.com:8080, 157.148.54.41:80, 163.177.30.25:14000, 111.206.99.90:80, 123.125.0.195:80, 111.206.99.80:8080, 59.83.208.179:443.[0m
[92m2022-05-26 23:56:54 I/Net 1784958674: ECDH key is valid.[0m
[0m2022-05-26 23:56:54 V/Net 1784958674: Send: wtlogin.exchange_emp[0m
[0m2022-05-26 23:56:54 V/Net 1784958674: Recv: wtlogin.exchange_emp[0m
[0m2022-05-26 23:56:54 V/Net 1784958674: Send: StatSvc.register(online)[0m
[92m2022-05-26 23:56:54 I/Net 1784958674: Server time updated, serverTime: 1653580614, diff: 0ms=0.0s[0m
[0m2022-05-26 23:56:54 V/Net 1784958674: Recv: StatSvc.register[0m
[0m2022-05-26 23:56:54 V/Net 1784958674: Loading BdhSession from cache file[0m
[92m2022-05-26 23:56:54 I/Net 1784958674: Syncing friend message history...[0m
[92m2022-05-26 23:56:54 I/Net 1784958674: Start loading stranger list...[0m
[92m2022-05-26 23:56:54 I/Net 1784958674: Start loading friend list...[0m
[0m2022-05-26 23:56:54 V/Net 1784958674: Send: StatSvc.GetDevLoginInfo(StatSvc.GetDevLoginInfo)[0m
[0m2022-05-26 23:56:54 V/Net 1784958674: Send: OidbSvc.0x496(OidbSvc.0x496)[0m
[0m2022-05-26 23:56:54 V/Net 1784958674: Send: OidbSvc.0x5d2_0(OidbSvc.0x5d2_0)[0m
[0m2022-05-26 23:56:54 V/Net 1784958674: Send: friendlist.getFriendGroupList(friendlist.getFriendGroupList)[0m
[0m2022-05-26 23:56:54 V/Net 1784958674: Recv: StatSvc.GetDevLoginInfo[0m
[92m2022-05-26 23:56:54 I/Net 1784958674: No OtherClient online.[0m
[92m2022-05-26 23:56:54 I/Net 1784958674: Successfully loaded stranger list: 0 in total[0m
[0m2022-05-26 23:56:54 V/Net 1784958674: Recv: OidbSvc.0x5d2_0[0m
[92m2022-05-26 23:56:54 I/Net 1784958674: Start loading group list...[0m
[0m2022-05-26 23:56:54 V/Net 1784958674: Recv: OidbSvc.0x496[0m
[0m2022-05-26 23:56:54 V/Net 1784958674: Send: friendlist.GetTroopListReqV2(friendlist.GetTroopListReqV2)[0m
[0m2022-05-26 23:56:54 V/Net 1784958674: Recv: friendlist.getFriendGroupList[0m
[0m2022-05-26 23:56:54 V/Net 1784958674: Loading friend list: 6/6[0m
[92m2022-05-26 23:56:54 I/Net 1784958674: Successfully loaded friend list: 6 in total[0m
[92m2022-05-26 23:56:54 I/Net 1784958674: Saved 6 friends to local cache.[0m
[92m2022-05-26 23:56:54 I/Net 1784958674: Syncing friend message history: Success.[0m
[0m2022-05-26 23:56:54 V/Net 1784958674: Recv: friendlist.GetTroopListReqV2[0m
[92m2022-05-26 23:56:54 I/Net 1784958674: Loaded 4 members from local cache for group OOP小组 (772304437)[0m
[0m2022-05-26 23:56:54 V/Net 1784958674: Send: friendlist.GetTroopMemberListReq(friendlist.GetTroopMemberListReq)[0m
[0m2022-05-26 23:56:54 V/Net 1784958674: Send: friendlist.GetTroopMemberListReq(friendlist.GetTroopMemberListReq)[0m
[0m2022-05-26 23:56:54 V/Net 1784958674: Send: friendlist.GetTroopMemberListReq(friendlist.GetTroopMemberListReq)[0m
[0m2022-05-26 23:56:54 V/Net 1784958674: Send: friendlist.GetTroopMemberListReq(friendlist.GetTroopMemberListReq)[0m
[0m2022-05-26 23:56:54 V/Net 1784958674: Send: friendlist.GetTroopMemberListReq(friendlist.GetTroopMemberListReq)[0m
[0m2022-05-26 23:56:54 V/Net 1784958674: Recv: friendlist.GetTroopMemberListReq[0m
[0m2022-05-26 23:56:54 V/Net 1784958674: Recv: friendlist.GetTroopMemberListReq[0m
[0m2022-05-26 23:56:54 V/Net 1784958674: Recv: friendlist.GetTroopMemberListReq[0m
[0m2022-05-26 23:56:54 V/Net 1784958674: Recv: friendlist.GetTroopMemberListReq[0m
[0m2022-05-26 23:56:55 V/Net 1784958674: Recv: friendlist.GetTroopMemberListReq[0m
[92m2022-05-26 23:56:55 I/Net 1784958674: Successfully loaded group list: 6 in total.[0m
[92m2022-05-26 23:56:55 I/Net 1784958674: Saved 5 groups to local cache.[0m
[92m2022-05-26 23:56:55 I/Net 1784958674: Scheduled key refresh in 23h 55min 0.0s.[0m
[92m2022-05-26 23:56:55 I/Net 1784958674: Scheduled refresh login session in 19d 23h 55min 0.0s.[0m
[0m2022-05-26 23:56:57 V/Net 1784958674: Saving bdh session to cache[0m
[0m2022-05-26 23:56:57 V/Net 1784958674: Send: ConfigPushSvc.PushResp(ConfigPushSvc.PushResp)[0m
[0m2022-05-26 23:56:57 V/Net 1784958674: Recv: ConfigPushSvc.PushReq[0m
[0m2022-05-26 23:56:58 V/Net 1784958674: Send: MessageSvc.PbSendMsg(MessageSvc.PbSendMsg)[0m
[0m2022-05-26 23:56:58 V/Net 1784958674: Recv: MessageSvc.PbSendMsg[0m
[0m2022-05-26 23:56:58 V/Net 1784958674: Send: MessageSvc.PbSendMsg(MessageSvc.PbSendMsg)[0m
[0m2022-05-26 23:56:59 V/Net 1784958674: Recv: MessageSvc.PbSendMsg[0m
[0m2022-05-26 23:57:27 V/Net 1784958674: Send: MessageSvc.PbSendMsg(MessageSvc.PbSendMsg)[0m
[0m2022-05-26 23:57:27 V/Net 1784958674: Recv: MessageSvc.PbSendMsg[0m
