[0m2022-05-27 00:01:25 V/: Send: StatSvc.register(online)[0m
[92m2022-05-27 00:01:25 I/: Server time updated, serverTime: 1653580884, diff: -1ms=-0.001s[0m
[0m2022-05-27 00:01:25 V/: Recv: StatSvc.register[0m
[0m2022-05-27 00:02:46 V/Net 1784958674: Loading server list from cache.[0m
[92m2022-05-27 00:02:46 I/Net 1784958674: Server list: 111.206.99.88:80, 59.83.208.219:80, msfwifi.3g.qq.com:8080, 157.148.54.41:80, 163.177.30.25:14000, 111.206.99.90:80, 123.125.0.195:80, 111.206.99.80:8080, 59.83.208.179:443.[0m
[92m2022-05-27 00:02:46 I/Net 1784958674: ECDH key is valid.[0m
[0m2022-05-27 00:02:46 V/Net 1784958674: Send: wtlogin.exchange_emp[0m
[0m2022-05-27 00:02:47 V/Net 1784958674: Recv: wtlogin.exchange_emp[0m
[0m2022-05-27 00:02:47 V/Net 1784958674: Send: StatSvc.register(online)[0m
[92m2022-05-27 00:02:47 I/Net 1784958674: Server time updated, serverTime: 1653580966, diff: -1ms=-0.001s[0m
[0m2022-05-27 00:02:47 V/Net 1784958674: Recv: StatSvc.register[0m
[0m2022-05-27 00:02:47 V/Net 1784958674: Loading BdhSession from cache file[0m
[92m2022-05-27 00:02:47 I/Net 1784958674: Syncing friend message history...[0m
[92m2022-05-27 00:02:47 I/Net 1784958674: Loaded 6 friends from local cache.[0m
[92m2022-05-27 00:02:47 I/Net 1784958674: Start loading stranger list...[0m
[0m2022-05-27 00:02:47 V/Net 1784958674: Send: StatSvc.GetDevLoginInfo(StatSvc.GetDevLoginInfo)[0m
[0m2022-05-27 00:02:47 V/Net 1784958674: Send: OidbSvc.0x496(OidbSvc.0x496)[0m
[0m2022-05-27 00:02:47 V/Net 1784958674: Send: OidbSvc.0x5d2_0(OidbSvc.0x5d2_0)[0m
[0m2022-05-27 00:02:47 V/Net 1784958674: Send: friendlist.getFriendGroupList(friendlist.getFriendGroupList)[0m
[0m2022-05-27 00:02:47 V/Net 1784958674: Recv: StatSvc.GetDevLoginInfo[0m
[92m2022-05-27 00:02:47 I/Net 1784958674: No OtherClient online.[0m
[92m2022-05-27 00:02:47 I/Net 1784958674: Successfully loaded stranger list: 0 in total[0m
[0m2022-05-27 00:02:47 V/Net 1784958674: Recv: OidbSvc.0x5d2_0[0m
[92m2022-05-27 00:02:47 I/Net 1784958674: Start loading group list...[0m
[0m2022-05-27 00:02:47 V/Net 1784958674: Recv: OidbSvc.0x496[0m
[0m2022-05-27 00:02:47 V/Net 1784958674: Recv: friendlist.getFriendGroupList[0m
[0m2022-05-27 00:02:47 V/Net 1784958674: Send: friendlist.GetTroopListReqV2(friendlist.GetTroopListReqV2)[0m
[92m2022-05-27 00:02:47 I/Net 1784958674: Syncing friend message history: Success.[0m
[0m2022-05-27 00:02:47 V/Net 1784958674: Recv: friendlist.GetTroopListReqV2[0m
[92m2022-05-27 00:02:47 I/Net 1784958674: Loaded 4 members from local cache for group OOP、zing、金栗 (947121973)[0m
[92m2022-05-27 00:02:47 I/Net 1784958674: Loaded 3 members from local cache for group OOP、一朵白云☁️、Hid (870745666)[0m
[92m2022-05-27 00:02:47 I/Net 1784958674: Loaded 3 members from local cache for group Hide on bu...、OOP、橙原  (604712224)[0m
[92m2022-05-27 00:02:47 I/Net 1784958674: Loaded 4 members from local cache for group OOP小组 (772304437)[0m
[92m2022-05-27 00:02:47 I/Net 1784958674: Loaded 6 members from local cache for group 云之彼端、👻、Hide on  (883989823)[0m
[92m2022-05-27 00:02:47 I/Net 1784958674: Loaded 121 members from local cache for group BUAA-民航飞友联合 (1001093960)[0m
[92m2022-05-27 00:02:47 I/Net 1784958674: Successfully loaded group list: 6 in total.[0m
[92m2022-05-27 00:02:47 I/Net 1784958674: Scheduled key refresh in 23h 55min 0.0s.[0m
[92m2022-05-27 00:02:47 I/Net 1784958674: Scheduled refresh login session in 19d 23h 55min 0.0s.[0m
[0m2022-05-27 00:02:50 V/Net 1784958674: Saving bdh session to cache[0m
[0m2022-05-27 00:02:50 V/Net 1784958674: Send: ConfigPushSvc.PushResp(ConfigPushSvc.PushResp)[0m
[0m2022-05-27 00:02:50 V/Net 1784958674: Recv: ConfigPushSvc.PushReq[0m
[0m2022-05-27 00:03:10 V/Net 1784958674: Send: MessageSvc.PbSendMsg(MessageSvc.PbSendMsg)[0m
[0m2022-05-27 00:03:11 V/Net 1784958674: Recv: MessageSvc.PbSendMsg[0m
[0m2022-05-27 00:04:58 V/Net 1784958674: Loading server list from cache.[0m
[92m2022-05-27 00:04:58 I/Net 1784958674: Server list: 111.206.99.88:80, 59.83.208.219:80, msfwifi.3g.qq.com:8080, 157.148.54.41:80, 163.177.30.25:14000, 111.206.99.90:80, 123.125.0.195:80, 111.206.99.80:8080, 59.83.208.179:443.[0m
[92m2022-05-27 00:04:58 I/Net 1784958674: ECDH key is valid.[0m
[0m2022-05-27 00:04:59 V/Net 1784958674: Send: wtlogin.exchange_emp[0m
[0m2022-05-27 00:04:59 V/Net 1784958674: Recv: wtlogin.exchange_emp[0m
[0m2022-05-27 00:04:59 V/Net 1784958674: Send: StatSvc.register(online)[0m
[92m2022-05-27 00:04:59 I/Net 1784958674: Server time updated, serverTime: 1653581099, diff: 0ms=0.0s[0m
[0m2022-05-27 00:04:59 V/Net 1784958674: Recv: StatSvc.register[0m
[0m2022-05-27 00:04:59 V/Net 1784958674: Loading BdhSession from cache file[0m
[92m2022-05-27 00:04:59 I/Net 1784958674: Syncing friend message history...[0m
[0m2022-05-27 00:04:59 V/Net 1784958674: Send: StatSvc.GetDevLoginInfo(StatSvc.GetDevLoginInfo)[0m
[92m2022-05-27 00:04:59 I/Net 1784958674: Loaded 6 friends from local cache.[0m
[92m2022-05-27 00:04:59 I/Net 1784958674: Start loading stranger list...[0m
[0m2022-05-27 00:04:59 V/Net 1784958674: Send: OidbSvc.0x496(OidbSvc.0x496)[0m
[0m2022-05-27 00:04:59 V/Net 1784958674: Send: OidbSvc.0x5d2_0(OidbSvc.0x5d2_0)[0m
[0m2022-05-27 00:04:59 V/Net 1784958674: Send: friendlist.getFriendGroupList(friendlist.getFriendGroupList)[0m
[0m2022-05-27 00:04:59 V/Net 1784958674: Recv: StatSvc.GetDevLoginInfo[0m
[92m2022-05-27 00:04:59 I/Net 1784958674: No OtherClient online.[0m
[92m2022-05-27 00:04:59 I/Net 1784958674: Successfully loaded stranger list: 0 in total[0m
[0m2022-05-27 00:04:59 V/Net 1784958674: Recv: OidbSvc.0x5d2_0[0m
[0m2022-05-27 00:04:59 V/Net 1784958674: Recv: OidbSvc.0x496[0m
[92m2022-05-27 00:04:59 I/Net 1784958674: Start loading group list...[0m
[0m2022-05-27 00:04:59 V/Net 1784958674: Send: friendlist.GetTroopListReqV2(friendlist.GetTroopListReqV2)[0m
[0m2022-05-27 00:04:59 V/Net 1784958674: Recv: friendlist.getFriendGroupList[0m
[92m2022-05-27 00:04:59 I/Net 1784958674: Syncing friend message history: Success.[0m
[0m2022-05-27 00:04:59 V/Net 1784958674: Recv: friendlist.GetTroopListReqV2[0m
[92m2022-05-27 00:04:59 I/Net 1784958674: Loaded 3 members from local cache for group Hide on bu...、OOP、橙原  (604712224)[0m
[92m2022-05-27 00:04:59 I/Net 1784958674: Loaded 3 members from local cache for group OOP、一朵白云☁️、Hid (870745666)[0m
[92m2022-05-27 00:04:59 I/Net 1784958674: Loaded 4 members from local cache for group OOP小组 (772304437)[0m
[92m2022-05-27 00:04:59 I/Net 1784958674: Loaded 4 members from local cache for group OOP、zing、金栗 (947121973)[0m
[92m2022-05-27 00:04:59 I/Net 1784958674: Loaded 6 members from local cache for group 云之彼端、👻、Hide on  (883989823)[0m
[92m2022-05-27 00:04:59 I/Net 1784958674: Loaded 121 members from local cache for group BUAA-民航飞友联合 (1001093960)[0m
[92m2022-05-27 00:04:59 I/Net 1784958674: Successfully loaded group list: 6 in total.[0m
[92m2022-05-27 00:04:59 I/Net 1784958674: Scheduled key refresh in 23h 55min 0.0s.[0m
[92m2022-05-27 00:04:59 I/Net 1784958674: Scheduled refresh login session in 19d 23h 55min 0.0s.[0m
[0m2022-05-27 00:05:02 V/Net 1784958674: Saving bdh session to cache[0m
[0m2022-05-27 00:05:02 V/Net 1784958674: Send: ConfigPushSvc.PushResp(ConfigPushSvc.PushResp)[0m
[0m2022-05-27 00:05:02 V/Net 1784958674: Recv: ConfigPushSvc.PushReq[0m
[0m2022-05-27 00:05:27 V/Net 1784958674: Send: MessageSvc.PbSendMsg(MessageSvc.PbSendMsg)[0m
[0m2022-05-27 00:05:28 V/Net 1784958674: Recv: MessageSvc.PbSendMsg[0m
[0m2022-05-27 00:06:06 V/Net 1784958674: Send: StatSvc.register(offline)[0m
