[92m2022-06-15 22:35:03 I/main: Starting mirai-console...[0m[m
[92m2022-06-15 22:35:03 I/main: Backend: version 2.11.1, built on 2022-05-26 04:43:10.[0m[m
[92m2022-06-15 22:35:03 I/main: Frontend Terminal: version 2.11.1, provided by Mamoe Technologies[0m[m
[92m2022-06-15 22:35:03 I/main: Welcome to visit https://mirai.mamoe.net/[0m[m
[92m2022-06-15 22:35:03 I/main: Prepared built-in commands: autoLogin, help, login, logout, permission, status, stop[0m[m
[92m2022-06-15 22:35:03 I/main: 0 plugin(s) enabled.[0m[m
[92m2022-06-15 22:35:03 I/main: mirai-console started successfully.[0m[m
[92m2022-06-15 22:35:03 I/kggbot: Plugin loaded[0m[m
[92m2022-06-15 22:35:03 I/WindowHelperJvm: Mirai 正在使用桌面环境. 如遇到验证码将会弹出对话框. 可添加 JVM 属性 `mirai.no-desktop` 以关闭.[0m[m
[92m2022-06-15 22:35:03 I/WindowHelperJvm: Mirai is using desktop. Captcha will be thrown by window popup. You can add `mirai.no-desktop` to JVM properties (-Dmirai.no-desktop) to disable it.[0m[m
[92m2022-06-15 22:35:03 I/stdout: 22:35:03.972 [DefaultDispatcher-worker-1] DEBUG io.netty.util.internal.logging.InternalLoggerFactory - Using SLF4J as the default logging framework
[0m[m
[92m2022-06-15 22:35:03 I/stdout: [0m[m
[92m2022-06-15 22:35:03 I/stdout: 22:35:03.978 [DefaultDispatcher-worker-1] DEBUG io.netty.channel.MultithreadEventLoopGroup - -Dio.netty.eventLoopThreads: 12
[0m[m
[92m2022-06-15 22:35:03 I/stdout: [0m[m
[92m2022-06-15 22:35:04 I/stdout: 22:35:04.001 [DefaultDispatcher-worker-1] DEBUG io.netty.util.internal.InternalThreadLocalMap - -Dio.netty.threadLocalMap.stringBuilder.initialSize: 1024
[0m[m
[92m2022-06-15 22:35:04 I/stdout: [0m[m
[92m2022-06-15 22:35:04 I/stdout: 22:35:04.002 [DefaultDispatcher-worker-1] DEBUG io.netty.util.internal.InternalThreadLocalMap - -Dio.netty.threadLocalMap.stringBuilder.maxSize: 4096
[0m[m
[92m2022-06-15 22:35:04 I/stdout: [0m[m
[92m2022-06-15 22:35:04 I/stdout: 22:35:04.021 [DefaultDispatcher-worker-1] DEBUG io.netty.channel.nio.NioEventLoop - -Dio.netty.noKeySetOptimization: false
[0m[m
[92m2022-06-15 22:35:04 I/stdout: [0m[m
[92m2022-06-15 22:35:04 I/stdout: 22:35:04.021 [DefaultDispatcher-worker-1] DEBUG io.netty.channel.nio.NioEventLoop - -Dio.netty.selectorAutoRebuildThreshold: 512
[0m[m
[92m2022-06-15 22:35:04 I/stdout: [0m[m
[92m2022-06-15 22:35:04 I/stdout: 22:35:04.050 [DefaultDispatcher-worker-1] DEBUG io.netty.util.internal.PlatformDependent - Platform: Windows
[0m[m
[92m2022-06-15 22:35:04 I/stdout: [0m[m
[92m2022-06-15 22:35:04 I/stdout: 22:35:04.052 [DefaultDispatcher-worker-1] DEBUG io.netty.util.internal.PlatformDependent0 - -Dio.netty.noUnsafe: false
[0m[m
[92m2022-06-15 22:35:04 I/stdout: [0m[m
[92m2022-06-15 22:35:04 I/stdout: 22:35:04.053 [DefaultDispatcher-worker-1] DEBUG io.netty.util.internal.PlatformDependent0 - Java version: 11
[0m[m
[92m2022-06-15 22:35:04 I/stdout: [0m[m
[92m2022-06-15 22:35:04 I/stdout: 22:35:04.055 [DefaultDispatcher-worker-1] DEBUG io.netty.util.internal.PlatformDependent0 - sun.misc.Unsafe.theUnsafe: available
[0m[m
[92m2022-06-15 22:35:04 I/stdout: [0m[m
[92m2022-06-15 22:35:04 I/stdout: 22:35:04.056 [DefaultDispatcher-worker-1] DEBUG io.netty.util.internal.PlatformDependent0 - sun.misc.Unsafe.copyMemory: available
[0m[m
[92m2022-06-15 22:35:04 I/stdout: [0m[m
[92m2022-06-15 22:35:04 I/stdout: 22:35:04.057 [DefaultDispatcher-worker-1] DEBUG io.netty.util.internal.PlatformDependent0 - java.nio.Buffer.address: available
[0m[m
[92m2022-06-15 22:35:04 I/stdout: [0m[m
[92m2022-06-15 22:35:04 I/stdout: 22:35:04.061 [DefaultDispatcher-worker-1] DEBUG io.netty.util.internal.PlatformDependent0 - direct buffer constructor: unavailable
[0m[m
[92m2022-06-15 22:35:04 I/stdout: java.lang.UnsupportedOperationException: Reflective setAccessible(true) disabled
[0m[m
[92m2022-06-15 22:35:04 I/stdout: 	at io.netty.util.internal.ReflectionUtil.trySetAccessible(ReflectionUtil.java:31)
[0m[m
[92m2022-06-15 22:35:04 I/stdout: 	at io.netty.util.internal.PlatformDependent0$4.run(PlatformDependent0.java:239)
[0m[m
[92m2022-06-15 22:35:04 I/stdout: 	at java.base/java.security.AccessController.doPrivileged(Native Method)
[0m[m
[92m2022-06-15 22:35:04 I/stdout: 	at io.netty.util.internal.PlatformDependent0.<clinit>(PlatformDependent0.java:233)
[0m[m
[92m2022-06-15 22:35:04 I/stdout: 	at io.netty.util.internal.PlatformDependent.isAndroid(PlatformDependent.java:294)
[0m[m
[92m2022-06-15 22:35:04 I/stdout: 	at io.netty.util.internal.PlatformDependent.<clinit>(PlatformDependent.java:93)
[0m[m
[92m2022-06-15 22:35:04 I/stdout: 	at io.netty.channel.nio.NioEventLoop.newTaskQueue0(NioEventLoop.java:279)
[0m[m
[92m2022-06-15 22:35:04 I/stdout: 	at io.netty.channel.nio.NioEventLoop.newTaskQueue(NioEventLoop.java:150)
[0m[m
[92m2022-06-15 22:35:04 I/stdout: 	at io.netty.channel.nio.NioEventLoop.<init>(NioEventLoop.java:138)
[0m[m
[92m2022-06-15 22:35:04 I/stdout: 	at io.netty.channel.nio.NioEventLoopGroup.newChild(NioEventLoopGroup.java:146)
[0m[m
[92m2022-06-15 22:35:04 I/stdout: 	at io.netty.channel.nio.NioEventLoopGroup.newChild(NioEventLoopGroup.java:37)
[0m[m
[92m2022-06-15 22:35:04 I/stdout: 	at io.netty.util.concurrent.MultithreadEventExecutorGroup.<init>(MultithreadEventExecutorGroup.java:84)
[0m[m
[92m2022-06-15 22:35:04 I/stdout: 	at io.netty.util.concurrent.MultithreadEventExecutorGroup.<init>(MultithreadEventExecutorGroup.java:58)
[0m[m
[92m2022-06-15 22:35:04 I/stdout: 	at io.netty.channel.MultithreadEventLoopGroup.<init>(MultithreadEventLoopGroup.java:52)
[0m[m
[92m2022-06-15 22:35:04 I/stdout: 	at io.netty.channel.nio.NioEventLoopGroup.<init>(NioEventLoopGroup.java:96)
[0m[m
[92m2022-06-15 22:35:04 I/stdout: 	at io.netty.channel.nio.NioEventLoopGroup.<init>(NioEventLoopGroup.java:91)
[0m[m
[92m2022-06-15 22:35:04 I/stdout: 	at io.netty.channel.nio.NioEventLoopGroup.<init>(NioEventLoopGroup.java:72)
[0m[m
[92m2022-06-15 22:35:04 I/stdout: 	at io.netty.channel.nio.NioEventLoopGroup.<init>(NioEventLoopGroup.java:52)
[0m[m
[92m2022-06-15 22:35:04 I/stdout: 	at io.netty.channel.nio.NioEventLoopGroup.<init>(NioEventLoopGroup.java:44)
[0m[m
[92m2022-06-15 22:35:04 I/stdout: 	at net.mamoe.mirai.internal.network.impl.netty.NettyNetworkHandler.createConnection$suspendImpl(NettyNetworkHandler.kt:138)
[0m[m
[92m2022-06-15 22:35:04 I/stdout: 	at net.mamoe.mirai.internal.network.impl.netty.NettyNetworkHandler.createConnection(NettyNetworkHandler.kt)
[0m[m
[92m2022-06-15 22:35:04 I/stdout: 	at net.mamoe.mirai.internal.network.impl.netty.NettyNetworkHandler$StateConnecting$startState$1.invokeSuspend(NettyNetworkHandler.kt:269)
[0m[m
[92m2022-06-15 22:35:04 I/stdout: 	at kotlin.coroutines.jvm.internal.BaseContinuationImpl.resumeWith(ContinuationImpl.kt:33)
[0m[m
[92m2022-06-15 22:35:04 I/stdout: 	at kotlinx.coroutines.DispatchedTask.run(DispatchedTask.kt:106)
[0m[m
[92m2022-06-15 22:35:04 I/stdout: 	at kotlinx.coroutines.scheduling.CoroutineScheduler.runSafely(CoroutineScheduler.kt:570)
[0m[m
[92m2022-06-15 22:35:04 I/stdout: 	at kotlinx.coroutines.scheduling.CoroutineScheduler$Worker.executeTask(CoroutineScheduler.kt:749)
[0m[m
[92m2022-06-15 22:35:04 I/stdout: 	at kotlinx.coroutines.scheduling.CoroutineScheduler$Worker.runWorker(CoroutineScheduler.kt:677)
[0m[m
[92m2022-06-15 22:35:04 I/stdout: 	at kotlinx.coroutines.scheduling.CoroutineScheduler$Worker.run(CoroutineScheduler.kt:664)
[0m[m
[92m2022-06-15 22:35:04 I/stdout: [0m[m
[92m2022-06-15 22:35:04 I/stdout: 22:35:04.066 [DefaultDispatcher-worker-1] DEBUG io.netty.util.internal.PlatformDependent0 - java.nio.Bits.unaligned: available, true
[0m[m
[92m2022-06-15 22:35:04 I/stdout: [0m[m
[92m2022-06-15 22:35:04 I/stdout: 22:35:04.067 [DefaultDispatcher-worker-1] DEBUG io.netty.util.internal.PlatformDependent0 - jdk.internal.misc.Unsafe.allocateUninitializedArray(int): unavailable
[0m[m
[92m2022-06-15 22:35:04 I/stdout: java.lang.IllegalAccessException: class io.netty.util.internal.PlatformDependent0$6 cannot access class jdk.internal.misc.Unsafe (in module java.base) because module java.base does not export jdk.internal.misc to unnamed module @56d8f5a
[0m[m
[92m2022-06-15 22:35:04 I/stdout: 	at java.base/jdk.internal.reflect.Reflection.newIllegalAccessException(Reflection.java:361)
[0m[m
[92m2022-06-15 22:35:04 I/stdout: 	at java.base/java.lang.reflect.AccessibleObject.checkAccess(AccessibleObject.java:591)
[0m[m
[92m2022-06-15 22:35:04 I/stdout: 	at java.base/java.lang.reflect.Method.invoke(Method.java:558)
[0m[m
[92m2022-06-15 22:35:04 I/stdout: 	at io.netty.util.internal.PlatformDependent0$6.run(PlatformDependent0.java:353)
[0m[m
[92m2022-06-15 22:35:04 I/stdout: 	at java.base/java.security.AccessController.doPrivileged(Native Method)
[0m[m
[92m2022-06-15 22:35:04 I/stdout: 	at io.netty.util.internal.PlatformDependent0.<clinit>(PlatformDependent0.java:344)
[0m[m
[92m2022-06-15 22:35:04 I/stdout: 	at io.netty.util.internal.PlatformDependent.isAndroid(PlatformDependent.java:294)
[0m[m
[92m2022-06-15 22:35:04 I/stdout: 	at io.netty.util.internal.PlatformDependent.<clinit>(PlatformDependent.java:93)
[0m[m
[92m2022-06-15 22:35:04 I/stdout: 	at io.netty.channel.nio.NioEventLoop.newTaskQueue0(NioEventLoop.java:279)
[0m[m
[92m2022-06-15 22:35:04 I/stdout: 	at io.netty.channel.nio.NioEventLoop.newTaskQueue(NioEventLoop.java:150)
[0m[m
[92m2022-06-15 22:35:04 I/stdout: 	at io.netty.channel.nio.NioEventLoop.<init>(NioEventLoop.java:138)
[0m[m
[92m2022-06-15 22:35:04 I/stdout: 	at io.netty.channel.nio.NioEventLoopGroup.newChild(NioEventLoopGroup.java:146)
[0m[m
[92m2022-06-15 22:35:04 I/stdout: 	at io.netty.channel.nio.NioEventLoopGroup.newChild(NioEventLoopGroup.java:37)
[0m[m
[92m2022-06-15 22:35:04 I/stdout: 	at io.netty.util.concurrent.MultithreadEventExecutorGroup.<init>(MultithreadEventExecutorGroup.java:84)
[0m[m
[92m2022-06-15 22:35:04 I/stdout: 	at io.netty.util.concurrent.MultithreadEventExecutorGroup.<init>(MultithreadEventExecutorGroup.java:58)
[0m[m
[92m2022-06-15 22:35:04 I/stdout: 	at io.netty.channel.MultithreadEventLoopGroup.<init>(MultithreadEventLoopGroup.java:52)
[0m[m
[92m2022-06-15 22:35:04 I/stdout: 	at io.netty.channel.nio.NioEventLoopGroup.<init>(NioEventLoopGroup.java:96)
[0m[m
[92m2022-06-15 22:35:04 I/stdout: 	at io.netty.channel.nio.NioEventLoopGroup.<init>(NioEventLoopGroup.java:91)
[0m[m
[92m2022-06-15 22:35:04 I/stdout: 	at io.netty.channel.nio.NioEventLoopGroup.<init>(NioEventLoopGroup.java:72)
[0m[m
[92m2022-06-15 22:35:04 I/stdout: 	at io.netty.channel.nio.NioEventLoopGroup.<init>(NioEventLoopGroup.java:52)
[0m[m
[92m2022-06-15 22:35:04 I/stdout: 	at io.netty.channel.nio.NioEventLoopGroup.<init>(NioEventLoopGroup.java:44)
[0m[m
[92m2022-06-15 22:35:04 I/stdout: 	at net.mamoe.mirai.internal.network.impl.netty.NettyNetworkHandler.createConnection$suspendImpl(NettyNetworkHandler.kt:138)
[0m[m
[92m2022-06-15 22:35:04 I/stdout: 	at net.mamoe.mirai.internal.network.impl.netty.NettyNetworkHandler.createConnection(NettyNetworkHandler.kt)
[0m[m
[92m2022-06-15 22:35:04 I/stdout: 	at net.mamoe.mirai.internal.network.impl.netty.NettyNetworkHandler$StateConnecting$startState$1.invokeSuspend(NettyNetworkHandler.kt:269)
[0m[m
[92m2022-06-15 22:35:04 I/stdout: 	at kotlin.coroutines.jvm.internal.BaseContinuationImpl.resumeWith(ContinuationImpl.kt:33)
[0m[m
[92m2022-06-15 22:35:04 I/stdout: 	at kotlinx.coroutines.DispatchedTask.run(DispatchedTask.kt:106)
[0m[m
[92m2022-06-15 22:35:04 I/stdout: 	at kotlinx.coroutines.scheduling.CoroutineScheduler.runSafely(CoroutineScheduler.kt:570)
[0m[m
[92m2022-06-15 22:35:04 I/stdout: 	at kotlinx.coroutines.scheduling.CoroutineScheduler$Worker.executeTask(CoroutineScheduler.kt:749)
[0m[m
[92m2022-06-15 22:35:04 I/stdout: 	at kotlinx.coroutines.scheduling.CoroutineScheduler$Worker.runWorker(CoroutineScheduler.kt:677)
[0m[m
[92m2022-06-15 22:35:04 I/stdout: 	at kotlinx.coroutines.scheduling.CoroutineScheduler$Worker.run(CoroutineScheduler.kt:664)
[0m[m
[92m2022-06-15 22:35:04 I/stdout: [0m[m
[92m2022-06-15 22:35:04 I/stdout: 22:35:04.073 [DefaultDispatcher-worker-1] DEBUG io.netty.util.internal.PlatformDependent0 - java.nio.DirectByteBuffer.<init>(long, int): unavailable
[0m[m
[92m2022-06-15 22:35:04 I/stdout: [0m[m
[92m2022-06-15 22:35:04 I/stdout: 22:35:04.073 [DefaultDispatcher-worker-1] DEBUG io.netty.util.internal.PlatformDependent - sun.misc.Unsafe: available
[0m[m
[92m2022-06-15 22:35:04 I/stdout: [0m[m
[92m2022-06-15 22:35:04 I/stdout: 22:35:04.075 [DefaultDispatcher-worker-1] DEBUG io.netty.util.internal.PlatformDependent - maxDirectMemory: 8573157376 bytes (maybe)
[0m[m
[92m2022-06-15 22:35:04 I/stdout: [0m[m
[92m2022-06-15 22:35:04 I/stdout: 22:35:04.076 [DefaultDispatcher-worker-1] DEBUG io.netty.util.internal.PlatformDependent - -Dio.netty.tmpdir: C:\Users\Faker\AppData\Local\Temp (java.io.tmpdir)
[0m[m
[92m2022-06-15 22:35:04 I/stdout: [0m[m
[92m2022-06-15 22:35:04 I/stdout: 22:35:04.077 [DefaultDispatcher-worker-1] DEBUG io.netty.util.internal.PlatformDependent - -Dio.netty.bitMode: 64 (sun.arch.data.model)
[0m[m
[92m2022-06-15 22:35:04 I/stdout: [0m[m
[92m2022-06-15 22:35:04 I/stdout: 22:35:04.078 [DefaultDispatcher-worker-1] DEBUG io.netty.util.internal.PlatformDependent - -Dio.netty.maxDirectMemory: -1 bytes
[0m[m
[92m2022-06-15 22:35:04 I/stdout: [0m[m
[92m2022-06-15 22:35:04 I/stdout: 22:35:04.078 [DefaultDispatcher-worker-1] DEBUG io.netty.util.internal.PlatformDependent - -Dio.netty.uninitializedArrayAllocationThreshold: -1
[0m[m
[92m2022-06-15 22:35:04 I/stdout: [0m[m
[92m2022-06-15 22:35:04 I/stdout: 22:35:04.080 [DefaultDispatcher-worker-1] DEBUG io.netty.util.internal.CleanerJava9 - java.nio.ByteBuffer.cleaner(): available
[0m[m
[92m2022-06-15 22:35:04 I/stdout: [0m[m
[92m2022-06-15 22:35:04 I/stdout: 22:35:04.080 [DefaultDispatcher-worker-1] DEBUG io.netty.util.internal.PlatformDependent - -Dio.netty.noPreferDirect: false
[0m[m
[92m2022-06-15 22:35:04 I/stdout: [0m[m
[92m2022-06-15 22:35:04 I/stdout: 22:35:04.091 [DefaultDispatcher-worker-1] DEBUG io.netty.util.internal.PlatformDependent - org.jctools-core.MpscChunkedArrayQueue: available
[0m[m
[92m2022-06-15 22:35:04 I/stdout: [0m[m
[92m2022-06-15 22:35:04 I/stdout: 22:35:04.872 [DefaultDispatcher-worker-1] DEBUG io.netty.channel.DefaultChannelId - -Dio.netty.processId: 17304 (auto-detected)
[0m[m
[92m2022-06-15 22:35:04 I/stdout: [0m[m
[92m2022-06-15 22:35:04 I/stdout: 22:35:04.874 [DefaultDispatcher-worker-1] DEBUG io.netty.util.NetUtil - -Djava.net.preferIPv4Stack: false
[0m[m
[92m2022-06-15 22:35:04 I/stdout: [0m[m
[92m2022-06-15 22:35:04 I/stdout: 22:35:04.875 [DefaultDispatcher-worker-1] DEBUG io.netty.util.NetUtil - -Djava.net.preferIPv6Addresses: false
[0m[m
[92m2022-06-15 22:35:04 I/stdout: [0m[m
[92m2022-06-15 22:35:05 I/stdout: 22:35:05.511 [DefaultDispatcher-worker-1] DEBUG io.netty.util.NetUtilInitializations - Loopback interface: lo (Software Loopback Interface 1, 127.0.0.1)
[0m[m
[92m2022-06-15 22:35:05 I/stdout: [0m[m
[92m2022-06-15 22:35:05 I/stdout: 22:35:05.513 [DefaultDispatcher-worker-1] DEBUG io.netty.util.NetUtil - Failed to get SOMAXCONN from sysctl and file \proc\sys\net\core\somaxconn. Default: 200
[0m[m
[92m2022-06-15 22:35:05 I/stdout: [0m[m
[92m2022-06-15 22:35:06 I/stdout: 22:35:06.269 [DefaultDispatcher-worker-1] DEBUG io.netty.channel.DefaultChannelId - -Dio.netty.machineId: 00:00:00:00:00:00:00:e0 (auto-detected)
[0m[m
[92m2022-06-15 22:35:06 I/stdout: [0m[m
[92m2022-06-15 22:35:06 I/stdout: 22:35:06.290 [DefaultDispatcher-worker-1] DEBUG io.netty.util.ResourceLeakDetector - -Dio.netty.leakDetection.level: simple
[0m[m
[92m2022-06-15 22:35:06 I/stdout: [0m[m
[92m2022-06-15 22:35:06 I/stdout: 22:35:06.291 [DefaultDispatcher-worker-1] DEBUG io.netty.util.ResourceLeakDetector - -Dio.netty.leakDetection.targetRecords: 4
[0m[m
[92m2022-06-15 22:35:06 I/stdout: [0m[m
[92m2022-06-15 22:35:06 I/stdout: 22:35:06.327 [DefaultDispatcher-worker-1] DEBUG io.netty.buffer.PooledByteBufAllocator - -Dio.netty.allocator.numHeapArenas: 12
[0m[m
[92m2022-06-15 22:35:06 I/stdout: [0m[m
[92m2022-06-15 22:35:06 I/stdout: 22:35:06.328 [DefaultDispatcher-worker-1] DEBUG io.netty.buffer.PooledByteBufAllocator - -Dio.netty.allocator.numDirectArenas: 12
[0m[m
[92m2022-06-15 22:35:06 I/stdout: [0m[m
[92m2022-06-15 22:35:06 I/stdout: 22:35:06.328 [DefaultDispatcher-worker-1] DEBUG io.netty.buffer.PooledByteBufAllocator - -Dio.netty.allocator.pageSize: 8192
[0m[m
[92m2022-06-15 22:35:06 I/stdout: [0m[m
[92m2022-06-15 22:35:06 I/stdout: 22:35:06.329 [DefaultDispatcher-worker-1] DEBUG io.netty.buffer.PooledByteBufAllocator - -Dio.netty.allocator.maxOrder: 11
[0m[m
[92m2022-06-15 22:35:06 I/stdout: [0m[m
[92m2022-06-15 22:35:06 I/stdout: 22:35:06.329 [DefaultDispatcher-worker-1] DEBUG io.netty.buffer.PooledByteBufAllocator - -Dio.netty.allocator.chunkSize: 16777216
[0m[m
[92m2022-06-15 22:35:06 I/stdout: [0m[m
[92m2022-06-15 22:35:06 I/stdout: 22:35:06.330 [DefaultDispatcher-worker-1] DEBUG io.netty.buffer.PooledByteBufAllocator - -Dio.netty.allocator.smallCacheSize: 256
[0m[m
[92m2022-06-15 22:35:06 I/stdout: [0m[m
[92m2022-06-15 22:35:06 I/stdout: 22:35:06.330 [DefaultDispatcher-worker-1] DEBUG io.netty.buffer.PooledByteBufAllocator - -Dio.netty.allocator.normalCacheSize: 64
[0m[m
[92m2022-06-15 22:35:06 I/stdout: [0m[m
[92m2022-06-15 22:35:06 I/stdout: 22:35:06.330 [DefaultDispatcher-worker-1] DEBUG io.netty.buffer.PooledByteBufAllocator - -Dio.netty.allocator.maxCachedBufferCapacity: 32768
[0m[m
[92m2022-06-15 22:35:06 I/stdout: [0m[m
[92m2022-06-15 22:35:06 I/stdout: 22:35:06.331 [DefaultDispatcher-worker-1] DEBUG io.netty.buffer.PooledByteBufAllocator - -Dio.netty.allocator.cacheTrimInterval: 8192
[0m[m
[92m2022-06-15 22:35:06 I/stdout: [0m[m
[92m2022-06-15 22:35:06 I/stdout: 22:35:06.331 [DefaultDispatcher-worker-1] DEBUG io.netty.buffer.PooledByteBufAllocator - -Dio.netty.allocator.cacheTrimIntervalMillis: 0
[0m[m
[92m2022-06-15 22:35:06 I/stdout: [0m[m
[92m2022-06-15 22:35:06 I/stdout: 22:35:06.332 [DefaultDispatcher-worker-1] DEBUG io.netty.buffer.PooledByteBufAllocator - -Dio.netty.allocator.useCacheForAllThreads: true
[0m[m
[92m2022-06-15 22:35:06 I/stdout: [0m[m
[92m2022-06-15 22:35:06 I/stdout: 22:35:06.333 [DefaultDispatcher-worker-1] DEBUG io.netty.buffer.PooledByteBufAllocator - -Dio.netty.allocator.maxCachedByteBuffersPerChunk: 1023
[0m[m
[92m2022-06-15 22:35:06 I/stdout: [0m[m
[92m2022-06-15 22:35:06 I/stdout: 22:35:06.355 [DefaultDispatcher-worker-1] DEBUG io.netty.buffer.ByteBufUtil - -Dio.netty.allocator.type: pooled
[0m[m
[92m2022-06-15 22:35:06 I/stdout: [0m[m
[92m2022-06-15 22:35:06 I/stdout: 22:35:06.356 [DefaultDispatcher-worker-1] DEBUG io.netty.buffer.ByteBufUtil - -Dio.netty.threadLocalDirectBufferSize: 0
[0m[m
[92m2022-06-15 22:35:06 I/stdout: [0m[m
[92m2022-06-15 22:35:06 I/stdout: 22:35:06.357 [DefaultDispatcher-worker-1] DEBUG io.netty.buffer.ByteBufUtil - -Dio.netty.maxThreadLocalCharBufferSize: 16384
[0m[m
[92m2022-06-15 22:35:06 I/stdout: [0m[m
[92m2022-06-15 22:35:07 I/Bot.3110526590: Loaded account secrets from local cache.[0m[m
[92m2022-06-15 22:35:07 I/stdout: 22:35:07.595 [DefaultDispatcher-worker-1] DEBUG io.netty.util.Recycler - -Dio.netty.recycler.maxCapacityPerThread: 4096
[0m[m
[92m2022-06-15 22:35:07 I/stdout: [0m[m
[92m2022-06-15 22:35:07 I/stdout: 22:35:07.595 [DefaultDispatcher-worker-1] DEBUG io.netty.util.Recycler - -Dio.netty.recycler.maxSharedCapacityFactor: 2
[0m[m
[92m2022-06-15 22:35:07 I/stdout: [0m[m
[92m2022-06-15 22:35:07 I/stdout: 22:35:07.595 [DefaultDispatcher-worker-1] DEBUG io.netty.util.Recycler - -Dio.netty.recycler.linkCapacity: 16
[0m[m
[92m2022-06-15 22:35:07 I/stdout: [0m[m
[92m2022-06-15 22:35:07 I/stdout: 22:35:07.595 [DefaultDispatcher-worker-1] DEBUG io.netty.util.Recycler - -Dio.netty.recycler.ratio: 8
[0m[m
[92m2022-06-15 22:35:07 I/stdout: [0m[m
[92m2022-06-15 22:35:07 I/stdout: 22:35:07.596 [DefaultDispatcher-worker-1] DEBUG io.netty.util.Recycler - -Dio.netty.recycler.delayedQueue.ratio: 8
[0m[m
[92m2022-06-15 22:35:07 I/stdout: [0m[m
[92m2022-06-15 22:35:07 I/stdout: 22:35:07.608 [nioEventLoopGroup-2-1] DEBUG io.netty.buffer.AbstractByteBuf - -Dio.netty.buffer.checkAccessible: true
[0m[m
[92m2022-06-15 22:35:07 I/stdout: [0m[m
[92m2022-06-15 22:35:07 I/stdout: 22:35:07.609 [nioEventLoopGroup-2-1] DEBUG io.netty.buffer.AbstractByteBuf - -Dio.netty.buffer.checkBounds: true
[0m[m
[92m2022-06-15 22:35:07 I/stdout: [0m[m
[92m2022-06-15 22:35:07 I/stdout: 22:35:07.610 [nioEventLoopGroup-2-1] DEBUG io.netty.util.ResourceLeakDetectorFactory - Loaded default ResourceLeakDetector: io.netty.util.ResourceLeakDetector@2a3b27de
[0m[m
[92m2022-06-15 22:35:07 I/stdout: [0m[m
[92m2022-06-15 22:35:07 I/Bot.3110526590: Saved account secrets to local cache for fast login.[0m[m
[92m2022-06-15 22:35:08 I/Bot.3110526590: Login successful.[0m[m
[0m2022-06-15 22:35:08 V/Bot.3110526590: Event: BotOnlineEvent(bot=Bot(3110526590))[0m[m
[92m2022-06-15 22:35:08 I/Bot.3110526590: Bot login successful.[0m[m
[0m2022-06-15 22:35:30 V/Bot.3110526590: [OOP、一朵白云☁️、Hid(870745666)] Hide on bush(75046675) -> kgg来点[0m[m
[0m2022-06-15 22:35:31 V/Bot.3110526590: Group(870745666) <- [mirai:quote:[5966],[832955254]]对不起，您没有权限使用该功能[0m[m
[0m2022-06-15 22:35:34 V/Bot.3110526590: [OOP、一朵白云☁️、Hid(870745666)] Hide on bush(75046675) -> kgg美女[0m[m
[0m2022-06-15 22:35:34 V/Bot.3110526590: Group(870745666) <- [mirai:quote:[5968],[-925782614]]对不起，您没有权限使用该功能[0m[m
[0m2022-06-15 22:35:36 V/Bot.3110526590: [OOP、一朵白云☁️、Hid(870745666)] Hide on bush(75046675) -> kggcos[0m[m
[0m2022-06-15 22:35:37 V/Bot.3110526590: Group(870745666) <- [mirai:quote:[5970],[-891953932]]对不起，您没有权限使用该功能[0m[m
[0m2022-06-15 22:35:39 V/Bot.3110526590: [OOP、一朵白云☁️、Hid(870745666)] Hide on bush(75046675) -> kgg买家秀[0m[m
[0m2022-06-15 22:35:39 V/Bot.3110526590: Group(870745666) <- [mirai:quote:[5972],[66655151]]对不起，您没有权限使用该功能[0m[m
[92m2022-06-15 22:35:43 I/Bot.3110526590: Bot cancelled: Job was cancelled[0m[m
