[0m2022-06-18 21:53:12 V/Net 1284994403: Loading server list from cache.[0m
[92m2022-06-18 21:53:12 I/Net 1284994403: Server list: 180.102.111.213:80, 42.81.184.206:80, 183.2.144.33:443, 42.81.194.77:80, 119.147.190.155:443, 183.47.102.218:8080, 180.101.246.26:14000, msfwifi.3g.qq.com:8080, 123.151.54.180:8080.[0m
[92m2022-06-18 21:53:13 I/Net 1284994403: ECDH key is invalid, start to fetch ecdh public key from server.[0m
[92m2022-06-18 21:53:14 I/Net 1284994403: Successfully fetched ecdh public key from server.[0m
[0m2022-06-18 21:53:14 V/Net 1284994403: Send: wtlogin.exchange_emp[0m
[0m2022-06-18 21:53:19 V/Net 1284994403: Recv: wtlogin.exchange_emp[0m
[0m2022-06-18 21:53:19 V/Net 1284994403: Send: StatSvc.register(online)[0m
[0m2022-06-18 21:53:24 V/Net 1284994403: Send: StatSvc.register(online)[0m
[92m2022-06-18 21:53:27 I/Net 1284994403: Server time updated, serverTime: 1655560404, diff: -3ms=-0.003s[0m
[0m2022-06-18 21:53:27 V/Net 1284994403: Recv: StatSvc.register[0m
[0m2022-06-18 21:53:27 V/Net 1284994403: Loading BdhSession from cache file[0m
[92m2022-06-18 21:53:27 I/Net 1284994403: Syncing friend message history...[0m
[92m2022-06-18 21:53:27 I/Net 1284994403: Loaded 5 friends from local cache.[0m
[0m2022-06-18 21:53:27 V/Net 1284994403: Send: StatSvc.GetDevLoginInfo(StatSvc.GetDevLoginInfo)[0m
[92m2022-06-18 21:53:27 I/Net 1284994403: Start loading stranger list...[0m
[0m2022-06-18 21:53:27 V/Net 1284994403: Send: OidbSvc.0x496(OidbSvc.0x496)[0m
[0m2022-06-18 21:53:27 V/Net 1284994403: Send: friendlist.getFriendGroupList(friendlist.getFriendGroupList)[0m
[0m2022-06-18 21:53:27 V/Net 1284994403: Send: OidbSvc.0x5d2_0(OidbSvc.0x5d2_0)[0m
[92m2022-06-18 21:53:30 I/Net 1284994403: Server list: msfwifi.3g.qq.com:8080, 114.222.112.79:80, 183.47.99.24:8080, 183.47.102.145:443, 42.81.184.206:80, 180.109.52.205:14000, 123.151.54.194:8080, 113.96.18.253:443, 221.238.41.118:80.[0m
[0m2022-06-18 21:53:30 V/Net 1284994403: Saving bdh session to cache[0m
[0m2022-06-18 21:53:30 V/Net 1284994403: Saving server list to cache[0m
[0m2022-06-18 21:53:30 V/Net 1284994403: Send: ConfigPushSvc.PushResp(ConfigPushSvc.PushResp)[0m
[0m2022-06-18 21:53:30 V/Net 1284994403: Recv: ConfigPushSvc.PushReq[0m
[0m2022-06-18 21:53:30 V/Net 1284994403: Saving bdh session to cache[0m
[0m2022-06-18 21:53:30 V/Net 1284994403: Send: ConfigPushSvc.PushResp(ConfigPushSvc.PushResp)[0m
[0m2022-06-18 21:53:30 V/Net 1284994403: Recv: ConfigPushSvc.PushReq[0m
[0m2022-06-18 21:53:32 V/Net 1284994403: Send: StatSvc.GetDevLoginInfo(StatSvc.GetDevLoginInfo)[0m
[0m2022-06-18 21:53:32 V/Net 1284994403: Send: OidbSvc.0x496(OidbSvc.0x496)[0m
[0m2022-06-18 21:53:32 V/Net 1284994403: Send: friendlist.getFriendGroupList(friendlist.getFriendGroupList)[0m
[0m2022-06-18 21:53:32 V/Net 1284994403: Send: OidbSvc.0x5d2_0(OidbSvc.0x5d2_0)[0m
[92m2022-06-18 21:53:33 I/Net 1284994403: Server time updated, serverTime: 1655560408, diff: -5ms=-0.005s[0m
[0m2022-06-18 21:53:33 V/Net 1284994403: Recv: StatSvc.register[0m
[0m2022-06-18 21:53:34 V/Net 1284994403: Recv: OidbSvc.0x5d2_0[0m
[92m2022-06-18 21:53:34 I/Net 1284994403: Successfully loaded stranger list: 0 in total[0m
[92m2022-06-18 21:53:34 I/Net 1284994403: Syncing friend message history: Success.[0m
[0m2022-06-18 21:53:34 V/Net 1284994403: Recv: StatSvc.GetDevLoginInfo[0m
[92m2022-06-18 21:53:34 I/Net 1284994403: No OtherClient online.[0m
[92m2022-06-18 21:53:34 I/Net 1284994403: Start loading group list...[0m
[0m2022-06-18 21:53:34 V/Net 1284994403: Recv: OidbSvc.0x496[0m
[0m2022-06-18 21:53:34 V/Net 1284994403: Recv: friendlist.getFriendGroupList[0m
[0m2022-06-18 21:53:34 V/Net 1284994403: Send: friendlist.GetTroopListReqV2(friendlist.GetTroopListReqV2)[0m
[0m2022-06-18 21:53:39 V/Net 1284994403: Send: friendlist.GetTroopListReqV2(friendlist.GetTroopListReqV2)[0m
[0m2022-06-18 21:53:40 V/Net 1284994403: Recv: OidbSvc.0x5d2_0[0m
[0m2022-06-18 21:53:40 V/Net 1284994403: Recv: OidbSvc.0x496[0m
[0m2022-06-18 21:53:40 V/Net 1284994403: Recv: StatSvc.GetDevLoginInfo[0m
[0m2022-06-18 21:53:40 V/Net 1284994403: Recv: friendlist.getFriendGroupList[0m
[0m2022-06-18 21:53:42 V/Net 1284994403: Recv: friendlist.GetTroopListReqV2[0m
[0m2022-06-18 21:53:42 V/Net 1284994403: Send: friendlist.GetTroopMemberListReq(friendlist.GetTroopMemberListReq)[0m
[0m2022-06-18 21:53:43 V/Net 1284994403: Recv: friendlist.GetTroopListReqV2[0m
[91m2022-06-18 21:53:44 W/Net 1284994403: An exception was thrown during initialization process of Bot 1284994403. Trying to ignore the error and continue logging in...
kotlinx.coroutines.JobCancellationException: Job was cancelled; job=SupervisorJobImpl{Cancelling}@3a904125
	Suppressed: java.util.concurrent.CancellationException: SelectorNetworkHandler is already closed
		at net.mamoe.mirai.internal.network.handler.selector.SelectorNetworkHandler.sendAndExpect$suspendImpl(SelectorNetworkHandler.kt:124)
		at net.mamoe.mirai.internal.network.handler.selector.SelectorNetworkHandler.sendAndExpect(SelectorNetworkHandler.kt)
		at net.mamoe.mirai.internal.MiraiImpl.getRawGroupMemberList$suspendImpl(MiraiImpl.kt:371)
		at net.mamoe.mirai.internal.MiraiImpl.getRawGroupMemberList(MiraiImpl.kt)
		at net.mamoe.mirai.internal.network.components.ContactUpdaterImpl.addGroupToBot$lambda-11$refreshGroupMemberList(ContactUpdater.kt:189)
		at net.mamoe.mirai.internal.network.components.ContactUpdaterImpl.addGroupToBot(ContactUpdater.kt:203)
		at net.mamoe.mirai.internal.network.components.ContactUpdaterImpl.access$addGroupToBot(ContactUpdater.kt:72)
		at net.mamoe.mirai.internal.network.components.ContactUpdaterImpl$reloadGroupList$3$1$1.invokeSuspend(ContactUpdater.kt:267)
		at kotlin.coroutines.jvm.internal.BaseContinuationImpl.resumeWith(ContinuationImpl.kt:33)
		at kotlinx.coroutines.internal.ScopeCoroutine.afterResume(Scopes.kt:33)
		at kotlinx.coroutines.AbstractCoroutine.resumeWith(AbstractCoroutine.kt:102)
		at kotlin.coroutines.jvm.internal.BaseContinuationImpl.resumeWith(ContinuationImpl.kt:46)
		at kotlinx.coroutines.DispatchedTask.run(DispatchedTask.kt:104)
		at kotlinx.coroutines.scheduling.CoroutineScheduler.runSafely(CoroutineScheduler.kt:570)
		at kotlinx.coroutines.scheduling.CoroutineScheduler$Worker.executeTask(CoroutineScheduler.kt:749)
		at kotlinx.coroutines.scheduling.CoroutineScheduler$Worker.runWorker(CoroutineScheduler.kt:677)
		at kotlinx.coroutines.scheduling.CoroutineScheduler$Worker.run(CoroutineScheduler.kt:664)
		Suppressed: java.util.concurrent.CancellationException: SelectorNetworkHandler is already closed
			... 17 more
			Suppressed: java.util.concurrent.CancellationException: SelectorNetworkHandler is already closed
				... 17 more
				Suppressed: java.util.concurrent.CancellationException: SelectorNetworkHandler is already closed
					... 17 more
[0m
[31m2022-06-18 21:53:44 E/Net 1284994403: Exception in coroutine 'BotInitProcessor.init'
java.lang.IllegalStateException: Exception in attached Job 'BotInitProcessor.init'
	at net.mamoe.mirai.internal.network.handler.state.JobAttachStateObserver$stateChanged0$1.invokeSuspend(JobAttachStateObserver.kt:40)
	at kotlin.coroutines.jvm.internal.BaseContinuationImpl.resumeWith(ContinuationImpl.kt:33)
	at kotlinx.coroutines.DispatchedTask.run(DispatchedTask.kt:104)
	at kotlinx.coroutines.scheduling.CoroutineScheduler.runSafely(CoroutineScheduler.kt:570)
	at kotlinx.coroutines.scheduling.CoroutineScheduler$Worker.executeTask(CoroutineScheduler.kt:749)
	at kotlinx.coroutines.scheduling.CoroutineScheduler$Worker.runWorker(CoroutineScheduler.kt:677)
	at kotlinx.coroutines.scheduling.CoroutineScheduler$Worker.run(CoroutineScheduler.kt:664)
Caused by: kotlinx.coroutines.JobCancellationException: Job was cancelled; job=SupervisorJobImpl{Cancelling}@3a904125
	Suppressed: java.util.concurrent.CancellationException: SelectorNetworkHandler is already closed
		at net.mamoe.mirai.internal.network.handler.selector.SelectorNetworkHandler.sendAndExpect$suspendImpl(SelectorNetworkHandler.kt:124)
		at net.mamoe.mirai.internal.network.handler.selector.SelectorNetworkHandler.sendAndExpect(SelectorNetworkHandler.kt)
		at net.mamoe.mirai.internal.MiraiImpl.getRawGroupMemberList$suspendImpl(MiraiImpl.kt:371)
		at net.mamoe.mirai.internal.MiraiImpl.getRawGroupMemberList(MiraiImpl.kt)
		at net.mamoe.mirai.internal.network.components.ContactUpdaterImpl.addGroupToBot$lambda-11$refreshGroupMemberList(ContactUpdater.kt:189)
		at net.mamoe.mirai.internal.network.components.ContactUpdaterImpl.addGroupToBot(ContactUpdater.kt:203)
		at net.mamoe.mirai.internal.network.components.ContactUpdaterImpl.access$addGroupToBot(ContactUpdater.kt:72)
		at net.mamoe.mirai.internal.network.components.ContactUpdaterImpl$reloadGroupList$3$1$1.invokeSuspend(ContactUpdater.kt:267)
		at kotlin.coroutines.jvm.internal.BaseContinuationImpl.resumeWith(ContinuationImpl.kt:33)
		at kotlinx.coroutines.internal.ScopeCoroutine.afterResume(Scopes.kt:33)
		at kotlinx.coroutines.AbstractCoroutine.resumeWith(AbstractCoroutine.kt:102)
		at kotlin.coroutines.jvm.internal.BaseContinuationImpl.resumeWith(ContinuationImpl.kt:46)
		at kotlinx.coroutines.DispatchedTask.run(DispatchedTask.kt:104)
		at kotlinx.coroutines.scheduling.CoroutineScheduler.runSafely(CoroutineScheduler.kt:570)
		at kotlinx.coroutines.scheduling.CoroutineScheduler$Worker.executeTask(CoroutineScheduler.kt:749)
		at kotlinx.coroutines.scheduling.CoroutineScheduler$Worker.runWorker(CoroutineScheduler.kt:677)
		at kotlinx.coroutines.scheduling.CoroutineScheduler$Worker.run(CoroutineScheduler.kt:664)
		Suppressed: java.util.concurrent.CancellationException: SelectorNetworkHandler is already closed
			... 17 more
			Suppressed: java.util.concurrent.CancellationException: SelectorNetworkHandler is already closed
				... 17 more
				Suppressed: java.util.concurrent.CancellationException: SelectorNetworkHandler is already closed
					... 17 more
[0m
[0m2022-06-18 21:53:52 V/Net 1284994403: Loading server list from cache.[0m
[92m2022-06-18 21:53:52 I/Net 1284994403: Server list: msfwifi.3g.qq.com:8080, 114.222.112.79:80, 183.47.99.24:8080, 183.47.102.145:443, 42.81.184.206:80, 180.109.52.205:14000, 123.151.54.194:8080, 113.96.18.253:443, 221.238.41.118:80.[0m
[92m2022-06-18 21:53:53 I/Net 1284994403: ECDH key is valid.[0m
[0m2022-06-18 21:53:54 V/Net 1284994403: Send: wtlogin.exchange_emp[0m
[0m2022-06-18 21:53:54 V/Net 1284994403: Recv: wtlogin.exchange_emp[0m
[0m2022-06-18 21:53:54 V/Net 1284994403: Send: StatSvc.register(online)[0m
[92m2022-06-18 21:53:54 I/Net 1284994403: Server time updated, serverTime: 1655560434, diff: 0ms=0.0s[0m
[0m2022-06-18 21:53:54 V/Net 1284994403: Recv: StatSvc.register[0m
[92m2022-06-18 21:53:54 I/Net 1284994403: Syncing friend message history...[0m
[0m2022-06-18 21:53:54 V/Net 1284994403: Loading BdhSession from cache file[0m
[0m2022-06-18 21:53:54 V/Net 1284994403: Send: StatSvc.GetDevLoginInfo(StatSvc.GetDevLoginInfo)[0m
[92m2022-06-18 21:53:54 I/Net 1284994403: Loaded 5 friends from local cache.[0m
[92m2022-06-18 21:53:54 I/Net 1284994403: Start loading stranger list...[0m
[0m2022-06-18 21:53:54 V/Net 1284994403: Send: OidbSvc.0x496(OidbSvc.0x496)[0m
[0m2022-06-18 21:53:54 V/Net 1284994403: Send: OidbSvc.0x5d2_0(OidbSvc.0x5d2_0)[0m
[0m2022-06-18 21:53:54 V/Net 1284994403: Send: friendlist.getFriendGroupList(friendlist.getFriendGroupList)[0m
[0m2022-06-18 21:53:54 V/Net 1284994403: Recv: StatSvc.GetDevLoginInfo[0m
[92m2022-06-18 21:53:54 I/Net 1284994403: No OtherClient online.[0m
[92m2022-06-18 21:53:54 I/Net 1284994403: Syncing friend message history: Success.[0m
[0m2022-06-18 21:53:54 V/Net 1284994403: Recv: OidbSvc.0x5d2_0[0m
[92m2022-06-18 21:53:54 I/Net 1284994403: Successfully loaded stranger list: 0 in total[0m
[92m2022-06-18 21:53:54 I/Net 1284994403: Start loading group list...[0m
[0m2022-06-18 21:53:54 V/Net 1284994403: Recv: OidbSvc.0x496[0m
[0m2022-06-18 21:53:54 V/Net 1284994403: Send: friendlist.GetTroopListReqV2(friendlist.GetTroopListReqV2)[0m
[0m2022-06-18 21:53:54 V/Net 1284994403: Recv: friendlist.getFriendGroupList[0m
[0m2022-06-18 21:53:54 V/Net 1284994403: Recv: friendlist.GetTroopListReqV2[0m
[0m2022-06-18 21:53:55 V/Net 1284994403: Send: friendlist.GetTroopMemberListReq(friendlist.GetTroopMemberListReq)[0m
[0m2022-06-18 21:53:55 V/Net 1284994403: Recv: friendlist.GetTroopMemberListReq[0m
[92m2022-06-18 21:53:55 I/Net 1284994403: Successfully loaded group list: 1 in total.[0m
[92m2022-06-18 21:53:55 I/Net 1284994403: Saved 1 groups to local cache.[0m
[92m2022-06-18 21:53:55 I/Net 1284994403: Scheduled refresh login session in 19d 23h 55min 0.0s.[0m
[92m2022-06-18 21:53:55 I/Net 1284994403: Scheduled key refresh in 23h 55min 0.0s.[0m
[0m2022-06-18 21:53:57 V/Net 1284994403: Saving bdh session to cache[0m
[0m2022-06-18 21:53:57 V/Net 1284994403: Send: ConfigPushSvc.PushResp(ConfigPushSvc.PushResp)[0m
[0m2022-06-18 21:53:57 V/Net 1284994403: Recv: ConfigPushSvc.PushReq[0m
[0m2022-06-18 21:55:04 V/Net 1284994403: Send: OidbSvc.0x570_8(OidbSvc.0x570_8)[0m
[0m2022-06-18 21:55:04 V/Net 1284994403: Recv: OidbSvc.0x570_8[0m
[0m2022-06-18 21:55:04 V/Net 1284994403: Send: OidbSvc.0x570_8(OidbSvc.0x570_8)[0m
[0m2022-06-18 21:55:04 V/Net 1284994403: Recv: OidbSvc.0x570_8[0m
[0m2022-06-18 21:55:04 V/Net 1284994403: Send: OidbSvc.0x570_8(OidbSvc.0x570_8)[0m
[0m2022-06-18 21:55:04 V/Net 1284994403: Recv: OidbSvc.0x570_8[0m
[0m2022-06-18 21:58:25 V/Net 1284994403: Send: StatSvc.register(online)[0m
[92m2022-06-18 21:58:25 I/Net 1284994403: Server time updated, serverTime: 1655560704, diff: -1ms=-0.001s[0m
[0m2022-06-18 21:58:25 V/Net 1284994403: Recv: StatSvc.register[0m
[91m2022-06-18 22:02:01 W/Net 1284994403: HeartbeatFailedException: 1284994403.AliveHeartbeat, recoverable=true, cause=PacketTimeoutException(message=1284994403.AliveHeartbeat Scheduler: Timeout receiving action response, cause=kotlinx.coroutines.TimeoutCancellationException: Timed out waiting for 5000 ms)
HeartbeatFailedException: 1284994403.AliveHeartbeat, recoverable=true, cause=PacketTimeoutException(message=1284994403.AliveHeartbeat Scheduler: Timeout receiving action response, cause=kotlinx.coroutines.TimeoutCancellationException: Timed out waiting for 5000 ms)
	at net.mamoe.mirai.internal.network.impl.netty.NettyNetworkHandler$StateOK$heartbeatJobs$1$1.invoke(NettyNetworkHandler.kt:370)
	at net.mamoe.mirai.internal.network.impl.netty.NettyNetworkHandler$StateOK$heartbeatJobs$1$1.invoke(NettyNetworkHandler.kt:370)
	at net.mamoe.mirai.internal.network.handler.NetworkHandlerSupport.setStateImpl$mirai_core(NetworkHandlerSupport.kt:283)
	at net.mamoe.mirai.internal.network.impl.netty.NettyNetworkHandler$StateOK$heartbeatJobs$1.invoke(NettyNetworkHandler.kt:422)
	at net.mamoe.mirai.internal.network.impl.netty.NettyNetworkHandler$StateOK$heartbeatJobs$1.invoke(NettyNetworkHandler.kt:369)
	at net.mamoe.mirai.internal.network.components.TimeBasedHeartbeatSchedulerImpl$launchHeartbeatJobAsync$1.invokeSuspend(HeartbeatScheduler.kt:126)
	at kotlin.coroutines.jvm.internal.BaseContinuationImpl.resumeWith(ContinuationImpl.kt:33)
	at kotlinx.coroutines.internal.ScopeCoroutine.afterResume(Scopes.kt:33)
	at kotlinx.coroutines.AbstractCoroutine.resumeWith(AbstractCoroutine.kt:102)
	at kotlin.coroutines.jvm.internal.BaseContinuationImpl.resumeWith(ContinuationImpl.kt:46)
	at kotlinx.coroutines.internal.ScopeCoroutine.afterResume(Scopes.kt:33)
	at kotlinx.coroutines.AbstractCoroutine.resumeWith(AbstractCoroutine.kt:102)
	at kotlin.coroutines.jvm.internal.BaseContinuationImpl.resumeWith(ContinuationImpl.kt:46)
	at kotlinx.coroutines.DispatchedTask.run(DispatchedTask.kt:104)
	at kotlinx.coroutines.scheduling.CoroutineScheduler.runSafely(CoroutineScheduler.kt:570)
	at kotlinx.coroutines.scheduling.CoroutineScheduler$Worker.executeTask(CoroutineScheduler.kt:749)
	at kotlinx.coroutines.scheduling.CoroutineScheduler$Worker.runWorker(CoroutineScheduler.kt:677)
	at kotlinx.coroutines.scheduling.CoroutineScheduler$Worker.run(CoroutineScheduler.kt:664)
Caused by: PacketTimeoutException(message=1284994403.AliveHeartbeat Scheduler: Timeout receiving action response, cause=kotlinx.coroutines.TimeoutCancellationException: Timed out waiting for 5000 ms)
	at net.mamoe.mirai.internal.network.components.TimeBasedHeartbeatSchedulerImpl$launchHeartbeatJobAsync$1.invokeSuspend(HeartbeatScheduler.kt:128)
	... 12 more
Caused by: kotlinx.coroutines.TimeoutCancellationException: Timed out waiting for 5000 ms
	at kotlinx.coroutines.TimeoutKt.TimeoutCancellationException(Timeout.kt:184)
	at kotlinx.coroutines.TimeoutCoroutine.run(Timeout.kt:154)
	at kotlinx.coroutines.EventLoopImplBase$DelayedRunnableTask.run(EventLoop.common.kt:502)
	at kotlinx.coroutines.EventLoopImplBase.processNextEvent(EventLoop.common.kt:279)
	at kotlinx.coroutines.DefaultExecutor.run(DefaultExecutor.kt:108)
	at java.base/java.lang.Thread.run(Thread.java:832)
[0m
[0m2022-06-18 22:02:01 V/Net 1284994403: Loading server list from cache.[0m
[92m2022-06-18 22:02:01 I/Net 1284994403: Server list: msfwifi.3g.qq.com:8080, 114.222.112.79:80, 183.47.99.24:8080, 183.47.102.145:443, 42.81.184.206:80, 180.109.52.205:14000, 123.151.54.194:8080, 113.96.18.253:443, 221.238.41.118:80.[0m
[92m2022-06-18 22:02:01 I/Net 1284994403: ECDH key is valid.[0m
[0m2022-06-18 22:02:01 V/Net 1284994403: Send: wtlogin.exchange_emp[0m
[0m2022-06-18 22:02:01 V/Net 1284994403: Recv: wtlogin.exchange_emp[0m
[0m2022-06-18 22:02:01 V/Net 1284994403: Send: StatSvc.register(online)[0m
[92m2022-06-18 22:02:01 I/Net 1284994403: Server time updated, serverTime: 1655560921, diff: 0ms=0.0s[0m
[0m2022-06-18 22:02:01 V/Net 1284994403: Recv: StatSvc.register[0m
[92m2022-06-18 22:02:01 I/Net 1284994403: Scheduled key refresh in 23h 55min 0.0s.[0m
[92m2022-06-18 22:02:01 I/Net 1284994403: Scheduled refresh login session in 19d 23h 55min 0.0s.[0m
[0m2022-06-18 22:02:04 V/Net 1284994403: Saving bdh session to cache[0m
[0m2022-06-18 22:02:04 V/Net 1284994403: Send: ConfigPushSvc.PushResp(ConfigPushSvc.PushResp)[0m
[0m2022-06-18 22:02:04 V/Net 1284994403: Recv: ConfigPushSvc.PushReq[0m
[0m2022-06-18 22:06:31 V/Net 1284994403: Send: StatSvc.register(online)[0m
[92m2022-06-18 22:06:31 I/Net 1284994403: Server time updated, serverTime: 1655561191, diff: 0ms=0.0s[0m
[0m2022-06-18 22:06:31 V/Net 1284994403: Recv: StatSvc.register[0m
[0m2022-06-18 22:11:01 V/Net 1284994403: Send: StatSvc.register(online)[0m
[92m2022-06-18 22:11:01 I/Net 1284994403: Server time updated, serverTime: 1655561461, diff: 0ms=0.0s[0m
[0m2022-06-18 22:11:01 V/Net 1284994403: Recv: StatSvc.register[0m
[0m2022-06-18 22:15:31 V/Net 1284994403: Send: StatSvc.register(online)[0m
[92m2022-06-18 22:15:31 I/Net 1284994403: Server time updated, serverTime: 1655561731, diff: 0ms=0.0s[0m
[0m2022-06-18 22:15:31 V/Net 1284994403: Recv: StatSvc.register[0m
[0m2022-06-18 22:20:01 V/Net 1284994403: Send: StatSvc.register(online)[0m
[92m2022-06-18 22:20:01 I/Net 1284994403: Server time updated, serverTime: 1655562001, diff: 0ms=0.0s[0m
[0m2022-06-18 22:20:01 V/Net 1284994403: Recv: StatSvc.register[0m
[0m2022-06-18 22:23:22 V/Net 1284994403: Send: OidbSvc.0x570_8(OidbSvc.0x570_8)[0m
[0m2022-06-18 22:23:22 V/Net 1284994403: Recv: OidbSvc.0x570_8[0m
[0m2022-06-18 22:23:22 V/Net 1284994403: Send: OidbSvc.0x570_8(OidbSvc.0x570_8)[0m
[0m2022-06-18 22:23:22 V/Net 1284994403: Recv: OidbSvc.0x570_8[0m
[0m2022-06-18 22:24:29 V/Net 1284994403: Send: MessageSvc.PbSendMsg(MessageSvc.PbSendMsg)[0m
[0m2022-06-18 22:24:30 V/Net 1284994403: Recv: MessageSvc.PbSendMsg[0m
[0m2022-06-18 22:24:30 V/Net 1284994403: Send: OidbSvc.0x570_8(OidbSvc.0x570_8)[0m
[0m2022-06-18 22:24:30 V/Net 1284994403: Recv: OidbSvc.0x570_8[0m
[0m2022-06-18 22:24:30 V/Net 1284994403: Send: MessageSvc.PbSendMsg(MessageSvc.PbSendMsg)[0m
[0m2022-06-18 22:24:30 V/Net 1284994403: Send: friendlist.ModifyGroupCardReq(friendlist.ModifyGroupCardReq)[0m
[0m2022-06-18 22:24:30 V/Net 1284994403: Recv: friendlist.ModifyGroupCardReq[0m
[0m2022-06-18 22:24:30 V/Net 1284994403: Recv: MessageSvc.PbSendMsg[0m
[0m2022-06-18 22:24:31 V/Net 1284994403: Send: StatSvc.register(online)[0m
[92m2022-06-18 22:24:31 I/Net 1284994403: Server time updated, serverTime: 1655562271, diff: 0ms=0.0s[0m
[0m2022-06-18 22:24:31 V/Net 1284994403: Recv: StatSvc.register[0m
[0m2022-06-18 22:29:02 V/Net 1284994403: Send: StatSvc.register(online)[0m
[92m2022-06-18 22:29:02 I/Net 1284994403: Server time updated, serverTime: 1655562541, diff: -1ms=-0.001s[0m
[0m2022-06-18 22:29:02 V/Net 1284994403: Recv: StatSvc.register[0m
[0m2022-06-18 22:29:58 V/Net 1284994403: Send: MessageSvc.PbSendMsg(MessageSvc.PbSendMsg)[0m
[0m2022-06-18 22:29:58 V/Net 1284994403: Recv: MessageSvc.PbSendMsg[0m
[0m2022-06-18 22:30:28 V/Net 1284994403: Send: MessageSvc.PbSendMsg(MessageSvc.PbSendMsg)[0m
[0m2022-06-18 22:30:28 V/Net 1284994403: Recv: MessageSvc.PbSendMsg[0m
[0m2022-06-18 22:30:58 V/Net 1284994403: Send: MessageSvc.PbSendMsg(MessageSvc.PbSendMsg)[0m
[0m2022-06-18 22:30:58 V/Net 1284994403: Recv: MessageSvc.PbSendMsg[0m
[0m2022-06-18 22:32:20 V/Net 1284994403: Send: MessageSvc.PbSendMsg(MessageSvc.PbSendMsg)[0m
[0m2022-06-18 22:32:21 V/Net 1284994403: Recv: MessageSvc.PbSendMsg[0m
[0m2022-06-18 22:33:32 V/Net 1284994403: Send: StatSvc.register(online)[0m
[92m2022-06-18 22:33:32 I/Net 1284994403: Server time updated, serverTime: 1655562811, diff: -1ms=-0.001s[0m
[0m2022-06-18 22:33:32 V/Net 1284994403: Recv: StatSvc.register[0m
[0m2022-06-18 22:35:03 V/Net 1284994403: Send: OidbSvc.0x570_8(OidbSvc.0x570_8)[0m
[0m2022-06-18 22:35:03 V/Net 1284994403: Recv: OidbSvc.0x570_8[0m
[0m2022-06-18 22:35:03 V/Net 1284994403: Send: OidbSvc.0x570_8(OidbSvc.0x570_8)[0m
[0m2022-06-18 22:35:03 V/Net 1284994403: Recv: OidbSvc.0x570_8[0m
[0m2022-06-18 22:36:07 V/Net 1284994403: Send: OidbSvc.0x8a0_0(OidbSvc.0x8a0_0)[0m
[0m2022-06-18 22:36:07 V/Net 1284994403: Recv: OidbSvc.0x8a0_0[0m
[0m2022-06-18 22:36:07 V/Net 1284994403: Send: OidbSvc.0x8a0_0(OidbSvc.0x8a0_0)[0m
[0m2022-06-18 22:36:07 V/Net 1284994403: Recv: OidbSvc.0x8a0_0[0m
[0m2022-06-18 22:36:27 V/Net 1284994403: Send: MessageSvc.PbSendMsg(MessageSvc.PbSendMsg)[0m
[0m2022-06-18 22:36:27 V/Net 1284994403: Send: MessageSvc.PbSendMsg(MessageSvc.PbSendMsg)[0m
[0m2022-06-18 22:36:27 V/Net 1284994403: Recv: MessageSvc.PbSendMsg[0m
[0m2022-06-18 22:36:27 V/Net 1284994403: Recv: MessageSvc.PbSendMsg[0m
[96m2022-06-18 22:36:27 D/Net 1284994403: Unknown Transformers528 0x14 template
templId=10065
PermList=[net.mamoe.mirai.internal.network.protocol.data.proto.TroopTips0x857$TemplParam@281f249d, net.mamoe.mirai.internal.network.protocol.data.proto.TroopTips0x857$TemplParam@78f4d1b3, net.mamoe.mirai.internal.network.protocol.data.proto.TroopTips0x857$TemplParam@7375ff17][0m
[0m2022-06-18 22:38:02 V/Net 1284994403: Send: StatSvc.register(online)[0m
[92m2022-06-18 22:38:02 I/Net 1284994403: Server time updated, serverTime: 1655563081, diff: -1ms=-0.001s[0m
[0m2022-06-18 22:38:02 V/Net 1284994403: Recv: StatSvc.register[0m
[0m2022-06-18 22:40:00 V/Net 1284994403: Send: LongConn.OffPicUp(LongConn.OffPicUp)[0m
[0m2022-06-18 22:40:01 V/Net 1284994403: Recv: LongConn.OffPicUp[0m
[0m2022-06-18 22:40:01 V/Net 1284994403: [Highway] Uploading private image to 180.110.193.191:443, size=147.08 KiB[0m
[0m2022-06-18 22:40:02 V/Net 1284994403: [Highway] Uploading private image: succeed at 97 KiB/s[0m
[0m2022-06-18 22:40:02 V/Net 1284994403: Send: MessageSvc.PbSendMsg(MessageSvc.PbSendMsg)[0m
[0m2022-06-18 22:40:03 V/Net 1284994403: Recv: MessageSvc.PbSendMsg[0m
[0m2022-06-18 22:40:44 V/Net 1284994403: Send: MessageSvc.PbSendMsg(MessageSvc.PbSendMsg)[0m
[0m2022-06-18 22:40:44 V/Net 1284994403: Recv: MessageSvc.PbSendMsg[0m
[0m2022-06-18 22:40:44 V/Net 1284994403: Send: MessageSvc.PbSendMsg(MessageSvc.PbSendMsg)[0m
[0m2022-06-18 22:40:44 V/Net 1284994403: Recv: MessageSvc.PbSendMsg[0m
[0m2022-06-18 22:40:44 V/Net 1284994403: Send: MessageSvc.PbSendMsg(MessageSvc.PbSendMsg)[0m
[0m2022-06-18 22:40:44 V/Net 1284994403: Recv: MessageSvc.PbSendMsg[0m
[0m2022-06-18 22:42:32 V/Net 1284994403: Send: StatSvc.register(online)[0m
[92m2022-06-18 22:42:32 I/Net 1284994403: Server time updated, serverTime: 1655563351, diff: -1ms=-0.001s[0m
[0m2022-06-18 22:42:32 V/Net 1284994403: Recv: StatSvc.register[0m
[0m2022-06-18 22:45:00 V/Net 1284994403: Send: MessageSvc.PbSendMsg(MessageSvc.PbSendMsg)[0m
[0m2022-06-18 22:45:01 V/Net 1284994403: Recv: MessageSvc.PbSendMsg[0m
[0m2022-06-18 22:47:02 V/Net 1284994403: Send: StatSvc.register(online)[0m
[92m2022-06-18 22:47:02 I/Net 1284994403: Server time updated, serverTime: 1655563621, diff: -1ms=-0.001s[0m
[0m2022-06-18 22:47:02 V/Net 1284994403: Recv: StatSvc.register[0m
[0m2022-06-18 22:48:23 V/Net 1284994403: Send: MessageSvc.PbSendMsg(MessageSvc.PbSendMsg)[0m
[0m2022-06-18 22:48:23 V/Net 1284994403: Recv: MessageSvc.PbSendMsg[0m
[0m2022-06-18 22:50:21 V/Net 1284994403: Send: MessageSvc.PbSendMsg(MessageSvc.PbSendMsg)[0m
[0m2022-06-18 22:50:21 V/Net 1284994403: Recv: MessageSvc.PbSendMsg[0m
[0m2022-06-18 22:51:32 V/Net 1284994403: Send: StatSvc.register(online)[0m
[92m2022-06-18 22:51:33 I/Net 1284994403: Server time updated, serverTime: 1655563892, diff: -1ms=-0.001s[0m
[0m2022-06-18 22:51:33 V/Net 1284994403: Recv: StatSvc.register[0m
[0m2022-06-18 22:51:44 V/Net 1284994403: Send: MessageSvc.PbSendMsg(MessageSvc.PbSendMsg)[0m
[0m2022-06-18 22:51:44 V/Net 1284994403: Recv: MessageSvc.PbSendMsg[0m
[0m2022-06-18 22:53:39 V/Net 1284994403: Send: OidbSvc.0x570_8(OidbSvc.0x570_8)[0m
[0m2022-06-18 22:53:39 V/Net 1284994403: Recv: OidbSvc.0x570_8[0m
[0m2022-06-18 22:53:39 V/Net 1284994403: Send: OidbSvc.0x570_8(OidbSvc.0x570_8)[0m
[0m2022-06-18 22:53:39 V/Net 1284994403: Recv: OidbSvc.0x570_8[0m
[0m2022-06-18 22:53:58 V/Net 1284994403: Send: OidbSvc.0x570_8(OidbSvc.0x570_8)[0m
[0m2022-06-18 22:53:58 V/Net 1284994403: Recv: OidbSvc.0x570_8[0m
[0m2022-06-18 22:53:58 V/Net 1284994403: Send: OidbSvc.0x570_8(OidbSvc.0x570_8)[0m
[0m2022-06-18 22:53:58 V/Net 1284994403: Recv: OidbSvc.0x570_8[0m
[0m2022-06-18 22:56:03 V/Net 1284994403: Send: StatSvc.register(online)[0m
[92m2022-06-18 22:56:03 I/Net 1284994403: Server time updated, serverTime: 1655564162, diff: -1ms=-0.001s[0m
[0m2022-06-18 22:56:03 V/Net 1284994403: Recv: StatSvc.register[0m
[0m2022-06-18 22:57:24 V/Net 1284994403: Send: OidbSvc.0x570_8(OidbSvc.0x570_8)[0m
[0m2022-06-18 22:57:24 V/Net 1284994403: Recv: OidbSvc.0x570_8[0m
[0m2022-06-18 22:57:24 V/Net 1284994403: Send: OidbSvc.0x570_8(OidbSvc.0x570_8)[0m
[0m2022-06-18 22:57:24 V/Net 1284994403: Recv: OidbSvc.0x570_8[0m
[0m2022-06-18 22:57:52 V/Net 1284994403: Send: OidbSvc.0x570_8(OidbSvc.0x570_8)[0m
[0m2022-06-18 22:57:52 V/Net 1284994403: Recv: OidbSvc.0x570_8[0m
[0m2022-06-18 22:57:52 V/Net 1284994403: Send: MessageSvc.PbSendMsg(MessageSvc.PbSendMsg)[0m
[0m2022-06-18 22:57:52 V/Net 1284994403: Send: friendlist.ModifyGroupCardReq(friendlist.ModifyGroupCardReq)[0m
[0m2022-06-18 22:57:52 V/Net 1284994403: Recv: friendlist.ModifyGroupCardReq[0m
[0m2022-06-18 22:57:52 V/Net 1284994403: Recv: MessageSvc.PbSendMsg[0m
[0m2022-06-18 22:59:49 V/Net 1284994403: Send: MessageSvc.PbSendMsg(MessageSvc.PbSendMsg)[0m
[0m2022-06-18 22:59:49 V/Net 1284994403: Recv: MessageSvc.PbSendMsg[0m
[0m2022-06-18 23:00:07 V/Net 1284994403: Send: MessageSvc.PbSendMsg(MessageSvc.PbSendMsg)[0m
[0m2022-06-18 23:00:07 V/Net 1284994403: Recv: MessageSvc.PbSendMsg[0m
[0m2022-06-18 23:00:33 V/Net 1284994403: Send: StatSvc.register(online)[0m
[92m2022-06-18 23:00:33 I/Net 1284994403: Server time updated, serverTime: 1655564432, diff: -1ms=-0.001s[0m
[0m2022-06-18 23:00:33 V/Net 1284994403: Recv: StatSvc.register[0m
[0m2022-06-18 23:01:24 V/Net 1284994403: Send: MessageSvc.PbSendMsg(MessageSvc.PbSendMsg)[0m
[0m2022-06-18 23:01:24 V/Net 1284994403: Recv: MessageSvc.PbSendMsg[0m
[0m2022-06-18 23:03:42 V/Net 1284994403: Send: OidbSvc.0x570_8(OidbSvc.0x570_8)[0m
[0m2022-06-18 23:03:42 V/Net 1284994403: Recv: OidbSvc.0x570_8[0m
[0m2022-06-18 23:03:42 V/Net 1284994403: Send: OidbSvc.0x570_8(OidbSvc.0x570_8)[0m
[0m2022-06-18 23:03:42 V/Net 1284994403: Recv: OidbSvc.0x570_8[0m
[0m2022-06-18 23:04:01 V/Net 1284994403: Send: OidbSvc.0x570_8(OidbSvc.0x570_8)[0m
[0m2022-06-18 23:04:01 V/Net 1284994403: Recv: OidbSvc.0x570_8[0m
[0m2022-06-18 23:04:01 V/Net 1284994403: Send: OidbSvc.0x570_8(OidbSvc.0x570_8)[0m
[0m2022-06-18 23:04:01 V/Net 1284994403: Recv: OidbSvc.0x570_8[0m
[0m2022-06-18 23:05:03 V/Net 1284994403: Send: StatSvc.register(online)[0m
[92m2022-06-18 23:05:03 I/Net 1284994403: Server time updated, serverTime: 1655564702, diff: -1ms=-0.001s[0m
[0m2022-06-18 23:05:03 V/Net 1284994403: Recv: StatSvc.register[0m
[0m2022-06-18 23:05:08 V/Net 1284994403: Send: MessageSvc.PbSendMsg(MessageSvc.PbSendMsg)[0m
[0m2022-06-18 23:05:08 V/Net 1284994403: Recv: MessageSvc.PbSendMsg[0m
[0m2022-06-18 23:05:22 V/Net 1284994403: Send: OidbSvc.0x570_8(OidbSvc.0x570_8)[0m
[0m2022-06-18 23:05:22 V/Net 1284994403: Recv: OidbSvc.0x570_8[0m
[0m2022-06-18 23:05:22 V/Net 1284994403: Send: friendlist.ModifyGroupCardReq(friendlist.ModifyGroupCardReq)[0m
[0m2022-06-18 23:05:22 V/Net 1284994403: Send: MessageSvc.PbSendMsg(MessageSvc.PbSendMsg)[0m
[0m2022-06-18 23:05:22 V/Net 1284994403: Recv: MessageSvc.PbSendMsg[0m
[0m2022-06-18 23:05:22 V/Net 1284994403: Recv: friendlist.ModifyGroupCardReq[0m
[0m2022-06-18 23:06:30 V/Net 1284994403: Send: OidbSvc.0x8a0_0(OidbSvc.0x8a0_0)[0m
[0m2022-06-18 23:06:30 V/Net 1284994403: Recv: OidbSvc.0x8a0_0[0m
[0m2022-06-18 23:07:22 V/Net 1284994403: Send: MessageSvc.PbSendMsg(MessageSvc.PbSendMsg)[0m
[0m2022-06-18 23:07:22 V/Net 1284994403: Recv: MessageSvc.PbSendMsg[0m
[0m2022-06-18 23:07:22 V/Net 1284994403: Send: MessageSvc.PbSendMsg(MessageSvc.PbSendMsg)[0m
[0m2022-06-18 23:07:22 V/Net 1284994403: Recv: MessageSvc.PbSendMsg[0m
[0m2022-06-18 23:09:33 V/Net 1284994403: Send: StatSvc.register(online)[0m
[92m2022-06-18 23:09:33 I/Net 1284994403: Server time updated, serverTime: 1655564973, diff: 0ms=0.0s[0m
[0m2022-06-18 23:09:33 V/Net 1284994403: Recv: StatSvc.register[0m
[0m2022-06-18 23:09:35 V/Net 1284994403: Send: MessageSvc.PbSendMsg(MessageSvc.PbSendMsg)[0m
[0m2022-06-18 23:09:35 V/Net 1284994403: Recv: MessageSvc.PbSendMsg[0m
[96m2022-06-18 23:09:35 D/Net 1284994403: Unknown Transformers528 0x14 template
templId=10064
PermList=[net.mamoe.mirai.internal.network.protocol.data.proto.TroopTips0x857$TemplParam@5a99ddf4, net.mamoe.mirai.internal.network.protocol.data.proto.TroopTips0x857$TemplParam@1a39996f][0m
[0m2022-06-18 23:14:03 V/Net 1284994403: Send: StatSvc.register(online)[0m
[92m2022-06-18 23:14:03 I/Net 1284994403: Server time updated, serverTime: 1655565243, diff: 0ms=0.0s[0m
[0m2022-06-18 23:14:03 V/Net 1284994403: Recv: StatSvc.register[0m
[0m2022-06-18 23:17:34 V/Net 1284994403: Send: MessageSvc.PbSendMsg(MessageSvc.PbSendMsg)[0m
[0m2022-06-18 23:17:34 V/Net 1284994403: Recv: MessageSvc.PbSendMsg[0m
[0m2022-06-18 23:18:33 V/Net 1284994403: Send: StatSvc.register(online)[0m
[92m2022-06-18 23:18:33 I/Net 1284994403: Server time updated, serverTime: 1655565513, diff: 0ms=0.0s[0m
[0m2022-06-18 23:18:33 V/Net 1284994403: Recv: StatSvc.register[0m
[0m2022-06-18 23:19:41 V/Net 1284994403: Send: OidbSvc.0x570_8(OidbSvc.0x570_8)[0m
[0m2022-06-18 23:19:41 V/Net 1284994403: Recv: OidbSvc.0x570_8[0m
[0m2022-06-18 23:19:41 V/Net 1284994403: Send: OidbSvc.0x570_8(OidbSvc.0x570_8)[0m
[0m2022-06-18 23:19:41 V/Net 1284994403: Recv: OidbSvc.0x570_8[0m
[0m2022-06-18 23:20:04 V/Net 1284994403: Send: OidbSvc.0x570_8(OidbSvc.0x570_8)[0m
[0m2022-06-18 23:20:04 V/Net 1284994403: Recv: OidbSvc.0x570_8[0m
[0m2022-06-18 23:20:04 V/Net 1284994403: Send: OidbSvc.0x570_8(OidbSvc.0x570_8)[0m
[0m2022-06-18 23:20:04 V/Net 1284994403: Recv: OidbSvc.0x570_8[0m
[0m2022-06-18 23:20:51 V/Net 1284994403: Send: MessageSvc.PbSendMsg(MessageSvc.PbSendMsg)[0m
[0m2022-06-18 23:20:52 V/Net 1284994403: Recv: MessageSvc.PbSendMsg[0m
[0m2022-06-18 23:21:04 V/Net 1284994403: Send: OidbSvc.0x570_8(OidbSvc.0x570_8)[0m
[0m2022-06-18 23:21:04 V/Net 1284994403: Recv: OidbSvc.0x570_8[0m
[0m2022-06-18 23:21:04 V/Net 1284994403: Send: friendlist.ModifyGroupCardReq(friendlist.ModifyGroupCardReq)[0m
[0m2022-06-18 23:21:04 V/Net 1284994403: Send: MessageSvc.PbSendMsg(MessageSvc.PbSendMsg)[0m
[0m2022-06-18 23:21:04 V/Net 1284994403: Recv: friendlist.ModifyGroupCardReq[0m
[0m2022-06-18 23:21:04 V/Net 1284994403: Recv: MessageSvc.PbSendMsg[0m
[0m2022-06-18 23:21:51 V/Net 1284994403: Send: OidbSvc.0x8a0_0(OidbSvc.0x8a0_0)[0m
[0m2022-06-18 23:21:51 V/Net 1284994403: Recv: OidbSvc.0x8a0_0[0m
[0m2022-06-18 23:23:03 V/Net 1284994403: Send: StatSvc.register(online)[0m
[92m2022-06-18 23:23:03 I/Net 1284994403: Server time updated, serverTime: 1655565783, diff: 0ms=0.0s[0m
[0m2022-06-18 23:23:03 V/Net 1284994403: Recv: StatSvc.register[0m
[0m2022-06-18 23:23:06 V/Net 1284994403: Send: MessageSvc.PbSendMsg(MessageSvc.PbSendMsg)[0m
[0m2022-06-18 23:23:06 V/Net 1284994403: Recv: MessageSvc.PbSendMsg[0m
[0m2022-06-18 23:23:06 V/Net 1284994403: Send: MessageSvc.PbSendMsg(MessageSvc.PbSendMsg)[0m
[0m2022-06-18 23:23:06 V/Net 1284994403: Recv: MessageSvc.PbSendMsg[0m
[0m2022-06-18 23:23:27 V/Net 1284994403: Send: MessageSvc.PbSendMsg(MessageSvc.PbSendMsg)[0m
[0m2022-06-18 23:23:27 V/Net 1284994403: Recv: MessageSvc.PbSendMsg[0m
[0m2022-06-18 23:23:27 V/Net 1284994403: Send: MessageSvc.PbSendMsg(MessageSvc.PbSendMsg)[0m
[0m2022-06-18 23:23:27 V/Net 1284994403: Recv: MessageSvc.PbSendMsg[0m
[0m2022-06-18 23:23:27 V/Net 1284994403: Send: MessageSvc.PbSendMsg(MessageSvc.PbSendMsg)[0m
[0m2022-06-18 23:23:28 V/Net 1284994403: Recv: MessageSvc.PbSendMsg[0m
[0m2022-06-18 23:23:28 V/Net 1284994403: Send: MessageSvc.PbSendMsg(MessageSvc.PbSendMsg)[0m
[0m2022-06-18 23:23:28 V/Net 1284994403: Recv: MessageSvc.PbSendMsg[0m
[0m2022-06-18 23:23:51 V/Net 1284994403: Send: MessageSvc.PbSendMsg(MessageSvc.PbSendMsg)[0m
[0m2022-06-18 23:23:51 V/Net 1284994403: Recv: MessageSvc.PbSendMsg[0m
[0m2022-06-18 23:23:51 V/Net 1284994403: Send: MessageSvc.PbSendMsg(MessageSvc.PbSendMsg)[0m
[0m2022-06-18 23:23:51 V/Net 1284994403: Recv: MessageSvc.PbSendMsg[0m
[0m2022-06-18 23:24:01 V/Net 1284994403: Send: MessageSvc.PbSendMsg(MessageSvc.PbSendMsg)[0m
[0m2022-06-18 23:24:01 V/Net 1284994403: Recv: MessageSvc.PbSendMsg[0m
[0m2022-06-18 23:24:01 V/Net 1284994403: Send: MessageSvc.PbSendMsg(MessageSvc.PbSendMsg)[0m
[0m2022-06-18 23:24:02 V/Net 1284994403: Recv: MessageSvc.PbSendMsg[0m
[0m2022-06-18 23:27:33 V/Net 1284994403: Send: StatSvc.register(online)[0m
[92m2022-06-18 23:27:33 I/Net 1284994403: Server time updated, serverTime: 1655566053, diff: 0ms=0.0s[0m
[0m2022-06-18 23:27:33 V/Net 1284994403: Recv: StatSvc.register[0m
[0m2022-06-18 23:28:12 V/Net 1284994403: Send: MessageSvc.PbSendMsg(MessageSvc.PbSendMsg)[0m
[0m2022-06-18 23:28:12 V/Net 1284994403: Recv: MessageSvc.PbSendMsg[0m
[0m2022-06-18 23:28:12 V/Net 1284994403: Send: MessageSvc.PbSendMsg(MessageSvc.PbSendMsg)[0m
[0m2022-06-18 23:28:12 V/Net 1284994403: Recv: MessageSvc.PbSendMsg[0m
[0m2022-06-18 23:28:20 V/Net 1284994403: Send: MessageSvc.PbSendMsg(MessageSvc.PbSendMsg)[0m
[0m2022-06-18 23:28:21 V/Net 1284994403: Recv: MessageSvc.PbSendMsg[0m
[0m2022-06-18 23:28:21 V/Net 1284994403: Send: MessageSvc.PbSendMsg(MessageSvc.PbSendMsg)[0m
[0m2022-06-18 23:28:21 V/Net 1284994403: Recv: MessageSvc.PbSendMsg[0m
[0m2022-06-18 23:28:21 V/Net 1284994403: Send: MessageSvc.PbSendMsg(MessageSvc.PbSendMsg)[0m
[0m2022-06-18 23:28:21 V/Net 1284994403: Recv: MessageSvc.PbSendMsg[0m
[0m2022-06-18 23:28:21 V/Net 1284994403: Send: MessageSvc.PbSendMsg(MessageSvc.PbSendMsg)[0m
[0m2022-06-18 23:28:21 V/Net 1284994403: Recv: MessageSvc.PbSendMsg[0m
[0m2022-06-18 23:28:33 V/Net 1284994403: Send: MessageSvc.PbSendMsg(MessageSvc.PbSendMsg)[0m
[0m2022-06-18 23:28:33 V/Net 1284994403: Recv: MessageSvc.PbSendMsg[0m
[0m2022-06-18 23:28:33 V/Net 1284994403: Send: MessageSvc.PbSendMsg(MessageSvc.PbSendMsg)[0m
[0m2022-06-18 23:28:33 V/Net 1284994403: Recv: MessageSvc.PbSendMsg[0m
[0m2022-06-18 23:30:55 V/Net 1284994403: Send: MessageSvc.PbSendMsg(MessageSvc.PbSendMsg)[0m
[0m2022-06-18 23:30:55 V/Net 1284994403: Recv: MessageSvc.PbSendMsg[0m
[0m2022-06-18 23:30:55 V/Net 1284994403: Send: MessageSvc.PbSendMsg(MessageSvc.PbSendMsg)[0m
[0m2022-06-18 23:30:56 V/Net 1284994403: Recv: MessageSvc.PbSendMsg[0m
[0m2022-06-18 23:32:03 V/Net 1284994403: Send: StatSvc.register(online)[0m
[92m2022-06-18 23:32:03 I/Net 1284994403: Server time updated, serverTime: 1655566323, diff: 0ms=0.0s[0m
[0m2022-06-18 23:32:03 V/Net 1284994403: Recv: StatSvc.register[0m
[0m2022-06-18 23:33:40 V/Net 1284994403: Loading server list from cache.[0m
[92m2022-06-18 23:33:40 I/Net 1284994403: Server list: msfwifi.3g.qq.com:8080, 114.222.112.79:80, 183.47.99.24:8080, 183.47.102.145:443, 42.81.184.206:80, 180.109.52.205:14000, 123.151.54.194:8080, 113.96.18.253:443, 221.238.41.118:80.[0m
[92m2022-06-18 23:33:42 I/Net 1284994403: ECDH key is valid.[0m
[0m2022-06-18 23:33:42 V/Net 1284994403: Send: wtlogin.exchange_emp[0m
[0m2022-06-18 23:33:42 V/Net 1284994403: Recv: wtlogin.exchange_emp[0m
[0m2022-06-18 23:33:42 V/Net 1284994403: Send: StatSvc.register(online)[0m
[92m2022-06-18 23:33:42 I/Net 1284994403: Server time updated, serverTime: 1655566422, diff: 0ms=0.0s[0m
[0m2022-06-18 23:33:42 V/Net 1284994403: Recv: StatSvc.register[0m
[0m2022-06-18 23:33:42 V/Net 1284994403: Loading BdhSession from cache file[0m
[92m2022-06-18 23:33:42 I/Net 1284994403: Syncing friend message history...[0m
[92m2022-06-18 23:33:42 I/Net 1284994403: Loaded 5 friends from local cache.[0m
[0m2022-06-18 23:33:42 V/Net 1284994403: Send: StatSvc.GetDevLoginInfo(StatSvc.GetDevLoginInfo)[0m
[92m2022-06-18 23:33:42 I/Net 1284994403: Start loading stranger list...[0m
[0m2022-06-18 23:33:42 V/Net 1284994403: Send: OidbSvc.0x496(OidbSvc.0x496)[0m
[0m2022-06-18 23:33:42 V/Net 1284994403: Send: friendlist.getFriendGroupList(friendlist.getFriendGroupList)[0m
[0m2022-06-18 23:33:42 V/Net 1284994403: Send: OidbSvc.0x5d2_0(OidbSvc.0x5d2_0)[0m
[92m2022-06-18 23:33:42 I/Net 1284994403: Start loading group list...[0m
[0m2022-06-18 23:33:42 V/Net 1284994403: Recv: OidbSvc.0x496[0m
[0m2022-06-18 23:33:42 V/Net 1284994403: Send: friendlist.GetTroopListReqV2(friendlist.GetTroopListReqV2)[0m
[0m2022-06-18 23:33:42 V/Net 1284994403: Recv: StatSvc.GetDevLoginInfo[0m
[92m2022-06-18 23:33:42 I/Net 1284994403: No OtherClient online.[0m
[0m2022-06-18 23:33:42 V/Net 1284994403: Recv: friendlist.getFriendGroupList[0m
[0m2022-06-18 23:33:43 V/Net 1284994403: Recv: OidbSvc.0x5d2_0[0m
[92m2022-06-18 23:33:43 I/Net 1284994403: Successfully loaded stranger list: 0 in total[0m
[92m2022-06-18 23:33:43 I/Net 1284994403: Syncing friend message history: Success.[0m
[0m2022-06-18 23:33:43 V/Net 1284994403: Recv: friendlist.GetTroopListReqV2[0m
[0m2022-06-18 23:33:43 V/Net 1284994403: Send: friendlist.GetTroopMemberListReq(friendlist.GetTroopMemberListReq)[0m
[0m2022-06-18 23:33:43 V/Net 1284994403: Recv: friendlist.GetTroopMemberListReq[0m
[92m2022-06-18 23:33:43 I/Net 1284994403: Successfully loaded group list: 1 in total.[0m
[92m2022-06-18 23:33:43 I/Net 1284994403: Saved 1 groups to local cache.[0m
[92m2022-06-18 23:33:43 I/Net 1284994403: Scheduled key refresh in 23h 55min 0.0s.[0m
[92m2022-06-18 23:33:43 I/Net 1284994403: Scheduled refresh login session in 19d 23h 55min 0.0s.[0m
[92m2022-06-18 23:33:45 I/Net 1284994403: Server list: 183.47.102.62:8080, 180.101.246.26:80, 42.81.194.78:80, 123.151.54.91:80, 183.47.117.200:443, 180.109.192.45:14000, msfwifi.3g.qq.com:8080, 113.96.18.253:443, 42.81.183.253:8080.[0m
[0m2022-06-18 23:33:45 V/Net 1284994403: Saving bdh session to cache[0m
[0m2022-06-18 23:33:45 V/Net 1284994403: Saving server list to cache[0m
[0m2022-06-18 23:33:45 V/Net 1284994403: Send: ConfigPushSvc.PushResp(ConfigPushSvc.PushResp)[0m
[0m2022-06-18 23:33:45 V/Net 1284994403: Recv: ConfigPushSvc.PushReq[0m
[0m2022-06-18 23:33:45 V/Net 1284994403: Saving bdh session to cache[0m
[0m2022-06-18 23:33:45 V/Net 1284994403: Send: ConfigPushSvc.PushResp(ConfigPushSvc.PushResp)[0m
[0m2022-06-18 23:33:45 V/Net 1284994403: Recv: ConfigPushSvc.PushReq[0m
[0m2022-06-18 23:33:56 V/Net 1284994403: Send: MessageSvc.PbSendMsg(MessageSvc.PbSendMsg)[0m
[0m2022-06-18 23:33:56 V/Net 1284994403: Recv: MessageSvc.PbSendMsg[0m
[0m2022-06-18 23:34:06 V/Net 1284994403: Send: MessageSvc.PbSendMsg(MessageSvc.PbSendMsg)[0m
[0m2022-06-18 23:34:06 V/Net 1284994403: Recv: MessageSvc.PbSendMsg[0m
[0m2022-06-18 23:34:06 V/Net 1284994403: Send: MessageSvc.PbSendMsg(MessageSvc.PbSendMsg)[0m
[0m2022-06-18 23:34:06 V/Net 1284994403: Recv: MessageSvc.PbSendMsg[0m
[0m2022-06-18 23:34:15 V/Net 1284994403: Send: MessageSvc.PbSendMsg(MessageSvc.PbSendMsg)[0m
[0m2022-06-18 23:34:15 V/Net 1284994403: Recv: MessageSvc.PbSendMsg[0m
[0m2022-06-18 23:34:21 V/Net 1284994403: Send: MessageSvc.PbSendMsg(MessageSvc.PbSendMsg)[0m
[0m2022-06-18 23:34:21 V/Net 1284994403: Recv: MessageSvc.PbSendMsg[0m
[0m2022-06-18 23:34:28 V/Net 1284994403: Send: MessageSvc.PbSendMsg(MessageSvc.PbSendMsg)[0m
[0m2022-06-18 23:34:28 V/Net 1284994403: Recv: MessageSvc.PbSendMsg[0m
[0m2022-06-18 23:34:33 V/Net 1284994403: Send: MessageSvc.PbSendMsg(MessageSvc.PbSendMsg)[0m
[0m2022-06-18 23:34:33 V/Net 1284994403: Recv: MessageSvc.PbSendMsg[0m
[0m2022-06-18 23:35:38 V/Net 1284994403: Send: MessageSvc.PbSendMsg(MessageSvc.PbSendMsg)[0m
[0m2022-06-18 23:35:38 V/Net 1284994403: Recv: MessageSvc.PbSendMsg[0m
[0m2022-06-18 23:36:46 V/Net 1284994403: Send: MessageSvc.PbSendMsg(MessageSvc.PbSendMsg)[0m
[0m2022-06-18 23:36:47 V/Net 1284994403: Recv: MessageSvc.PbSendMsg[0m
[0m2022-06-18 23:37:00 V/Net 1284994403: Send: MessageSvc.PbSendMsg(MessageSvc.PbSendMsg)[0m
[0m2022-06-18 23:37:01 V/Net 1284994403: Recv: MessageSvc.PbSendMsg[0m
[0m2022-06-18 23:37:09 V/Net 1284994403: Send: MessageSvc.PbSendMsg(MessageSvc.PbSendMsg)[0m
[0m2022-06-18 23:37:09 V/Net 1284994403: Recv: MessageSvc.PbSendMsg[0m
[0m2022-06-18 23:37:14 V/Net 1284994403: Send: MessageSvc.PbSendMsg(MessageSvc.PbSendMsg)[0m
[0m2022-06-18 23:37:14 V/Net 1284994403: Recv: MessageSvc.PbSendMsg[0m
[0m2022-06-18 23:37:27 V/Net 1284994403: Loading server list from cache.[0m
[92m2022-06-18 23:37:27 I/Net 1284994403: Server list: 183.47.102.62:8080, 180.101.246.26:80, 42.81.194.78:80, 123.151.54.91:80, 183.47.117.200:443, 180.109.192.45:14000, msfwifi.3g.qq.com:8080, 113.96.18.253:443, 42.81.183.253:8080.[0m
[92m2022-06-18 23:37:29 I/Net 1284994403: ECDH key is valid.[0m
[0m2022-06-18 23:37:29 V/Net 1284994403: Send: wtlogin.exchange_emp[0m
[0m2022-06-18 23:37:29 V/Net 1284994403: Recv: wtlogin.exchange_emp[0m
[0m2022-06-18 23:37:29 V/Net 1284994403: Send: StatSvc.register(online)[0m
[92m2022-06-18 23:37:29 I/Net 1284994403: Server time updated, serverTime: 1655566649, diff: 0ms=0.0s[0m
[0m2022-06-18 23:37:29 V/Net 1284994403: Recv: StatSvc.register[0m
[0m2022-06-18 23:37:29 V/Net 1284994403: Loading BdhSession from cache file[0m
[92m2022-06-18 23:37:29 I/Net 1284994403: Syncing friend message history...[0m
[92m2022-06-18 23:37:29 I/Net 1284994403: Loaded 5 friends from local cache.[0m
[0m2022-06-18 23:37:29 V/Net 1284994403: Send: StatSvc.GetDevLoginInfo(StatSvc.GetDevLoginInfo)[0m
[92m2022-06-18 23:37:29 I/Net 1284994403: Start loading stranger list...[0m
[0m2022-06-18 23:37:29 V/Net 1284994403: Send: OidbSvc.0x496(OidbSvc.0x496)[0m
[0m2022-06-18 23:37:29 V/Net 1284994403: Send: friendlist.getFriendGroupList(friendlist.getFriendGroupList)[0m
[0m2022-06-18 23:37:29 V/Net 1284994403: Send: OidbSvc.0x5d2_0(OidbSvc.0x5d2_0)[0m
[92m2022-06-18 23:37:29 I/Net 1284994403: Successfully loaded stranger list: 0 in total[0m
[0m2022-06-18 23:37:29 V/Net 1284994403: Recv: OidbSvc.0x5d2_0[0m
[0m2022-06-18 23:37:29 V/Net 1284994403: Recv: StatSvc.GetDevLoginInfo[0m
[92m2022-06-18 23:37:29 I/Net 1284994403: No OtherClient online.[0m
[92m2022-06-18 23:37:29 I/Net 1284994403: Start loading group list...[0m
[0m2022-06-18 23:37:29 V/Net 1284994403: Recv: OidbSvc.0x496[0m
[0m2022-06-18 23:37:29 V/Net 1284994403: Recv: friendlist.getFriendGroupList[0m
[0m2022-06-18 23:37:29 V/Net 1284994403: Send: friendlist.GetTroopListReqV2(friendlist.GetTroopListReqV2)[0m
[92m2022-06-18 23:37:30 I/Net 1284994403: Syncing friend message history: Success.[0m
[0m2022-06-18 23:37:30 V/Net 1284994403: Recv: friendlist.GetTroopListReqV2[0m
[92m2022-06-18 23:37:30 I/Net 1284994403: Loaded 4 members from local cache for group test (947121973)[0m
[92m2022-06-18 23:37:30 I/Net 1284994403: Successfully loaded group list: 1 in total.[0m
[92m2022-06-18 23:37:30 I/Net 1284994403: Scheduled refresh login session in 19d 23h 55min 0.0s.[0m
[92m2022-06-18 23:37:30 I/Net 1284994403: Scheduled key refresh in 23h 55min 0.0s.[0m
[0m2022-06-18 23:37:32 V/Net 1284994403: Saving bdh session to cache[0m
[0m2022-06-18 23:37:32 V/Net 1284994403: Send: ConfigPushSvc.PushResp(ConfigPushSvc.PushResp)[0m
[0m2022-06-18 23:37:32 V/Net 1284994403: Recv: ConfigPushSvc.PushReq[0m
[0m2022-06-18 23:37:40 V/Net 1284994403: Send: MessageSvc.PbSendMsg(MessageSvc.PbSendMsg)[0m
[0m2022-06-18 23:37:40 V/Net 1284994403: Recv: MessageSvc.PbSendMsg[0m
[0m2022-06-18 23:37:40 V/Net 1284994403: Send: MessageSvc.PbSendMsg(MessageSvc.PbSendMsg)[0m
[0m2022-06-18 23:37:40 V/Net 1284994403: Recv: MessageSvc.PbSendMsg[0m
[0m2022-06-18 23:37:57 V/Net 1284994403: Send: MessageSvc.PbSendMsg(MessageSvc.PbSendMsg)[0m
[0m2022-06-18 23:37:57 V/Net 1284994403: Recv: MessageSvc.PbSendMsg[0m
[0m2022-06-18 23:37:57 V/Net 1284994403: Send: MessageSvc.PbSendMsg(MessageSvc.PbSendMsg)[0m
[0m2022-06-18 23:37:57 V/Net 1284994403: Recv: MessageSvc.PbSendMsg[0m
[0m2022-06-18 23:37:57 V/Net 1284994403: Send: MessageSvc.PbSendMsg(MessageSvc.PbSendMsg)[0m
[0m2022-06-18 23:37:57 V/Net 1284994403: Recv: MessageSvc.PbSendMsg[0m
[0m2022-06-18 23:38:13 V/Net 1284994403: Send: MessageSvc.PbSendMsg(MessageSvc.PbSendMsg)[0m
[0m2022-06-18 23:38:13 V/Net 1284994403: Recv: MessageSvc.PbSendMsg[0m
[0m2022-06-18 23:38:16 V/Net 1284994403: Send: MessageSvc.PbSendMsg(MessageSvc.PbSendMsg)[0m
[0m2022-06-18 23:38:16 V/Net 1284994403: Recv: MessageSvc.PbSendMsg[0m
[0m2022-06-18 23:38:16 V/Net 1284994403: Send: MessageSvc.PbSendMsg(MessageSvc.PbSendMsg)[0m
[0m2022-06-18 23:38:16 V/Net 1284994403: Recv: MessageSvc.PbSendMsg[0m
[0m2022-06-18 23:40:08 V/Net 1284994403: Send: MessageSvc.PbSendMsg(MessageSvc.PbSendMsg)[0m
[0m2022-06-18 23:40:08 V/Net 1284994403: Recv: MessageSvc.PbSendMsg[0m
[0m2022-06-18 23:40:08 V/Net 1284994403: Send: MessageSvc.PbSendMsg(MessageSvc.PbSendMsg)[0m
[0m2022-06-18 23:40:08 V/Net 1284994403: Recv: MessageSvc.PbSendMsg[0m
[0m2022-06-18 23:42:00 V/Net 1284994403: Send: StatSvc.register(online)[0m
[92m2022-06-18 23:42:00 I/Net 1284994403: Server time updated, serverTime: 1655566919, diff: -1ms=-0.001s[0m
[0m2022-06-18 23:42:00 V/Net 1284994403: Recv: StatSvc.register[0m
[0m2022-06-18 23:44:23 V/Net 1284994403: Loading server list from cache.[0m
[92m2022-06-18 23:44:23 I/Net 1284994403: Server list: 183.47.102.62:8080, 180.101.246.26:80, 42.81.194.78:80, 123.151.54.91:80, 183.47.117.200:443, 180.109.192.45:14000, msfwifi.3g.qq.com:8080, 113.96.18.253:443, 42.81.183.253:8080.[0m
[92m2022-06-18 23:44:25 I/Net 1284994403: ECDH key is valid.[0m
[0m2022-06-18 23:44:26 V/Net 1284994403: Send: wtlogin.exchange_emp[0m
[0m2022-06-18 23:44:26 V/Net 1284994403: Recv: wtlogin.exchange_emp[0m
[0m2022-06-18 23:44:26 V/Net 1284994403: Send: StatSvc.register(online)[0m
[92m2022-06-18 23:44:26 I/Net 1284994403: Server time updated, serverTime: 1655567066, diff: 0ms=0.0s[0m
[0m2022-06-18 23:44:26 V/Net 1284994403: Recv: StatSvc.register[0m
[0m2022-06-18 23:44:26 V/Net 1284994403: Loading BdhSession from cache file[0m
[92m2022-06-18 23:44:26 I/Net 1284994403: Syncing friend message history...[0m
[92m2022-06-18 23:44:26 I/Net 1284994403: Start loading stranger list...[0m
[92m2022-06-18 23:44:26 I/Net 1284994403: Loaded 5 friends from local cache.[0m
[0m2022-06-18 23:44:26 V/Net 1284994403: Send: StatSvc.GetDevLoginInfo(StatSvc.GetDevLoginInfo)[0m
[0m2022-06-18 23:44:26 V/Net 1284994403: Send: OidbSvc.0x496(OidbSvc.0x496)[0m
[0m2022-06-18 23:44:26 V/Net 1284994403: Send: OidbSvc.0x5d2_0(OidbSvc.0x5d2_0)[0m
[0m2022-06-18 23:44:26 V/Net 1284994403: Send: friendlist.getFriendGroupList(friendlist.getFriendGroupList)[0m
[0m2022-06-18 23:44:26 V/Net 1284994403: Recv: OidbSvc.0x5d2_0[0m
[92m2022-06-18 23:44:26 I/Net 1284994403: Successfully loaded stranger list: 0 in total[0m
[0m2022-06-18 23:44:26 V/Net 1284994403: Recv: StatSvc.GetDevLoginInfo[0m
[92m2022-06-18 23:44:26 I/Net 1284994403: No OtherClient online.[0m
[92m2022-06-18 23:44:26 I/Net 1284994403: Start loading group list...[0m
[0m2022-06-18 23:44:26 V/Net 1284994403: Recv: OidbSvc.0x496[0m
[0m2022-06-18 23:44:26 V/Net 1284994403: Send: friendlist.GetTroopListReqV2(friendlist.GetTroopListReqV2)[0m
[0m2022-06-18 23:44:26 V/Net 1284994403: Recv: friendlist.getFriendGroupList[0m
[92m2022-06-18 23:44:26 I/Net 1284994403: Syncing friend message history: Success.[0m
[0m2022-06-18 23:44:26 V/Net 1284994403: Recv: friendlist.GetTroopListReqV2[0m
[92m2022-06-18 23:44:26 I/Net 1284994403: Loaded 4 members from local cache for group test (947121973)[0m
[92m2022-06-18 23:44:26 I/Net 1284994403: Successfully loaded group list: 1 in total.[0m
[92m2022-06-18 23:44:26 I/Net 1284994403: Scheduled key refresh in 23h 55min 0.0s.[0m
[92m2022-06-18 23:44:26 I/Net 1284994403: Scheduled refresh login session in 19d 23h 55min 0.0s.[0m
[0m2022-06-18 23:44:29 V/Net 1284994403: Saving bdh session to cache[0m
[0m2022-06-18 23:44:29 V/Net 1284994403: Send: ConfigPushSvc.PushResp(ConfigPushSvc.PushResp)[0m
[0m2022-06-18 23:44:29 V/Net 1284994403: Recv: ConfigPushSvc.PushReq[0m
[0m2022-06-18 23:44:36 V/Net 1284994403: Send: MessageSvc.PbSendMsg(MessageSvc.PbSendMsg)[0m
[0m2022-06-18 23:44:36 V/Net 1284994403: Recv: MessageSvc.PbSendMsg[0m
[0m2022-06-18 23:44:42 V/Net 1284994403: Send: MessageSvc.PbSendMsg(MessageSvc.PbSendMsg)[0m
[0m2022-06-18 23:44:42 V/Net 1284994403: Recv: MessageSvc.PbSendMsg[0m
[0m2022-06-18 23:44:42 V/Net 1284994403: Send: MessageSvc.PbSendMsg(MessageSvc.PbSendMsg)[0m
[0m2022-06-18 23:44:42 V/Net 1284994403: Recv: MessageSvc.PbSendMsg[0m
[0m2022-06-18 23:44:47 V/Net 1284994403: Send: MessageSvc.PbSendMsg(MessageSvc.PbSendMsg)[0m
[0m2022-06-18 23:44:47 V/Net 1284994403: Recv: MessageSvc.PbSendMsg[0m
[0m2022-06-18 23:44:47 V/Net 1284994403: Send: MessageSvc.PbSendMsg(MessageSvc.PbSendMsg)[0m
[0m2022-06-18 23:44:47 V/Net 1284994403: Recv: MessageSvc.PbSendMsg[0m
[0m2022-06-18 23:44:52 V/Net 1284994403: Send: MessageSvc.PbSendMsg(MessageSvc.PbSendMsg)[0m
[0m2022-06-18 23:44:52 V/Net 1284994403: Recv: MessageSvc.PbSendMsg[0m
[0m2022-06-18 23:44:52 V/Net 1284994403: Send: MessageSvc.PbSendMsg(MessageSvc.PbSendMsg)[0m
[0m2022-06-18 23:44:52 V/Net 1284994403: Recv: MessageSvc.PbSendMsg[0m
[0m2022-06-18 23:44:52 V/Net 1284994403: Send: MessageSvc.PbSendMsg(MessageSvc.PbSendMsg)[0m
[0m2022-06-18 23:44:52 V/Net 1284994403: Recv: MessageSvc.PbSendMsg[0m
[0m2022-06-18 23:44:52 V/Net 1284994403: Send: MessageSvc.PbSendMsg(MessageSvc.PbSendMsg)[0m
[0m2022-06-18 23:44:52 V/Net 1284994403: Recv: MessageSvc.PbSendMsg[0m
[0m2022-06-18 23:44:57 V/Net 1284994403: Send: MessageSvc.PbSendMsg(MessageSvc.PbSendMsg)[0m
[0m2022-06-18 23:44:57 V/Net 1284994403: Recv: MessageSvc.PbSendMsg[0m
[0m2022-06-18 23:45:22 V/Net 1284994403: Send: MessageSvc.PbSendMsg(MessageSvc.PbSendMsg)[0m
[0m2022-06-18 23:45:22 V/Net 1284994403: Recv: MessageSvc.PbSendMsg[0m
[96m2022-06-18 23:45:22 D/Net 1284994403: Unknown Transformers528 0x14 template
templId=10064
PermList=[net.mamoe.mirai.internal.network.protocol.data.proto.TroopTips0x857$TemplParam@2532ca1f, net.mamoe.mirai.internal.network.protocol.data.proto.TroopTips0x857$TemplParam@784282ea][0m
[0m2022-06-18 23:46:35 V/Net 1284994403: Send: MessageSvc.PbSendMsg(MessageSvc.PbSendMsg)[0m
[0m2022-06-18 23:46:35 V/Net 1284994403: Recv: MessageSvc.PbSendMsg[0m
[0m2022-06-18 23:48:31 V/Net 1284994403: Send: MessageSvc.PbSendMsg(MessageSvc.PbSendMsg)[0m
[0m2022-06-18 23:48:31 V/Net 1284994403: Recv: MessageSvc.PbSendMsg[0m
[0m2022-06-18 23:48:56 V/Net 1284994403: Send: StatSvc.register(online)[0m
[92m2022-06-18 23:48:56 I/Net 1284994403: Server time updated, serverTime: 1655567336, diff: 0ms=0.0s[0m
[0m2022-06-18 23:48:56 V/Net 1284994403: Recv: StatSvc.register[0m
[0m2022-06-18 23:50:28 V/Net 1284994403: Send: OidbSvc.0x570_8(OidbSvc.0x570_8)[0m
[0m2022-06-18 23:50:29 V/Net 1284994403: Recv: OidbSvc.0x570_8[0m
[0m2022-06-18 23:50:29 V/Net 1284994403: Send: OidbSvc.0x570_8(OidbSvc.0x570_8)[0m
[0m2022-06-18 23:50:29 V/Net 1284994403: Recv: OidbSvc.0x570_8[0m
[0m2022-06-18 23:50:49 V/Net 1284994403: Send: OidbSvc.0x570_8(OidbSvc.0x570_8)[0m
[0m2022-06-18 23:50:50 V/Net 1284994403: Recv: OidbSvc.0x570_8[0m
[0m2022-06-18 23:50:50 V/Net 1284994403: Send: OidbSvc.0x570_8(OidbSvc.0x570_8)[0m
[0m2022-06-18 23:50:50 V/Net 1284994403: Recv: OidbSvc.0x570_8[0m
[0m2022-06-18 23:51:43 V/Net 1284994403: Send: MessageSvc.PbSendMsg(MessageSvc.PbSendMsg)[0m
[0m2022-06-18 23:51:43 V/Net 1284994403: Recv: MessageSvc.PbSendMsg[0m
[0m2022-06-18 23:52:01 V/Net 1284994403: Send: OidbSvc.0x570_8(OidbSvc.0x570_8)[0m
[0m2022-06-18 23:52:01 V/Net 1284994403: Recv: OidbSvc.0x570_8[0m
[0m2022-06-18 23:52:01 V/Net 1284994403: Send: MessageSvc.PbSendMsg(MessageSvc.PbSendMsg)[0m
[0m2022-06-18 23:52:01 V/Net 1284994403: Send: friendlist.ModifyGroupCardReq(friendlist.ModifyGroupCardReq)[0m
[0m2022-06-18 23:52:01 V/Net 1284994403: Recv: MessageSvc.PbSendMsg[0m
[0m2022-06-18 23:52:01 V/Net 1284994403: Recv: friendlist.ModifyGroupCardReq[0m
[0m2022-06-18 23:52:53 V/Net 1284994403: Send: MessageSvc.PbSendMsg(MessageSvc.PbSendMsg)[0m
[0m2022-06-18 23:52:53 V/Net 1284994403: Recv: MessageSvc.PbSendMsg[0m
[0m2022-06-18 23:53:12 V/Net 1284994403: Send: MessageSvc.PbSendMsg(MessageSvc.PbSendMsg)[0m
[0m2022-06-18 23:53:12 V/Net 1284994403: Recv: MessageSvc.PbSendMsg[0m
[0m2022-06-18 23:53:19 V/Net 1284994403: Send: MessageSvc.PbSendMsg(MessageSvc.PbSendMsg)[0m
[0m2022-06-18 23:53:19 V/Net 1284994403: Recv: MessageSvc.PbSendMsg[0m
[0m2022-06-18 23:53:19 V/Net 1284994403: Send: MessageSvc.PbSendMsg(MessageSvc.PbSendMsg)[0m
[0m2022-06-18 23:53:20 V/Net 1284994403: Recv: MessageSvc.PbSendMsg[0m
[0m2022-06-18 23:53:26 V/Net 1284994403: Send: StatSvc.register(online)[0m
[92m2022-06-18 23:53:26 I/Net 1284994403: Server time updated, serverTime: 1655567606, diff: 0ms=0.0s[0m
[0m2022-06-18 23:53:26 V/Net 1284994403: Recv: StatSvc.register[0m
[0m2022-06-18 23:53:32 V/Net 1284994403: Send: MessageSvc.PbSendMsg(MessageSvc.PbSendMsg)[0m
[0m2022-06-18 23:53:33 V/Net 1284994403: Recv: MessageSvc.PbSendMsg[0m
[0m2022-06-18 23:53:33 V/Net 1284994403: Send: MessageSvc.PbSendMsg(MessageSvc.PbSendMsg)[0m
[0m2022-06-18 23:53:33 V/Net 1284994403: Recv: MessageSvc.PbSendMsg[0m
[0m2022-06-18 23:53:47 V/Net 1284994403: Send: MessageSvc.PbSendMsg(MessageSvc.PbSendMsg)[0m
[0m2022-06-18 23:53:47 V/Net 1284994403: Recv: MessageSvc.PbSendMsg[0m
[0m2022-06-18 23:53:57 V/Net 1284994403: Send: MessageSvc.PbSendMsg(MessageSvc.PbSendMsg)[0m
[0m2022-06-18 23:53:57 V/Net 1284994403: Recv: MessageSvc.PbSendMsg[0m
[0m2022-06-18 23:57:56 V/Net 1284994403: Send: StatSvc.register(online)[0m
[92m2022-06-18 23:57:56 I/Net 1284994403: Server time updated, serverTime: 1655567875, diff: -1ms=-0.001s[0m
[0m2022-06-18 23:57:56 V/Net 1284994403: Recv: StatSvc.register[0m
