[0m2022-06-19 00:02:26 V/: Send: StatSvc.register(online)[0m
[92m2022-06-19 00:02:27 I/: Server time updated, serverTime: 1655568145, diff: -2ms=-0.002s[0m
[0m2022-06-19 00:02:27 V/: Recv: StatSvc.register[0m
[0m2022-06-19 00:06:57 V/: Send: StatSvc.register(online)[0m
[92m2022-06-19 00:06:57 I/: Server time updated, serverTime: 1655568415, diff: -2ms=-0.002s[0m
[0m2022-06-19 00:06:57 V/: Recv: StatSvc.register[0m
[0m2022-06-19 00:11:27 V/: Send: StatSvc.register(online)[0m
[92m2022-06-19 00:11:27 I/: Server time updated, serverTime: 1655568685, diff: -2ms=-0.002s[0m
[0m2022-06-19 00:11:27 V/: Recv: StatSvc.register[0m
[0m2022-06-19 00:15:15 V/: Send: MessageSvc.PbSendMsg(MessageSvc.PbSendMsg)[0m
[0m2022-06-19 00:15:16 V/: Recv: MessageSvc.PbSendMsg[0m
[0m2022-06-19 00:15:57 V/: Send: StatSvc.register(online)[0m
[92m2022-06-19 00:15:57 I/: Server time updated, serverTime: 1655568956, diff: -1ms=-0.001s[0m
[0m2022-06-19 00:15:57 V/: Recv: StatSvc.register[0m
[0m2022-06-19 00:17:09 V/: Send: OidbSvc.0x570_8(OidbSvc.0x570_8)[0m
[0m2022-06-19 00:17:09 V/: Recv: OidbSvc.0x570_8[0m
[0m2022-06-19 00:17:09 V/: Send: OidbSvc.0x570_8(OidbSvc.0x570_8)[0m
[0m2022-06-19 00:17:09 V/: Recv: OidbSvc.0x570_8[0m
[0m2022-06-19 00:17:27 V/: Send: OidbSvc.0x570_8(OidbSvc.0x570_8)[0m
[0m2022-06-19 00:17:27 V/: Recv: OidbSvc.0x570_8[0m
[0m2022-06-19 00:17:27 V/: Send: OidbSvc.0x570_8(OidbSvc.0x570_8)[0m
[0m2022-06-19 00:17:27 V/: Recv: OidbSvc.0x570_8[0m
[0m2022-06-19 00:18:15 V/: Send: MessageSvc.PbSendMsg(MessageSvc.PbSendMsg)[0m
[0m2022-06-19 00:18:15 V/: Recv: MessageSvc.PbSendMsg[0m
[0m2022-06-19 00:18:15 V/: Send: MessageSvc.PbSendMsg(MessageSvc.PbSendMsg)[0m
[0m2022-06-19 00:18:15 V/: Recv: MessageSvc.PbSendMsg[0m
[0m2022-06-19 00:18:33 V/: Send: OidbSvc.0x570_8(OidbSvc.0x570_8)[0m
[0m2022-06-19 00:18:33 V/: Recv: OidbSvc.0x570_8[0m
[0m2022-06-19 00:18:33 V/: Send: MessageSvc.PbSendMsg(MessageSvc.PbSendMsg)[0m
[0m2022-06-19 00:18:33 V/: Send: friendlist.ModifyGroupCardReq(friendlist.ModifyGroupCardReq)[0m
[0m2022-06-19 00:18:33 V/: Recv: MessageSvc.PbSendMsg[0m
[0m2022-06-19 00:18:33 V/: Recv: friendlist.ModifyGroupCardReq[0m
[0m2022-06-19 00:20:27 V/: Send: StatSvc.register(online)[0m
[92m2022-06-19 00:20:27 I/: Server time updated, serverTime: 1655569226, diff: -1ms=-0.001s[0m
[0m2022-06-19 00:20:27 V/: Recv: StatSvc.register[0m
[0m2022-06-19 00:21:00 V/: Send: MessageSvc.PbSendMsg(MessageSvc.PbSendMsg)[0m
[0m2022-06-19 00:21:01 V/: Recv: MessageSvc.PbSendMsg[0m
[0m2022-06-19 00:22:41 V/: Send: OidbSvc.0x570_8(OidbSvc.0x570_8)[0m
[0m2022-06-19 00:22:41 V/: Recv: OidbSvc.0x570_8[0m
[0m2022-06-19 00:22:41 V/: Send: OidbSvc.0x570_8(OidbSvc.0x570_8)[0m
[0m2022-06-19 00:22:41 V/: Recv: OidbSvc.0x570_8[0m
[0m2022-06-19 00:22:57 V/: Send: OidbSvc.0x570_8(OidbSvc.0x570_8)[0m
[0m2022-06-19 00:22:57 V/: Recv: OidbSvc.0x570_8[0m
[0m2022-06-19 00:22:57 V/: Send: OidbSvc.0x570_8(OidbSvc.0x570_8)[0m
[0m2022-06-19 00:22:57 V/: Recv: OidbSvc.0x570_8[0m
[0m2022-06-19 00:23:33 V/: Send: MessageSvc.PbSendMsg(MessageSvc.PbSendMsg)[0m
[0m2022-06-19 00:23:33 V/: Recv: MessageSvc.PbSendMsg[0m
[0m2022-06-19 00:23:42 V/: Send: OidbSvc.0x570_8(OidbSvc.0x570_8)[0m
[0m2022-06-19 00:23:42 V/: Recv: OidbSvc.0x570_8[0m
[0m2022-06-19 00:23:42 V/: Send: friendlist.ModifyGroupCardReq(friendlist.ModifyGroupCardReq)[0m
[0m2022-06-19 00:23:42 V/: Send: MessageSvc.PbSendMsg(MessageSvc.PbSendMsg)[0m
[0m2022-06-19 00:23:42 V/: Recv: MessageSvc.PbSendMsg[0m
[0m2022-06-19 00:23:42 V/: Recv: friendlist.ModifyGroupCardReq[0m
[0m2022-06-19 00:24:55 V/: Send: OidbSvc.0x8a0_0(OidbSvc.0x8a0_0)[0m
[0m2022-06-19 00:24:55 V/: Recv: OidbSvc.0x8a0_0[0m
[0m2022-06-19 00:24:57 V/: Send: StatSvc.register(online)[0m
[92m2022-06-19 00:24:57 I/: Server time updated, serverTime: 1655569496, diff: -1ms=-0.001s[0m
[0m2022-06-19 00:24:57 V/: Recv: StatSvc.register[0m
[0m2022-06-19 00:26:01 V/: Send: MessageSvc.PbSendMsg(MessageSvc.PbSendMsg)[0m
[0m2022-06-19 00:26:01 V/: Recv: MessageSvc.PbSendMsg[0m
[0m2022-06-19 00:26:03 V/: Send: MessageSvc.PbSendMsg(MessageSvc.PbSendMsg)[0m
[0m2022-06-19 00:26:04 V/: Recv: MessageSvc.PbSendMsg[0m
[0m2022-06-19 00:26:25 V/: Send: MessageSvc.PbSendMsg(MessageSvc.PbSendMsg)[0m
[0m2022-06-19 00:26:25 V/: Recv: MessageSvc.PbSendMsg[0m
[0m2022-06-19 00:26:43 V/: Send: MessageSvc.PbSendMsg(MessageSvc.PbSendMsg)[0m
[0m2022-06-19 00:26:44 V/: Recv: MessageSvc.PbSendMsg[0m
[0m2022-06-19 00:26:44 V/: Send: MessageSvc.PbSendMsg(MessageSvc.PbSendMsg)[0m
[0m2022-06-19 00:26:44 V/: Recv: MessageSvc.PbSendMsg[0m
[0m2022-06-19 00:27:25 V/: Send: MessageSvc.PbSendMsg(MessageSvc.PbSendMsg)[0m
[0m2022-06-19 00:27:25 V/: Recv: MessageSvc.PbSendMsg[0m
[96m2022-06-19 00:27:26 D/: Unknown Transformers528 0x14 template
templId=10064
PermList=[net.mamoe.mirai.internal.network.protocol.data.proto.TroopTips0x857$TemplParam@18d334, net.mamoe.mirai.internal.network.protocol.data.proto.TroopTips0x857$TemplParam@38fa44f3][0m
[0m2022-06-19 00:28:24 V/: Send: MessageSvc.PbSendMsg(MessageSvc.PbSendMsg)[0m
[0m2022-06-19 00:28:25 V/: Recv: MessageSvc.PbSendMsg[0m
[0m2022-06-19 00:29:11 V/: Recv: OnlinePush.PbPushTransMsg[0m
[0m2022-06-19 00:29:27 V/: Send: StatSvc.register(online)[0m
[92m2022-06-19 00:29:27 I/: Server time updated, serverTime: 1655569766, diff: -1ms=-0.001s[0m
[0m2022-06-19 00:29:27 V/: Recv: StatSvc.register[0m
[0m2022-06-19 00:29:36 V/: Send: MessageSvc.PbSendMsg(MessageSvc.PbSendMsg)[0m
[0m2022-06-19 00:29:37 V/: Recv: MessageSvc.PbSendMsg[0m
[96m2022-06-19 00:29:38 D/: Unknown Transformers528 0x14 template
templId=10064
PermList=[net.mamoe.mirai.internal.network.protocol.data.proto.TroopTips0x857$TemplParam@6cd0226d, net.mamoe.mirai.internal.network.protocol.data.proto.TroopTips0x857$TemplParam@4f2db16a][0m
[0m2022-06-19 00:30:34 V/: Send: MessageSvc.PbSendMsg(MessageSvc.PbSendMsg)[0m
[0m2022-06-19 00:30:34 V/: Recv: MessageSvc.PbSendMsg[0m
[0m2022-06-19 00:30:42 V/: Send: MessageSvc.PbSendMsg(MessageSvc.PbSendMsg)[0m
[0m2022-06-19 00:30:42 V/: Recv: MessageSvc.PbSendMsg[0m
[0m2022-06-19 00:30:54 V/: Send: MessageSvc.PbSendMsg(MessageSvc.PbSendMsg)[0m
[0m2022-06-19 00:30:55 V/: Recv: MessageSvc.PbSendMsg[0m
[0m2022-06-19 00:31:42 V/: Send: MessageSvc.PbSendMsg(MessageSvc.PbSendMsg)[0m
[0m2022-06-19 00:31:42 V/: Recv: MessageSvc.PbSendMsg[0m
[0m2022-06-19 00:33:33 V/: Send: OidbSvc.0x570_8(OidbSvc.0x570_8)[0m
[0m2022-06-19 00:33:33 V/: Recv: OidbSvc.0x570_8[0m
[0m2022-06-19 00:33:56 V/: Send: OidbSvc.0x570_8(OidbSvc.0x570_8)[0m
[0m2022-06-19 00:33:56 V/: Recv: OidbSvc.0x570_8[0m
[0m2022-06-19 00:33:57 V/: Send: StatSvc.register(online)[0m
[92m2022-06-19 00:33:57 I/: Server time updated, serverTime: 1655570036, diff: -1ms=-0.001s[0m
[0m2022-06-19 00:33:57 V/: Recv: StatSvc.register[0m
[0m2022-06-19 00:34:13 V/: Send: OidbSvc.0x570_8(OidbSvc.0x570_8)[0m
[0m2022-06-19 00:34:13 V/: Recv: OidbSvc.0x570_8[0m
[0m2022-06-19 00:34:13 V/: Send: OidbSvc.0x570_8(OidbSvc.0x570_8)[0m
[0m2022-06-19 00:34:13 V/: Recv: OidbSvc.0x570_8[0m
[0m2022-06-19 00:35:09 V/: Send: MessageSvc.PbSendMsg(MessageSvc.PbSendMsg)[0m
[0m2022-06-19 00:35:09 V/: Recv: MessageSvc.PbSendMsg[0m
[0m2022-06-19 00:36:57 V/: Send: OidbSvc.0x570_8(OidbSvc.0x570_8)[0m
[0m2022-06-19 00:36:57 V/: Recv: OidbSvc.0x570_8[0m
[0m2022-06-19 00:36:57 V/: Send: OidbSvc.0x570_8(OidbSvc.0x570_8)[0m
[0m2022-06-19 00:36:58 V/: Recv: OidbSvc.0x570_8[0m
[0m2022-06-19 00:37:21 V/: Send: OidbSvc.0x570_8(OidbSvc.0x570_8)[0m
[0m2022-06-19 00:37:21 V/: Recv: OidbSvc.0x570_8[0m
[0m2022-06-19 00:37:21 V/: Send: OidbSvc.0x570_8(OidbSvc.0x570_8)[0m
[0m2022-06-19 00:37:21 V/: Recv: OidbSvc.0x570_8[0m
[0m2022-06-19 00:37:55 V/: Send: MessageSvc.PbSendMsg(MessageSvc.PbSendMsg)[0m
[0m2022-06-19 00:37:55 V/: Recv: MessageSvc.PbSendMsg[0m
[0m2022-06-19 00:38:05 V/: Send: OidbSvc.0x570_8(OidbSvc.0x570_8)[0m
[0m2022-06-19 00:38:05 V/: Recv: OidbSvc.0x570_8[0m
[0m2022-06-19 00:38:05 V/: Send: friendlist.ModifyGroupCardReq(friendlist.ModifyGroupCardReq)[0m
[0m2022-06-19 00:38:05 V/: Send: MessageSvc.PbSendMsg(MessageSvc.PbSendMsg)[0m
[0m2022-06-19 00:38:05 V/: Recv: friendlist.ModifyGroupCardReq[0m
[0m2022-06-19 00:38:05 V/: Recv: MessageSvc.PbSendMsg[0m
[0m2022-06-19 00:38:27 V/: Send: StatSvc.register(online)[0m
[92m2022-06-19 00:38:27 I/: Server time updated, serverTime: 1655570306, diff: -1ms=-0.001s[0m
[0m2022-06-19 00:38:27 V/: Recv: StatSvc.register[0m
[0m2022-06-19 00:39:03 V/: Send: OidbSvc.0x8a0_0(OidbSvc.0x8a0_0)[0m
[0m2022-06-19 00:39:03 V/: Recv: OidbSvc.0x8a0_0[0m
[0m2022-06-19 00:39:38 V/: Send: MessageSvc.PbSendMsg(MessageSvc.PbSendMsg)[0m
[0m2022-06-19 00:39:38 V/: Recv: MessageSvc.PbSendMsg[0m
[0m2022-06-19 00:39:38 V/: Send: MessageSvc.PbSendMsg(MessageSvc.PbSendMsg)[0m
[0m2022-06-19 00:39:38 V/: Recv: MessageSvc.PbSendMsg[0m
[0m2022-06-19 00:39:38 V/: Send: MessageSvc.PbSendMsg(MessageSvc.PbSendMsg)[0m
[0m2022-06-19 00:39:38 V/: Recv: MessageSvc.PbSendMsg[0m
[0m2022-06-19 00:39:58 V/: Send: MessageSvc.PbSendMsg(MessageSvc.PbSendMsg)[0m
[0m2022-06-19 00:39:58 V/: Recv: MessageSvc.PbSendMsg[0m
[0m2022-06-19 00:39:58 V/: Send: MessageSvc.PbSendMsg(MessageSvc.PbSendMsg)[0m
[0m2022-06-19 00:39:58 V/: Recv: MessageSvc.PbSendMsg[0m
[0m2022-06-19 00:40:10 V/: Send: MessageSvc.PbSendMsg(MessageSvc.PbSendMsg)[0m
[0m2022-06-19 00:40:11 V/: Recv: MessageSvc.PbSendMsg[0m
[0m2022-06-19 00:40:20 V/: Send: MessageSvc.PbSendMsg(MessageSvc.PbSendMsg)[0m
[0m2022-06-19 00:40:20 V/: Recv: MessageSvc.PbSendMsg[0m
[0m2022-06-19 00:40:33 V/: Send: MessageSvc.PbSendMsg(MessageSvc.PbSendMsg)[0m
[0m2022-06-19 00:40:33 V/: Recv: MessageSvc.PbSendMsg[0m
[0m2022-06-19 00:40:42 V/: Send: MessageSvc.PbSendMsg(MessageSvc.PbSendMsg)[0m
[0m2022-06-19 00:40:42 V/: Recv: MessageSvc.PbSendMsg[0m
[0m2022-06-19 00:40:42 V/: Send: MessageSvc.PbSendMsg(MessageSvc.PbSendMsg)[0m
[0m2022-06-19 00:40:43 V/: Recv: MessageSvc.PbSendMsg[0m
[0m2022-06-19 00:42:57 V/: Send: StatSvc.register(online)[0m
[92m2022-06-19 00:42:57 I/: Server time updated, serverTime: 1655570576, diff: -1ms=-0.001s[0m
[0m2022-06-19 00:42:57 V/: Recv: StatSvc.register[0m
[0m2022-06-19 00:47:27 V/: Send: StatSvc.register(online)[0m
[92m2022-06-19 00:47:27 I/: Server time updated, serverTime: 1655570846, diff: -1ms=-0.001s[0m
[0m2022-06-19 00:47:27 V/: Recv: StatSvc.register[0m
[0m2022-06-19 14:40:37 V/Net 1284994403: Loading server list from cache.[0m
[92m2022-06-19 14:40:37 I/Net 1284994403: Server list: 183.47.102.62:8080, 180.101.246.26:80, 42.81.194.78:80, 123.151.54.91:80, 183.47.117.200:443, 180.109.192.45:14000, msfwifi.3g.qq.com:8080, 113.96.18.253:443, 42.81.183.253:8080.[0m
[92m2022-06-19 14:40:38 I/Net 1284994403: ECDH key is valid.[0m
[0m2022-06-19 14:40:38 V/Net 1284994403: Send: wtlogin.exchange_emp[0m
[0m2022-06-19 14:40:38 V/Net 1284994403: Recv: wtlogin.exchange_emp[0m
[0m2022-06-19 14:40:38 V/Net 1284994403: Send: StatSvc.register(online)[0m
[92m2022-06-19 14:40:38 I/Net 1284994403: Server time updated, serverTime: 1655620838, diff: 0ms=0.0s[0m
[0m2022-06-19 14:40:38 V/Net 1284994403: Recv: StatSvc.register[0m
[0m2022-06-19 14:40:38 V/Net 1284994403: Loading BdhSession from cache file[0m
[92m2022-06-19 14:40:38 I/Net 1284994403: Syncing friend message history...[0m
[92m2022-06-19 14:40:39 I/Net 1284994403: Loaded 5 friends from local cache.[0m
[0m2022-06-19 14:40:39 V/Net 1284994403: Send: StatSvc.GetDevLoginInfo(StatSvc.GetDevLoginInfo)[0m
[92m2022-06-19 14:40:39 I/Net 1284994403: Start loading stranger list...[0m
[0m2022-06-19 14:40:39 V/Net 1284994403: Send: OidbSvc.0x496(OidbSvc.0x496)[0m
[0m2022-06-19 14:40:39 V/Net 1284994403: Send: friendlist.getFriendGroupList(friendlist.getFriendGroupList)[0m
[0m2022-06-19 14:40:39 V/Net 1284994403: Send: OidbSvc.0x5d2_0(OidbSvc.0x5d2_0)[0m
[0m2022-06-19 14:40:39 V/Net 1284994403: Recv: OidbSvc.0x5d2_0[0m
[92m2022-06-19 14:40:39 I/Net 1284994403: Successfully loaded stranger list: 0 in total[0m
[0m2022-06-19 14:40:39 V/Net 1284994403: Recv: StatSvc.GetDevLoginInfo[0m
[92m2022-06-19 14:40:39 I/Net 1284994403: No OtherClient online.[0m
[0m2022-06-19 14:40:39 V/Net 1284994403: Recv: friendlist.getFriendGroupList[0m
[0m2022-06-19 14:40:39 V/Net 1284994403: Recv: OidbSvc.0x496[0m
[92m2022-06-19 14:40:39 I/Net 1284994403: Start loading group list...[0m
[0m2022-06-19 14:40:39 V/Net 1284994403: Send: friendlist.GetTroopListReqV2(friendlist.GetTroopListReqV2)[0m
[92m2022-06-19 14:40:39 I/Net 1284994403: Syncing friend message history: Success.[0m
[0m2022-06-19 14:40:39 V/Net 1284994403: Recv: friendlist.GetTroopListReqV2[0m
[0m2022-06-19 14:40:39 V/Net 1284994403: Send: friendlist.GetTroopMemberListReq(friendlist.GetTroopMemberListReq)[0m
[0m2022-06-19 14:40:40 V/Net 1284994403: Recv: friendlist.GetTroopMemberListReq[0m
[92m2022-06-19 14:40:40 I/Net 1284994403: Successfully loaded group list: 1 in total.[0m
[92m2022-06-19 14:40:40 I/Net 1284994403: Saved 1 groups to local cache.[0m
[92m2022-06-19 14:40:40 I/Net 1284994403: Scheduled refresh login session in 19d 23h 55min 0.0s.[0m
[92m2022-06-19 14:40:40 I/Net 1284994403: Scheduled key refresh in 23h 55min 0.0s.[0m
[92m2022-06-19 14:40:41 I/Net 1284994403: Server list: 180.101.246.123:14000, 123.151.54.38:80, 113.96.18.253:8080, 42.81.192.141:8080, 117.62.243.213:80, msfwifi.3g.qq.com:8080, 183.47.102.62:443, 183.47.102.254:443, 42.81.192.158:80.[0m
[0m2022-06-19 14:40:41 V/Net 1284994403: Saving bdh session to cache[0m
[0m2022-06-19 14:40:41 V/Net 1284994403: Saving server list to cache[0m
[0m2022-06-19 14:40:41 V/Net 1284994403: Send: ConfigPushSvc.PushResp(ConfigPushSvc.PushResp)[0m
[0m2022-06-19 14:40:41 V/Net 1284994403: Recv: ConfigPushSvc.PushReq[0m
[0m2022-06-19 14:40:42 V/Net 1284994403: Saving bdh session to cache[0m
[0m2022-06-19 14:40:42 V/Net 1284994403: Send: ConfigPushSvc.PushResp(ConfigPushSvc.PushResp)[0m
[0m2022-06-19 14:40:42 V/Net 1284994403: Recv: ConfigPushSvc.PushReq[0m
[0m2022-06-19 14:41:44 V/Net 1284994403: Send: MessageSvc.PbSendMsg(MessageSvc.PbSendMsg)[0m
[0m2022-06-19 14:41:49 V/Net 1284994403: Send: MessageSvc.PbSendMsg(MessageSvc.PbSendMsg)[0m
[0m2022-06-19 14:41:49 V/Net 1284994403: Send: MessageSvc.PbSendMsg(MessageSvc.PbSendMsg)[0m
[0m2022-06-19 14:41:54 V/Net 1284994403: Send: MessageSvc.PbSendMsg(MessageSvc.PbSendMsg)[0m
[0m2022-06-19 14:41:56 V/Net 1284994403: Recv: MessageSvc.PbSendMsg[0m
[0m2022-06-19 14:41:56 V/Net 1284994403: Recv: MessageSvc.PbSendMsg[0m
[0m2022-06-19 14:41:56 V/Net 1284994403: Recv: MessageSvc.PbSendMsg[0m
[0m2022-06-19 14:41:56 V/Net 1284994403: Recv: MessageSvc.PbSendMsg[0m
[0m2022-06-19 14:41:56 V/Net 1284994403: Send: MessageSvc.PbSendMsg(MessageSvc.PbSendMsg)[0m
[0m2022-06-19 14:41:56 V/Net 1284994403: Recv: MessageSvc.PbSendMsg[0m
[0m2022-06-19 14:42:20 V/Net 1284994403: Send: MessageSvc.PbSendMsg(MessageSvc.PbSendMsg)[0m
[0m2022-06-19 14:42:20 V/Net 1284994403: Recv: MessageSvc.PbSendMsg[0m
[0m2022-06-19 14:44:18 V/Net 1284994403: Send: MessageSvc.PbSendMsg(MessageSvc.PbSendMsg)[0m
[0m2022-06-19 14:44:18 V/Net 1284994403: Recv: MessageSvc.PbSendMsg[0m
[0m2022-06-19 14:44:38 V/Net 1284994403: Send: MessageSvc.PbSendMsg(MessageSvc.PbSendMsg)[0m
[0m2022-06-19 14:44:39 V/Net 1284994403: Recv: MessageSvc.PbSendMsg[0m
[0m2022-06-19 14:44:58 V/Net 1284994403: Send: MessageSvc.PbSendMsg(MessageSvc.PbSendMsg)[0m
[0m2022-06-19 14:44:58 V/Net 1284994403: Recv: MessageSvc.PbSendMsg[0m
[0m2022-06-19 14:45:10 V/Net 1284994403: Send: StatSvc.register(online)[0m
[92m2022-06-19 14:45:10 I/Net 1284994403: Server time updated, serverTime: 1655621109, diff: -1ms=-0.001s[0m
[0m2022-06-19 14:45:10 V/Net 1284994403: Recv: StatSvc.register[0m
[0m2022-06-19 14:45:51 V/Net 1284994403: Send: MessageSvc.PbSendMsg(MessageSvc.PbSendMsg)[0m
[0m2022-06-19 14:45:51 V/Net 1284994403: Recv: MessageSvc.PbSendMsg[0m
[0m2022-06-19 14:46:08 V/Net 1284994403: Send: ImgStore.GroupPicUp(ImgStore.GroupPicUp)[0m
[0m2022-06-19 14:46:08 V/Net 1284994403: Recv: ImgStore.GroupPicUp[0m
[0m2022-06-19 14:46:08 V/Net 1284994403: Send: MessageSvc.PbSendMsg(MessageSvc.PbSendMsg)[0m
[0m2022-06-19 14:46:09 V/Net 1284994403: Recv: MessageSvc.PbSendMsg[0m
[0m2022-06-19 14:47:53 V/Net 1284994403: Send: MessageSvc.PbSendMsg(MessageSvc.PbSendMsg)[0m
[0m2022-06-19 14:47:53 V/Net 1284994403: Recv: MessageSvc.PbSendMsg[0m
[0m2022-06-19 14:48:37 V/Net 1284994403: Send: MessageSvc.PbSendMsg(MessageSvc.PbSendMsg)[0m
[0m2022-06-19 14:48:38 V/Net 1284994403: Recv: MessageSvc.PbSendMsg[0m
[0m2022-06-19 14:49:03 V/Net 1284994403: Send: ImgStore.GroupPicUp(ImgStore.GroupPicUp)[0m
[0m2022-06-19 14:49:04 V/Net 1284994403: Recv: ImgStore.GroupPicUp[0m
[0m2022-06-19 14:49:04 V/Net 1284994403: [Highway] Uploading group image to 42.81.184.140:14000, size=936.14 KiB[0m
[0m2022-06-19 14:49:09 V/Net 1284994403: [Highway] Uploading group image: succeed at 189 KiB/s[0m
[0m2022-06-19 14:49:09 V/Net 1284994403: Send: MessageSvc.PbSendMsg(MessageSvc.PbSendMsg)[0m
[0m2022-06-19 14:49:09 V/Net 1284994403: Recv: MessageSvc.PbSendMsg[0m
[0m2022-06-19 14:49:33 V/Net 1284994403: Send: ImgStore.GroupPicUp(ImgStore.GroupPicUp)[0m
[0m2022-06-19 14:49:34 V/Net 1284994403: Recv: ImgStore.GroupPicUp[0m
[0m2022-06-19 14:49:34 V/Net 1284994403: [Highway] Uploading group image to 42.81.184.140:14000, size=58.62 KiB[0m
[0m2022-06-19 14:49:34 V/Net 1284994403: [Highway] Uploading group image: succeed at 131 KiB/s[0m
[0m2022-06-19 14:49:34 V/Net 1284994403: Send: MessageSvc.PbSendMsg(MessageSvc.PbSendMsg)[0m
[0m2022-06-19 14:49:35 V/Net 1284994403: Recv: MessageSvc.PbSendMsg[0m
[0m2022-06-19 14:49:40 V/Net 1284994403: Send: StatSvc.register(online)[0m
[92m2022-06-19 14:49:40 I/Net 1284994403: Server time updated, serverTime: 1655621379, diff: -1ms=-0.001s[0m
[0m2022-06-19 14:49:40 V/Net 1284994403: Recv: StatSvc.register[0m
[0m2022-06-19 14:49:56 V/Net 1284994403: Send: MessageSvc.PbSendMsg(MessageSvc.PbSendMsg)[0m
[0m2022-06-19 14:49:56 V/Net 1284994403: Recv: MessageSvc.PbSendMsg[0m
[0m2022-06-19 14:50:16 V/Net 1284994403: Send: MessageSvc.PbSendMsg(MessageSvc.PbSendMsg)[0m
[0m2022-06-19 14:50:16 V/Net 1284994403: Recv: MessageSvc.PbSendMsg[0m
[0m2022-06-19 14:54:12 V/Net 1284994403: Loading server list from cache.[0m
[92m2022-06-19 14:54:12 I/Net 1284994403: Server list: 180.101.246.123:14000, 123.151.54.38:80, 113.96.18.253:8080, 42.81.192.141:8080, 117.62.243.213:80, msfwifi.3g.qq.com:8080, 183.47.102.62:443, 183.47.102.254:443, 42.81.192.158:80.[0m
[92m2022-06-19 14:54:13 I/Net 1284994403: ECDH key is valid.[0m
[0m2022-06-19 14:54:14 V/Net 1284994403: Send: wtlogin.exchange_emp[0m
[0m2022-06-19 14:54:14 V/Net 1284994403: Recv: wtlogin.exchange_emp[0m
[0m2022-06-19 14:54:14 V/Net 1284994403: Send: StatSvc.register(online)[0m
[92m2022-06-19 14:54:14 I/Net 1284994403: Server time updated, serverTime: 1655621653, diff: -1ms=-0.001s[0m
[0m2022-06-19 14:54:14 V/Net 1284994403: Recv: StatSvc.register[0m
[0m2022-06-19 14:54:14 V/Net 1284994403: Loading BdhSession from cache file[0m
[92m2022-06-19 14:54:14 I/Net 1284994403: Syncing friend message history...[0m
[92m2022-06-19 14:54:14 I/Net 1284994403: Start loading stranger list...[0m
[92m2022-06-19 14:54:14 I/Net 1284994403: Loaded 5 friends from local cache.[0m
[0m2022-06-19 14:54:14 V/Net 1284994403: Send: StatSvc.GetDevLoginInfo(StatSvc.GetDevLoginInfo)[0m
[0m2022-06-19 14:54:14 V/Net 1284994403: Send: OidbSvc.0x496(OidbSvc.0x496)[0m
[0m2022-06-19 14:54:14 V/Net 1284994403: Send: friendlist.getFriendGroupList(friendlist.getFriendGroupList)[0m
[0m2022-06-19 14:54:14 V/Net 1284994403: Send: OidbSvc.0x5d2_0(OidbSvc.0x5d2_0)[0m
[0m2022-06-19 14:54:14 V/Net 1284994403: Recv: OidbSvc.0x5d2_0[0m
[92m2022-06-19 14:54:14 I/Net 1284994403: Successfully loaded stranger list: 0 in total[0m
[0m2022-06-19 14:54:14 V/Net 1284994403: Recv: StatSvc.GetDevLoginInfo[0m
[92m2022-06-19 14:54:14 I/Net 1284994403: No OtherClient online.[0m
[0m2022-06-19 14:54:14 V/Net 1284994403: Recv: OidbSvc.0x496[0m
[92m2022-06-19 14:54:14 I/Net 1284994403: Start loading group list...[0m
[0m2022-06-19 14:54:14 V/Net 1284994403: Send: friendlist.GetTroopListReqV2(friendlist.GetTroopListReqV2)[0m
[0m2022-06-19 14:54:14 V/Net 1284994403: Recv: friendlist.getFriendGroupList[0m
[92m2022-06-19 14:54:14 I/Net 1284994403: Syncing friend message history: Success.[0m
[0m2022-06-19 14:54:14 V/Net 1284994403: Recv: friendlist.GetTroopListReqV2[0m
[92m2022-06-19 14:54:14 I/Net 1284994403: Loaded 4 members from local cache for group test (947121973)[0m
[92m2022-06-19 14:54:14 I/Net 1284994403: Successfully loaded group list: 1 in total.[0m
[92m2022-06-19 14:54:14 I/Net 1284994403: Scheduled refresh login session in 19d 23h 55min 0.0s.[0m
[92m2022-06-19 14:54:14 I/Net 1284994403: Scheduled key refresh in 23h 55min 0.0s.[0m
[0m2022-06-19 14:54:17 V/Net 1284994403: Saving bdh session to cache[0m
[0m2022-06-19 14:54:17 V/Net 1284994403: Send: ConfigPushSvc.PushResp(ConfigPushSvc.PushResp)[0m
[0m2022-06-19 14:54:17 V/Net 1284994403: Recv: ConfigPushSvc.PushReq[0m
[0m2022-06-19 14:54:30 V/Net 1284994403: Send: MessageSvc.PbSendMsg(MessageSvc.PbSendMsg)[0m
[0m2022-06-19 14:54:30 V/Net 1284994403: Recv: MessageSvc.PbSendMsg[0m
[0m2022-06-19 14:56:26 V/Net 1284994403: Loading server list from cache.[0m
[92m2022-06-19 14:56:26 I/Net 1284994403: Server list: 180.101.246.123:14000, 123.151.54.38:80, 113.96.18.253:8080, 42.81.192.141:8080, 117.62.243.213:80, msfwifi.3g.qq.com:8080, 183.47.102.62:443, 183.47.102.254:443, 42.81.192.158:80.[0m
[92m2022-06-19 14:56:27 I/Net 1284994403: ECDH key is valid.[0m
[0m2022-06-19 14:56:27 V/Net 1284994403: Send: wtlogin.exchange_emp[0m
[0m2022-06-19 14:56:27 V/Net 1284994403: Recv: wtlogin.exchange_emp[0m
[0m2022-06-19 14:56:27 V/Net 1284994403: Send: StatSvc.register(online)[0m
[92m2022-06-19 14:56:27 I/Net 1284994403: Server time updated, serverTime: 1655621787, diff: 0ms=0.0s[0m
[0m2022-06-19 14:56:27 V/Net 1284994403: Recv: StatSvc.register[0m
[0m2022-06-19 14:56:27 V/Net 1284994403: Loading BdhSession from cache file[0m
[92m2022-06-19 14:56:27 I/Net 1284994403: Syncing friend message history...[0m
[92m2022-06-19 14:56:27 I/Net 1284994403: Start loading stranger list...[0m
[92m2022-06-19 14:56:27 I/Net 1284994403: Loaded 5 friends from local cache.[0m
[0m2022-06-19 14:56:27 V/Net 1284994403: Send: StatSvc.GetDevLoginInfo(StatSvc.GetDevLoginInfo)[0m
[0m2022-06-19 14:56:27 V/Net 1284994403: Send: OidbSvc.0x496(OidbSvc.0x496)[0m
[0m2022-06-19 14:56:27 V/Net 1284994403: Send: friendlist.getFriendGroupList(friendlist.getFriendGroupList)[0m
[0m2022-06-19 14:56:27 V/Net 1284994403: Send: OidbSvc.0x5d2_0(OidbSvc.0x5d2_0)[0m
[92m2022-06-19 14:56:27 I/Net 1284994403: Successfully loaded stranger list: 0 in total[0m
[0m2022-06-19 14:56:27 V/Net 1284994403: Recv: OidbSvc.0x5d2_0[0m
[0m2022-06-19 14:56:27 V/Net 1284994403: Recv: StatSvc.GetDevLoginInfo[0m
[92m2022-06-19 14:56:27 I/Net 1284994403: No OtherClient online.[0m
[0m2022-06-19 14:56:27 V/Net 1284994403: Recv: OidbSvc.0x496[0m
[92m2022-06-19 14:56:27 I/Net 1284994403: Start loading group list...[0m
[0m2022-06-19 14:56:27 V/Net 1284994403: Send: friendlist.GetTroopListReqV2(friendlist.GetTroopListReqV2)[0m
[0m2022-06-19 14:56:27 V/Net 1284994403: Recv: friendlist.getFriendGroupList[0m
[92m2022-06-19 14:56:27 I/Net 1284994403: Syncing friend message history: Success.[0m
[0m2022-06-19 14:56:28 V/Net 1284994403: Recv: friendlist.GetTroopListReqV2[0m
[92m2022-06-19 14:56:28 I/Net 1284994403: Loaded 4 members from local cache for group test (947121973)[0m
[92m2022-06-19 14:56:28 I/Net 1284994403: Successfully loaded group list: 1 in total.[0m
[92m2022-06-19 14:56:28 I/Net 1284994403: Scheduled key refresh in 23h 55min 0.0s.[0m
[92m2022-06-19 14:56:28 I/Net 1284994403: Scheduled refresh login session in 19d 23h 55min 0.0s.[0m
[0m2022-06-19 14:56:30 V/Net 1284994403: Saving bdh session to cache[0m
[0m2022-06-19 14:56:30 V/Net 1284994403: Send: ConfigPushSvc.PushResp(ConfigPushSvc.PushResp)[0m
[0m2022-06-19 14:56:30 V/Net 1284994403: Recv: ConfigPushSvc.PushReq[0m
[0m2022-06-19 14:56:48 V/Net 1284994403: Send: ImgStore.GroupPicUp(ImgStore.GroupPicUp)[0m
[0m2022-06-19 14:56:49 V/Net 1284994403: Recv: ImgStore.GroupPicUp[0m
[0m2022-06-19 14:56:49 V/Net 1284994403: [Highway] Uploading group image to 42.81.193.229:14000, size=330.58 KiB[0m
[0m2022-06-19 14:56:50 V/Net 1284994403: [Highway] Uploading group image: succeed at 313 KiB/s[0m
[0m2022-06-19 14:56:50 V/Net 1284994403: Send: MessageSvc.PbSendMsg(MessageSvc.PbSendMsg)[0m
[0m2022-06-19 14:56:50 V/Net 1284994403: Recv: MessageSvc.PbSendMsg[0m
[0m2022-06-19 14:58:06 V/Net 1284994403: Send: MessageSvc.PbSendMsg(MessageSvc.PbSendMsg)[0m
[0m2022-06-19 14:58:06 V/Net 1284994403: Recv: MessageSvc.PbSendMsg[0m
[0m2022-06-19 14:58:21 V/Net 1284994403: Send: ImgStore.GroupPicUp(ImgStore.GroupPicUp)[0m
[0m2022-06-19 14:58:21 V/Net 1284994403: Recv: ImgStore.GroupPicUp[0m
[0m2022-06-19 14:58:21 V/Net 1284994403: [Highway] Uploading group image to 42.81.193.229:14000, size=12.43 KiB[0m
[0m2022-06-19 14:58:21 V/Net 1284994403: [Highway] Uploading group image: succeed at 62 KiB/s[0m
[0m2022-06-19 14:58:21 V/Net 1284994403: Send: MessageSvc.PbSendMsg(MessageSvc.PbSendMsg)[0m
[0m2022-06-19 14:58:21 V/Net 1284994403: Recv: MessageSvc.PbSendMsg[0m
[0m2022-06-19 14:58:38 V/Net 1284994403: Send: ImgStore.GroupPicUp(ImgStore.GroupPicUp)[0m
[0m2022-06-19 14:58:38 V/Net 1284994403: Recv: ImgStore.GroupPicUp[0m
[0m2022-06-19 14:58:38 V/Net 1284994403: Send: MessageSvc.PbSendMsg(MessageSvc.PbSendMsg)[0m
[0m2022-06-19 14:58:38 V/Net 1284994403: Recv: MessageSvc.PbSendMsg[0m
[0m2022-06-19 15:00:47 V/Net 1284994403: Send: ImgStore.GroupPicUp(ImgStore.GroupPicUp)[0m
[0m2022-06-19 15:00:47 V/Net 1284994403: Recv: ImgStore.GroupPicUp[0m
[0m2022-06-19 15:00:47 V/Net 1284994403: [Highway] Uploading group image to 42.81.193.229:14000, size=182.83 KiB[0m
[0m2022-06-19 15:00:48 V/Net 1284994403: [Highway] Uploading group image: succeed at 284 KiB/s[0m
[0m2022-06-19 15:00:48 V/Net 1284994403: Send: MessageSvc.PbSendMsg(MessageSvc.PbSendMsg)[0m
[0m2022-06-19 15:00:48 V/Net 1284994403: Recv: MessageSvc.PbSendMsg[0m
[0m2022-06-19 15:00:58 V/Net 1284994403: Send: StatSvc.register(online)[0m
[92m2022-06-19 15:00:58 I/Net 1284994403: Server time updated, serverTime: 1655622057, diff: -1ms=-0.001s[0m
[0m2022-06-19 15:00:58 V/Net 1284994403: Recv: StatSvc.register[0m
[0m2022-06-19 15:01:12 V/Net 1284994403: Send: MessageSvc.PbSendMsg(MessageSvc.PbSendMsg)[0m
[0m2022-06-19 15:01:12 V/Net 1284994403: Recv: MessageSvc.PbSendMsg[0m
[0m2022-06-19 15:01:24 V/Net 1284994403: Send: MessageSvc.PbSendMsg(MessageSvc.PbSendMsg)[0m
[0m2022-06-19 15:01:25 V/Net 1284994403: Recv: MessageSvc.PbSendMsg[0m
[0m2022-06-19 15:01:30 V/Net 1284994403: Send: MessageSvc.PbSendMsg(MessageSvc.PbSendMsg)[0m
[0m2022-06-19 15:01:30 V/Net 1284994403: Recv: MessageSvc.PbSendMsg[0m
[0m2022-06-19 15:01:34 V/Net 1284994403: Send: MessageSvc.PbSendMsg(MessageSvc.PbSendMsg)[0m
[0m2022-06-19 15:01:35 V/Net 1284994403: Recv: MessageSvc.PbSendMsg[0m
[0m2022-06-19 15:01:44 V/Net 1284994403: Send: MessageSvc.PbSendMsg(MessageSvc.PbSendMsg)[0m
[0m2022-06-19 15:01:45 V/Net 1284994403: Recv: MessageSvc.PbSendMsg[0m
[0m2022-06-19 15:01:53 V/Net 1284994403: Send: MessageSvc.PbSendMsg(MessageSvc.PbSendMsg)[0m
[0m2022-06-19 15:01:54 V/Net 1284994403: Recv: MessageSvc.PbSendMsg[0m
[0m2022-06-19 15:01:58 V/Net 1284994403: Send: MessageSvc.PbSendMsg(MessageSvc.PbSendMsg)[0m
[0m2022-06-19 15:01:58 V/Net 1284994403: Recv: MessageSvc.PbSendMsg[0m
[0m2022-06-19 15:05:28 V/Net 1284994403: Send: StatSvc.register(online)[0m
[92m2022-06-19 15:05:28 I/Net 1284994403: Server time updated, serverTime: 1655622327, diff: -1ms=-0.001s[0m
[0m2022-06-19 15:05:28 V/Net 1284994403: Recv: StatSvc.register[0m
[0m2022-06-19 15:05:29 V/Net 1284994403: Send: MessageSvc.PbSendMsg(MessageSvc.PbSendMsg)[0m
[0m2022-06-19 15:05:29 V/Net 1284994403: Recv: MessageSvc.PbSendMsg[0m
[0m2022-06-19 15:06:05 V/Net 1284994403: Send: ImgStore.GroupPicUp(ImgStore.GroupPicUp)[0m
[0m2022-06-19 15:06:05 V/Net 1284994403: Recv: ImgStore.GroupPicUp[0m
[0m2022-06-19 15:06:05 V/Net 1284994403: [Highway] Uploading group image to 42.81.193.229:14000, size=516.99 KiB[0m
[0m2022-06-19 15:06:07 V/Net 1284994403: [Highway] Uploading group image: succeed at 407 KiB/s[0m
[0m2022-06-19 15:06:07 V/Net 1284994403: Send: MessageSvc.PbSendMsg(MessageSvc.PbSendMsg)[0m
[0m2022-06-19 15:06:07 V/Net 1284994403: Recv: MessageSvc.PbSendMsg[0m
[0m2022-06-19 15:06:19 V/Net 1284994403: Send: ImgStore.GroupPicUp(ImgStore.GroupPicUp)[0m
[0m2022-06-19 15:06:19 V/Net 1284994403: Recv: ImgStore.GroupPicUp[0m
[0m2022-06-19 15:06:19 V/Net 1284994403: [Highway] Uploading group image to 42.81.193.229:14000, size=3096.64 KiB[0m
[0m2022-06-19 15:06:22 V/Net 1284994403: [Highway] Uploading group image: succeed at 939 KiB/s[0m
[0m2022-06-19 15:06:22 V/Net 1284994403: Send: MessageSvc.PbSendMsg(MessageSvc.PbSendMsg)[0m
[0m2022-06-19 15:06:23 V/Net 1284994403: Recv: MessageSvc.PbSendMsg[0m
[0m2022-06-19 15:07:08 V/Net 1284994403: Send: ImgStore.GroupPicUp(ImgStore.GroupPicUp)[0m
[0m2022-06-19 15:07:08 V/Net 1284994403: Recv: ImgStore.GroupPicUp[0m
[0m2022-06-19 15:07:08 V/Net 1284994403: Send: MessageSvc.PbSendMsg(MessageSvc.PbSendMsg)[0m
[0m2022-06-19 15:07:09 V/Net 1284994403: Recv: MessageSvc.PbSendMsg[0m
[0m2022-06-19 15:07:35 V/Net 1284994403: Send: MessageSvc.PbSendMsg(MessageSvc.PbSendMsg)[0m
[0m2022-06-19 15:07:35 V/Net 1284994403: Recv: MessageSvc.PbSendMsg[0m
[0m2022-06-19 15:07:49 V/Net 1284994403: Send: MessageSvc.PbSendMsg(MessageSvc.PbSendMsg)[0m
[0m2022-06-19 15:07:49 V/Net 1284994403: Recv: MessageSvc.PbSendMsg[0m
[0m2022-06-19 15:08:23 V/Net 1284994403: Send: MessageSvc.PbSendMsg(MessageSvc.PbSendMsg)[0m
[0m2022-06-19 15:08:24 V/Net 1284994403: Recv: MessageSvc.PbSendMsg[0m
[0m2022-06-19 15:09:10 V/Net 1284994403: Send: MessageSvc.PbSendMsg(MessageSvc.PbSendMsg)[0m
[0m2022-06-19 15:09:10 V/Net 1284994403: Recv: MessageSvc.PbSendMsg[0m
[0m2022-06-19 15:09:33 V/Net 1284994403: Send: MessageSvc.PbSendMsg(MessageSvc.PbSendMsg)[0m
[0m2022-06-19 15:09:34 V/Net 1284994403: Recv: MessageSvc.PbSendMsg[0m
[0m2022-06-19 15:09:42 V/Net 1284994403: Send: MessageSvc.PbSendMsg(MessageSvc.PbSendMsg)[0m
[0m2022-06-19 15:09:42 V/Net 1284994403: Recv: MessageSvc.PbSendMsg[0m
[0m2022-06-19 15:09:58 V/Net 1284994403: Send: StatSvc.register(online)[0m
[92m2022-06-19 15:09:58 I/Net 1284994403: Server time updated, serverTime: 1655622597, diff: -1ms=-0.001s[0m
[0m2022-06-19 15:09:58 V/Net 1284994403: Recv: StatSvc.register[0m
[0m2022-06-19 15:10:05 V/Net 1284994403: Send: MessageSvc.PbSendMsg(MessageSvc.PbSendMsg)[0m
[0m2022-06-19 15:10:05 V/Net 1284994403: Recv: MessageSvc.PbSendMsg[0m
[0m2022-06-19 15:10:47 V/Net 1284994403: Send: MessageSvc.PbSendMsg(MessageSvc.PbSendMsg)[0m
[0m2022-06-19 15:10:47 V/Net 1284994403: Recv: MessageSvc.PbSendMsg[0m
[0m2022-06-19 15:14:28 V/Net 1284994403: Send: StatSvc.register(online)[0m
[92m2022-06-19 15:14:28 I/Net 1284994403: Server time updated, serverTime: 1655622867, diff: -1ms=-0.001s[0m
[0m2022-06-19 15:14:28 V/Net 1284994403: Recv: StatSvc.register[0m
[0m2022-06-19 15:15:09 V/Net 1284994403: Send: MessageSvc.PbSendMsg(MessageSvc.PbSendMsg)[0m
[0m2022-06-19 15:15:09 V/Net 1284994403: Recv: MessageSvc.PbSendMsg[0m
[0m2022-06-19 15:16:56 V/Net 1284994403: Send: MessageSvc.PbSendMsg(MessageSvc.PbSendMsg)[0m
[0m2022-06-19 15:16:56 V/Net 1284994403: Recv: MessageSvc.PbSendMsg[0m
[0m2022-06-19 15:17:18 V/Net 1284994403: Send: ImgStore.GroupPicUp(ImgStore.GroupPicUp)[0m
[0m2022-06-19 15:17:19 V/Net 1284994403: Recv: ImgStore.GroupPicUp[0m
[0m2022-06-19 15:17:19 V/Net 1284994403: [Highway] Uploading group image to 42.81.193.229:14000, size=873 B[0m
[0m2022-06-19 15:17:19 V/Net 1284994403: [Highway] Uploading group image: succeed at 2 KiB/s[0m
[0m2022-06-19 15:17:19 V/Net 1284994403: Send: MessageSvc.PbSendMsg(MessageSvc.PbSendMsg)[0m
[0m2022-06-19 15:17:20 V/Net 1284994403: Recv: MessageSvc.PbSendMsg[0m
[0m2022-06-19 15:18:58 V/Net 1284994403: Send: StatSvc.register(online)[0m
[92m2022-06-19 15:18:58 I/Net 1284994403: Server time updated, serverTime: 1655623137, diff: -1ms=-0.001s[0m
[0m2022-06-19 15:18:58 V/Net 1284994403: Recv: StatSvc.register[0m
[0m2022-06-19 15:19:27 V/Net 1284994403: Send: ImgStore.GroupPicUp(ImgStore.GroupPicUp)[0m
[0m2022-06-19 15:19:27 V/Net 1284994403: Recv: ImgStore.GroupPicUp[0m
[0m2022-06-19 15:19:27 V/Net 1284994403: Send: MessageSvc.PbSendMsg(MessageSvc.PbSendMsg)[0m
[0m2022-06-19 15:19:27 V/Net 1284994403: Recv: MessageSvc.PbSendMsg[0m
[0m2022-06-19 15:19:57 V/Net 1284994403: Send: MessageSvc.PbSendMsg(MessageSvc.PbSendMsg)[0m
[0m2022-06-19 15:19:57 V/Net 1284994403: Recv: MessageSvc.PbSendMsg[0m
[0m2022-06-19 15:20:09 V/Net 1284994403: Send: MessageSvc.PbSendMsg(MessageSvc.PbSendMsg)[0m
[0m2022-06-19 15:20:09 V/Net 1284994403: Recv: MessageSvc.PbSendMsg[0m
[0m2022-06-19 15:20:23 V/Net 1284994403: Send: MessageSvc.PbSendMsg(MessageSvc.PbSendMsg)[0m
[0m2022-06-19 15:20:23 V/Net 1284994403: Recv: MessageSvc.PbSendMsg[0m
[0m2022-06-19 15:21:06 V/Net 1284994403: Send: MessageSvc.PbSendMsg(MessageSvc.PbSendMsg)[0m
[0m2022-06-19 15:21:06 V/Net 1284994403: Recv: MessageSvc.PbSendMsg[0m
[0m2022-06-19 15:21:23 V/Net 1284994403: Send: MessageSvc.PbSendMsg(MessageSvc.PbSendMsg)[0m
[0m2022-06-19 15:21:24 V/Net 1284994403: Recv: MessageSvc.PbSendMsg[0m
[0m2022-06-19 15:21:48 V/Net 1284994403: Send: MessageSvc.PbSendMsg(MessageSvc.PbSendMsg)[0m
[0m2022-06-19 15:21:48 V/Net 1284994403: Recv: MessageSvc.PbSendMsg[0m
[0m2022-06-19 15:22:06 V/Net 1284994403: Send: MessageSvc.PbSendMsg(MessageSvc.PbSendMsg)[0m
[0m2022-06-19 15:22:06 V/Net 1284994403: Recv: MessageSvc.PbSendMsg[0m
[0m2022-06-19 15:22:25 V/Net 1284994403: Send: ImgStore.GroupPicUp(ImgStore.GroupPicUp)[0m
[0m2022-06-19 15:22:25 V/Net 1284994403: Recv: ImgStore.GroupPicUp[0m
[0m2022-06-19 15:22:25 V/Net 1284994403: [Highway] Uploading group image to 42.81.193.229:14000, size=448.9 KiB[0m
[0m2022-06-19 15:22:27 V/Net 1284994403: [Highway] Uploading group image: succeed at 194 KiB/s[0m
[0m2022-06-19 15:22:27 V/Net 1284994403: Send: MessageSvc.PbSendMsg(MessageSvc.PbSendMsg)[0m
[0m2022-06-19 15:22:27 V/Net 1284994403: Recv: MessageSvc.PbSendMsg[0m
[0m2022-06-19 15:22:29 V/Net 1284994403: Send: MessageSvc.PbSendMsg(MessageSvc.PbSendMsg)[0m
[0m2022-06-19 15:22:29 V/Net 1284994403: Recv: MessageSvc.PbSendMsg[0m
[0m2022-06-19 15:23:28 V/Net 1284994403: Send: StatSvc.register(online)[0m
[92m2022-06-19 15:23:28 I/Net 1284994403: Server time updated, serverTime: 1655623407, diff: -1ms=-0.001s[0m
[0m2022-06-19 15:23:28 V/Net 1284994403: Recv: StatSvc.register[0m
[0m2022-06-19 15:23:45 V/Net 1284994403: Send: MessageSvc.PbSendMsg(MessageSvc.PbSendMsg)[0m
[0m2022-06-19 15:23:45 V/Net 1284994403: Recv: MessageSvc.PbSendMsg[0m
[0m2022-06-19 15:27:58 V/Net 1284994403: Send: StatSvc.register(online)[0m
[92m2022-06-19 15:27:58 I/Net 1284994403: Server time updated, serverTime: 1655623677, diff: -1ms=-0.001s[0m
[0m2022-06-19 15:27:58 V/Net 1284994403: Recv: StatSvc.register[0m
[0m2022-06-19 15:32:28 V/Net 1284994403: Send: StatSvc.register(online)[0m
[92m2022-06-19 15:32:28 I/Net 1284994403: Server time updated, serverTime: 1655623948, diff: 0ms=0.0s[0m
[0m2022-06-19 15:32:28 V/Net 1284994403: Recv: StatSvc.register[0m
[0m2022-06-19 15:36:58 V/Net 1284994403: Send: StatSvc.register(online)[0m
[92m2022-06-19 15:36:58 I/Net 1284994403: Server time updated, serverTime: 1655624218, diff: 0ms=0.0s[0m
[0m2022-06-19 15:36:58 V/Net 1284994403: Recv: StatSvc.register[0m
[0m2022-06-19 15:41:28 V/Net 1284994403: Send: StatSvc.register(online)[0m
[92m2022-06-19 15:41:28 I/Net 1284994403: Server time updated, serverTime: 1655624488, diff: 0ms=0.0s[0m
[0m2022-06-19 15:41:28 V/Net 1284994403: Recv: StatSvc.register[0m
[0m2022-06-19 15:45:58 V/Net 1284994403: Send: StatSvc.register(online)[0m
[92m2022-06-19 15:45:58 I/Net 1284994403: Server time updated, serverTime: 1655624758, diff: 0ms=0.0s[0m
[0m2022-06-19 15:45:58 V/Net 1284994403: Recv: StatSvc.register[0m
[0m2022-06-19 15:50:28 V/Net 1284994403: Send: StatSvc.register(online)[0m
[92m2022-06-19 15:50:28 I/Net 1284994403: Server time updated, serverTime: 1655625028, diff: 0ms=0.0s[0m
[0m2022-06-19 15:50:28 V/Net 1284994403: Recv: StatSvc.register[0m
[0m2022-06-19 15:54:58 V/Net 1284994403: Send: StatSvc.register(online)[0m
[92m2022-06-19 15:54:59 I/Net 1284994403: Server time updated, serverTime: 1655625298, diff: -1ms=-0.001s[0m
[0m2022-06-19 15:54:59 V/Net 1284994403: Recv: StatSvc.register[0m
[91m2022-06-19 15:55:27 W/Net 1284994403: net.mamoe.mirai.internal.network.impl.netty.ForceOfflineException: 你的QQ号于15:55在【Redmi...0i 5G】设备登录，当前设备已下线。如果这不是你本人操作，那么你的QQ密码可能已经泄露，请尽快重新登录并修改密码。
net.mamoe.mirai.internal.network.impl.netty.ForceOfflineException: 你的QQ号于15:55在【Redmi...0i 5G】设备登录，当前设备已下线。如果这不是你本人操作，那么你的QQ密码可能已经泄露，请尽快重新登录并修改密码。
	at net.mamoe.mirai.internal.network.protocol.packet.chat.receive.MessageSvcPushForceOffline.handle(MessageSvc.PushForceOffline.kt:35)
	at net.mamoe.mirai.internal.network.protocol.packet.chat.receive.MessageSvcPushForceOffline.handle(MessageSvc.PushForceOffline.kt:25)
	at net.mamoe.mirai.internal.network.components.CallPacketFactoryPacketHandler.handlePacket(PacketHandler.kt:110)
	at net.mamoe.mirai.internal.network.components.PacketHandlerChain.handlePacket(PacketHandler.kt:42)
	at net.mamoe.mirai.internal.network.handler.NetworkHandlerSupport$collectReceived$3.invokeSuspend(NetworkHandlerSupport.kt:85)
	at net.mamoe.mirai.internal.network.handler.NetworkHandlerSupport$collectReceived$3.invoke(NetworkHandlerSupport.kt)
	at net.mamoe.mirai.internal.network.handler.NetworkHandlerSupport$collectReceived$3.invoke(NetworkHandlerSupport.kt)
	at kotlinx.coroutines.intrinsics.UndispatchedKt.startCoroutineUndispatched(Undispatched.kt:55)
	at kotlinx.coroutines.CoroutineStart.invoke(CoroutineStart.kt:112)
	at kotlinx.coroutines.AbstractCoroutine.start(AbstractCoroutine.kt:126)
	at kotlinx.coroutines.BuildersKt__Builders_commonKt.launch(Builders.common.kt:56)
	at kotlinx.coroutines.BuildersKt.launch(Unknown Source)
	at kotlinx.coroutines.BuildersKt__Builders_commonKt.launch$default(Builders.common.kt:47)
	at kotlinx.coroutines.BuildersKt.launch$default(Unknown Source)
	at net.mamoe.mirai.internal.network.handler.NetworkHandlerSupport.collectReceived$mirai_core(NetworkHandlerSupport.kt:83)
	at net.mamoe.mirai.internal.network.impl.netty.NettyNetworkHandler$PacketDecodePipeline$send$1.invokeSuspend(NettyNetworkHandler.kt:193)
	at kotlin.coroutines.jvm.internal.BaseContinuationImpl.resumeWith(ContinuationImpl.kt:33)
	at kotlinx.coroutines.DispatchedTask.run(DispatchedTask.kt:106)
	at io.netty.util.concurrent.AbstractEventExecutor.safeExecute(AbstractEventExecutor.java:164)
	at io.netty.util.concurrent.SingleThreadEventExecutor.runAllTasks(SingleThreadEventExecutor.java:472)
	at io.netty.channel.nio.NioEventLoop.run(NioEventLoop.java:500)
	at io.netty.util.concurrent.SingleThreadEventExecutor$4.run(SingleThreadEventExecutor.java:989)
	at io.netty.util.internal.ThreadExecutorMap$2.run(ThreadExecutorMap.java:74)
	at io.netty.util.concurrent.FastThreadLocalRunnable.run(FastThreadLocalRunnable.java:30)
	at java.base/java.lang.Thread.run(Thread.java:832)
[0m
[0m2022-06-19 15:55:27 V/Net 1284994403: Recv: MessageSvc.PushForceOffline[0m
[0m2022-06-19 15:55:27 V/Net 1284994403: Loading server list from cache.[0m
[92m2022-06-19 15:55:27 I/Net 1284994403: Server list: 180.101.246.123:14000, 123.151.54.38:80, 113.96.18.253:8080, 42.81.192.141:8080, 117.62.243.213:80, msfwifi.3g.qq.com:8080, 183.47.102.62:443, 183.47.102.254:443, 42.81.192.158:80.[0m
[92m2022-06-19 15:55:27 I/Net 1284994403: ECDH key is invalid, start to fetch ecdh public key from server.[0m
[92m2022-06-19 15:55:27 I/Net 1284994403: Successfully fetched ecdh public key from server.[0m
[0m2022-06-19 15:55:27 V/Net 1284994403: Send: wtlogin.login[0m
[0m2022-06-19 15:55:28 V/Net 1284994403: Recv: wtlogin.login[0m
[0m2022-06-19 15:55:28 V/Net 1284994403: Send: StatSvc.register(online)[0m
[92m2022-06-19 15:55:28 I/Net 1284994403: Server time updated, serverTime: 1655625327, diff: -1ms=-0.001s[0m
[0m2022-06-19 15:55:28 V/Net 1284994403: Recv: StatSvc.register[0m
[92m2022-06-19 15:55:28 I/Net 1284994403: Scheduled key refresh in 23h 55min 0.0s.[0m
[92m2022-06-19 15:55:28 I/Net 1284994403: Scheduled refresh login session in 19d 23h 55min 0.0s.[0m
[0m2022-06-19 15:55:30 V/Net 1284994403: Recv: MessageSvc.PushForceOffline[0m
[91m2022-06-19 15:55:30 W/Net 1284994403: net.mamoe.mirai.internal.network.impl.netty.ForceOfflineException: 你的QQ号于15:55在【Redmi...0i 5G】设备登录，当前设备已下线。如果这不是你本人操作，那么你的QQ密码可能已经泄露，请尽快重新登录并修改密码。
net.mamoe.mirai.internal.network.impl.netty.ForceOfflineException: 你的QQ号于15:55在【Redmi...0i 5G】设备登录，当前设备已下线。如果这不是你本人操作，那么你的QQ密码可能已经泄露，请尽快重新登录并修改密码。
	at net.mamoe.mirai.internal.network.protocol.packet.chat.receive.MessageSvcPushForceOffline.handle(MessageSvc.PushForceOffline.kt:35)
	at net.mamoe.mirai.internal.network.protocol.packet.chat.receive.MessageSvcPushForceOffline.handle(MessageSvc.PushForceOffline.kt:25)
	at net.mamoe.mirai.internal.network.components.CallPacketFactoryPacketHandler.handlePacket(PacketHandler.kt:110)
	at net.mamoe.mirai.internal.network.components.PacketHandlerChain.handlePacket(PacketHandler.kt:42)
	at net.mamoe.mirai.internal.network.handler.NetworkHandlerSupport$collectReceived$3.invokeSuspend(NetworkHandlerSupport.kt:85)
	at net.mamoe.mirai.internal.network.handler.NetworkHandlerSupport$collectReceived$3.invoke(NetworkHandlerSupport.kt)
	at net.mamoe.mirai.internal.network.handler.NetworkHandlerSupport$collectReceived$3.invoke(NetworkHandlerSupport.kt)
	at kotlinx.coroutines.intrinsics.UndispatchedKt.startCoroutineUndispatched(Undispatched.kt:55)
	at kotlinx.coroutines.CoroutineStart.invoke(CoroutineStart.kt:112)
	at kotlinx.coroutines.AbstractCoroutine.start(AbstractCoroutine.kt:126)
	at kotlinx.coroutines.BuildersKt__Builders_commonKt.launch(Builders.common.kt:56)
	at kotlinx.coroutines.BuildersKt.launch(Unknown Source)
	at kotlinx.coroutines.BuildersKt__Builders_commonKt.launch$default(Builders.common.kt:47)
	at kotlinx.coroutines.BuildersKt.launch$default(Unknown Source)
	at net.mamoe.mirai.internal.network.handler.NetworkHandlerSupport.collectReceived$mirai_core(NetworkHandlerSupport.kt:83)
	at net.mamoe.mirai.internal.network.impl.netty.NettyNetworkHandler$PacketDecodePipeline$send$1.invokeSuspend(NettyNetworkHandler.kt:193)
	at kotlin.coroutines.jvm.internal.BaseContinuationImpl.resumeWith(ContinuationImpl.kt:33)
	at kotlinx.coroutines.DispatchedTask.run(DispatchedTask.kt:106)
	at io.netty.util.concurrent.AbstractEventExecutor.safeExecute(AbstractEventExecutor.java:164)
	at io.netty.util.concurrent.SingleThreadEventExecutor.runAllTasks(SingleThreadEventExecutor.java:472)
	at io.netty.channel.nio.NioEventLoop.run(NioEventLoop.java:500)
	at io.netty.util.concurrent.SingleThreadEventExecutor$4.run(SingleThreadEventExecutor.java:989)
	at io.netty.util.internal.ThreadExecutorMap$2.run(ThreadExecutorMap.java:74)
	at io.netty.util.concurrent.FastThreadLocalRunnable.run(FastThreadLocalRunnable.java:30)
	at java.base/java.lang.Thread.run(Thread.java:832)
[0m
[0m2022-06-19 15:55:30 V/Net 1284994403: Loading server list from cache.[0m
[92m2022-06-19 15:55:30 I/Net 1284994403: Server list: 180.101.246.123:14000, 123.151.54.38:80, 113.96.18.253:8080, 42.81.192.141:8080, 117.62.243.213:80, msfwifi.3g.qq.com:8080, 183.47.102.62:443, 183.47.102.254:443, 42.81.192.158:80.[0m
[92m2022-06-19 15:55:30 I/Net 1284994403: ECDH key is invalid, start to fetch ecdh public key from server.[0m
[92m2022-06-19 15:55:30 I/Net 1284994403: Successfully fetched ecdh public key from server.[0m
[0m2022-06-19 15:55:30 V/Net 1284994403: Send: wtlogin.login[0m
[0m2022-06-19 15:55:30 V/Net 1284994403: Recv: wtlogin.login[0m
[0m2022-06-19 15:55:30 V/Net 1284994403: Send: StatSvc.register(online)[0m
[92m2022-06-19 15:55:30 I/Net 1284994403: Server time updated, serverTime: 1655625330, diff: 0ms=0.0s[0m
[0m2022-06-19 15:55:30 V/Net 1284994403: Recv: StatSvc.register[0m
[92m2022-06-19 15:55:30 I/Net 1284994403: Scheduled key refresh in 23h 55min 0.0s.[0m
[92m2022-06-19 15:55:30 I/Net 1284994403: Scheduled refresh login session in 19d 23h 55min 0.0s.[0m
[0m2022-06-19 15:55:31 V/Net 1284994403: Recv: MessageSvc.PushForceOffline[0m
[91m2022-06-19 15:55:31 W/Net 1284994403: net.mamoe.mirai.internal.network.impl.netty.ForceOfflineException: 你的QQ号于15:55在【Redmi...0i 5G】设备登录，当前设备已下线。如果这不是你本人操作，那么你的QQ密码可能已经泄露，请尽快重新登录并修改密码。
net.mamoe.mirai.internal.network.impl.netty.ForceOfflineException: 你的QQ号于15:55在【Redmi...0i 5G】设备登录，当前设备已下线。如果这不是你本人操作，那么你的QQ密码可能已经泄露，请尽快重新登录并修改密码。
	at net.mamoe.mirai.internal.network.protocol.packet.chat.receive.MessageSvcPushForceOffline.handle(MessageSvc.PushForceOffline.kt:35)
	at net.mamoe.mirai.internal.network.protocol.packet.chat.receive.MessageSvcPushForceOffline.handle(MessageSvc.PushForceOffline.kt:25)
	at net.mamoe.mirai.internal.network.components.CallPacketFactoryPacketHandler.handlePacket(PacketHandler.kt:110)
	at net.mamoe.mirai.internal.network.components.PacketHandlerChain.handlePacket(PacketHandler.kt:42)
	at net.mamoe.mirai.internal.network.handler.NetworkHandlerSupport$collectReceived$3.invokeSuspend(NetworkHandlerSupport.kt:85)
	at net.mamoe.mirai.internal.network.handler.NetworkHandlerSupport$collectReceived$3.invoke(NetworkHandlerSupport.kt)
	at net.mamoe.mirai.internal.network.handler.NetworkHandlerSupport$collectReceived$3.invoke(NetworkHandlerSupport.kt)
	at kotlinx.coroutines.intrinsics.UndispatchedKt.startCoroutineUndispatched(Undispatched.kt:55)
	at kotlinx.coroutines.CoroutineStart.invoke(CoroutineStart.kt:112)
	at kotlinx.coroutines.AbstractCoroutine.start(AbstractCoroutine.kt:126)
	at kotlinx.coroutines.BuildersKt__Builders_commonKt.launch(Builders.common.kt:56)
	at kotlinx.coroutines.BuildersKt.launch(Unknown Source)
	at kotlinx.coroutines.BuildersKt__Builders_commonKt.launch$default(Builders.common.kt:47)
	at kotlinx.coroutines.BuildersKt.launch$default(Unknown Source)
	at net.mamoe.mirai.internal.network.handler.NetworkHandlerSupport.collectReceived$mirai_core(NetworkHandlerSupport.kt:83)
	at net.mamoe.mirai.internal.network.impl.netty.NettyNetworkHandler$PacketDecodePipeline$send$1.invokeSuspend(NettyNetworkHandler.kt:193)
	at kotlin.coroutines.jvm.internal.BaseContinuationImpl.resumeWith(ContinuationImpl.kt:33)
	at kotlinx.coroutines.DispatchedTask.run(DispatchedTask.kt:106)
	at io.netty.util.concurrent.AbstractEventExecutor.safeExecute(AbstractEventExecutor.java:164)
	at io.netty.util.concurrent.SingleThreadEventExecutor.runAllTasks(SingleThreadEventExecutor.java:472)
	at io.netty.channel.nio.NioEventLoop.run(NioEventLoop.java:500)
	at io.netty.util.concurrent.SingleThreadEventExecutor$4.run(SingleThreadEventExecutor.java:989)
	at io.netty.util.internal.ThreadExecutorMap$2.run(ThreadExecutorMap.java:74)
	at io.netty.util.concurrent.FastThreadLocalRunnable.run(FastThreadLocalRunnable.java:30)
	at java.base/java.lang.Thread.run(Thread.java:832)
[0m
[0m2022-06-19 15:55:31 V/Net 1284994403: Loading server list from cache.[0m
[92m2022-06-19 15:55:31 I/Net 1284994403: Server list: 180.101.246.123:14000, 123.151.54.38:80, 113.96.18.253:8080, 42.81.192.141:8080, 117.62.243.213:80, msfwifi.3g.qq.com:8080, 183.47.102.62:443, 183.47.102.254:443, 42.81.192.158:80.[0m
[92m2022-06-19 15:55:31 I/Net 1284994403: ECDH key is invalid, start to fetch ecdh public key from server.[0m
[92m2022-06-19 15:55:31 I/Net 1284994403: Successfully fetched ecdh public key from server.[0m
[0m2022-06-19 15:55:31 V/Net 1284994403: Send: wtlogin.login[0m
[0m2022-06-19 15:55:31 V/Net 1284994403: Recv: wtlogin.login[0m
[0m2022-06-19 15:55:31 V/Net 1284994403: Send: StatSvc.register(online)[0m
[92m2022-06-19 15:55:31 I/Net 1284994403: Server time updated, serverTime: 1655625331, diff: 0ms=0.0s[0m
[0m2022-06-19 15:55:31 V/Net 1284994403: Recv: StatSvc.register[0m
[92m2022-06-19 15:55:31 I/Net 1284994403: Scheduled key refresh in 23h 55min 0.0s.[0m
[92m2022-06-19 15:55:31 I/Net 1284994403: Scheduled refresh login session in 19d 23h 55min 0.0s.[0m
[0m2022-06-19 15:55:34 V/Net 1284994403: Saving bdh session to cache[0m
[0m2022-06-19 15:55:34 V/Net 1284994403: Send: ConfigPushSvc.PushResp(ConfigPushSvc.PushResp)[0m
[0m2022-06-19 15:55:34 V/Net 1284994403: Recv: ConfigPushSvc.PushReq[0m
[91m2022-06-19 15:55:35 W/Net 1284994403: net.mamoe.mirai.internal.network.impl.netty.ForceOfflineException: 你的QQ号于15:55在【Redmi...0i 5G】设备登录，当前设备已下线。如果这不是你本人操作，那么你的QQ密码可能已经泄露，请尽快重新登录并修改密码。
net.mamoe.mirai.internal.network.impl.netty.ForceOfflineException: 你的QQ号于15:55在【Redmi...0i 5G】设备登录，当前设备已下线。如果这不是你本人操作，那么你的QQ密码可能已经泄露，请尽快重新登录并修改密码。
	at net.mamoe.mirai.internal.network.protocol.packet.chat.receive.MessageSvcPushForceOffline.handle(MessageSvc.PushForceOffline.kt:35)
	at net.mamoe.mirai.internal.network.protocol.packet.chat.receive.MessageSvcPushForceOffline.handle(MessageSvc.PushForceOffline.kt:25)
	at net.mamoe.mirai.internal.network.components.CallPacketFactoryPacketHandler.handlePacket(PacketHandler.kt:110)
	at net.mamoe.mirai.internal.network.components.PacketHandlerChain.handlePacket(PacketHandler.kt:42)
	at net.mamoe.mirai.internal.network.handler.NetworkHandlerSupport$collectReceived$3.invokeSuspend(NetworkHandlerSupport.kt:85)
	at net.mamoe.mirai.internal.network.handler.NetworkHandlerSupport$collectReceived$3.invoke(NetworkHandlerSupport.kt)
	at net.mamoe.mirai.internal.network.handler.NetworkHandlerSupport$collectReceived$3.invoke(NetworkHandlerSupport.kt)
	at kotlinx.coroutines.intrinsics.UndispatchedKt.startCoroutineUndispatched(Undispatched.kt:55)
	at kotlinx.coroutines.CoroutineStart.invoke(CoroutineStart.kt:112)
	at kotlinx.coroutines.AbstractCoroutine.start(AbstractCoroutine.kt:126)
	at kotlinx.coroutines.BuildersKt__Builders_commonKt.launch(Builders.common.kt:56)
	at kotlinx.coroutines.BuildersKt.launch(Unknown Source)
	at kotlinx.coroutines.BuildersKt__Builders_commonKt.launch$default(Builders.common.kt:47)
	at kotlinx.coroutines.BuildersKt.launch$default(Unknown Source)
	at net.mamoe.mirai.internal.network.handler.NetworkHandlerSupport.collectReceived$mirai_core(NetworkHandlerSupport.kt:83)
	at net.mamoe.mirai.internal.network.impl.netty.NettyNetworkHandler$PacketDecodePipeline$send$1.invokeSuspend(NettyNetworkHandler.kt:193)
	at kotlin.coroutines.jvm.internal.BaseContinuationImpl.resumeWith(ContinuationImpl.kt:33)
	at kotlinx.coroutines.DispatchedTask.run(DispatchedTask.kt:106)
	at io.netty.util.concurrent.AbstractEventExecutor.safeExecute(AbstractEventExecutor.java:164)
	at io.netty.util.concurrent.SingleThreadEventExecutor.runAllTasks(SingleThreadEventExecutor.java:472)
	at io.netty.channel.nio.NioEventLoop.run(NioEventLoop.java:500)
	at io.netty.util.concurrent.SingleThreadEventExecutor$4.run(SingleThreadEventExecutor.java:989)
	at io.netty.util.internal.ThreadExecutorMap$2.run(ThreadExecutorMap.java:74)
	at io.netty.util.concurrent.FastThreadLocalRunnable.run(FastThreadLocalRunnable.java:30)
	at java.base/java.lang.Thread.run(Thread.java:832)
[0m
[0m2022-06-19 15:55:35 V/Net 1284994403: Recv: MessageSvc.PushForceOffline[0m
[0m2022-06-19 15:55:35 V/Net 1284994403: Loading server list from cache.[0m
[92m2022-06-19 15:55:35 I/Net 1284994403: Server list: 180.101.246.123:14000, 123.151.54.38:80, 113.96.18.253:8080, 42.81.192.141:8080, 117.62.243.213:80, msfwifi.3g.qq.com:8080, 183.47.102.62:443, 183.47.102.254:443, 42.81.192.158:80.[0m
[92m2022-06-19 15:55:35 I/Net 1284994403: ECDH key is invalid, start to fetch ecdh public key from server.[0m
[92m2022-06-19 15:55:35 I/Net 1284994403: Successfully fetched ecdh public key from server.[0m
[0m2022-06-19 15:55:35 V/Net 1284994403: Send: wtlogin.login[0m
[0m2022-06-19 15:55:36 V/Net 1284994403: Recv: wtlogin.login[0m
[0m2022-06-19 15:55:36 V/Net 1284994403: Send: StatSvc.register(online)[0m
[92m2022-06-19 15:55:36 I/Net 1284994403: Server time updated, serverTime: 1655625335, diff: -1ms=-0.001s[0m
[92m2022-06-19 15:55:36 I/Net 1284994403: Scheduled key refresh in 23h 55min 0.0s.[0m
[92m2022-06-19 15:55:36 I/Net 1284994403: Scheduled refresh login session in 19d 23h 55min 0.0s.[0m
[0m2022-06-19 15:55:36 V/Net 1284994403: Recv: StatSvc.register[0m
[0m2022-06-19 15:55:39 V/Net 1284994403: Saving bdh session to cache[0m
[0m2022-06-19 15:55:39 V/Net 1284994403: Send: ConfigPushSvc.PushResp(ConfigPushSvc.PushResp)[0m
[0m2022-06-19 15:55:39 V/Net 1284994403: Recv: ConfigPushSvc.PushReq[0m
